ARM GAS  C:\Users\santa\AppData\Local\Temp\ccPmdau3.s 			page 1


   1              		.syntax unified
   2              		.cpu cortex-m3
   3              		.fpu softvfp
   4              		.eabi_attribute 20, 1
   5              		.eabi_attribute 21, 1
   6              		.eabi_attribute 23, 3
   7              		.eabi_attribute 24, 1
   8              		.eabi_attribute 25, 1
   9              		.eabi_attribute 26, 1
  10              		.eabi_attribute 30, 1
  11              		.eabi_attribute 34, 1
  12              		.eabi_attribute 18, 4
  13              		.thumb
  14              		.syntax unified
  15              		.file	"cymetadata.c"
  16              		.text
  17              	.Ltext0:
  18              		.cfi_sections	.debug_frame
  19              		.global	cy_metadata
  20              		.global	cy_meta_flashprotect
  21              		.global	cy_meta_wonvl
  22              		.global	cy_meta_custnvl
  23              		.global	cy_meta_configecc
  24              		.section	.cyconfigecc,"a",%progbits
  25              		.align	2
  26              		.type	cy_meta_configecc, %object
  27              		.size	cy_meta_configecc, 536
  28              	cy_meta_configecc:
  29 0000 03       		.byte	3
  30 0001 52       		.byte	82
  31 0002 00       		.byte	0
  32 0003 40       		.byte	64
  33 0004 01       		.byte	1
  34 0005 64       		.byte	100
  35 0006 00       		.byte	0
  36 0007 40       		.byte	64
  37 0008 02       		.byte	2
  38 0009 03       		.byte	3
  39 000a 01       		.byte	1
  40 000b 40       		.byte	64
  41 000c 01       		.byte	1
  42 000d 05       		.byte	5
  43 000e 01       		.byte	1
  44 000f 40       		.byte	64
  45 0010 02       		.byte	2
  46 0011 07       		.byte	7
  47 0012 01       		.byte	1
  48 0013 40       		.byte	64
  49 0014 01       		.byte	1
  50 0015 09       		.byte	9
  51 0016 01       		.byte	1
  52 0017 40       		.byte	64
  53 0018 33       		.byte	51
  54 0019 0A       		.byte	10
  55 001a 01       		.byte	1
  56 001b 40       		.byte	64
  57 001c 16       		.byte	22
ARM GAS  C:\Users\santa\AppData\Local\Temp\ccPmdau3.s 			page 2


  58 001d 0B       		.byte	11
  59 001e 01       		.byte	1
  60 001f 40       		.byte	64
  61 0020 28       		.byte	40
  62 0021 14       		.byte	20
  63 0022 01       		.byte	1
  64 0023 40       		.byte	64
  65 0024 23       		.byte	35
  66 0025 15       		.byte	21
  67 0026 01       		.byte	1
  68 0027 40       		.byte	64
  69 0028 01       		.byte	1
  70 0029 17       		.byte	23
  71 002a 01       		.byte	1
  72 002b 40       		.byte	64
  73 002c 01       		.byte	1
  74 002d 1B       		.byte	27
  75 002e 01       		.byte	1
  76 002f 40       		.byte	64
  77 0030 03       		.byte	3
  78 0031 40       		.byte	64
  79 0032 01       		.byte	1
  80 0033 40       		.byte	64
  81 0034 03       		.byte	3
  82 0035 41       		.byte	65
  83 0036 01       		.byte	1
  84 0037 40       		.byte	64
  85 0038 01       		.byte	1
  86 0039 42       		.byte	66
  87 003a 01       		.byte	1
  88 003b 40       		.byte	64
  89 003c 03       		.byte	3
  90 003d 43       		.byte	67
  91 003e 01       		.byte	1
  92 003f 40       		.byte	64
  93 0040 01       		.byte	1
  94 0041 48       		.byte	72
  95 0042 01       		.byte	1
  96 0043 40       		.byte	64
  97 0044 14       		.byte	20
  98 0045 49       		.byte	73
  99 0046 01       		.byte	1
 100 0047 40       		.byte	64
 101 0048 02       		.byte	2
 102 0049 4C       		.byte	76
 103 004a 01       		.byte	1
 104 004b 40       		.byte	64
 105 004c 01       		.byte	1
 106 004d 4D       		.byte	77
 107 004e 01       		.byte	1
 108 004f 40       		.byte	64
 109 0050 04       		.byte	4
 110 0051 50       		.byte	80
 111 0052 01       		.byte	1
 112 0053 40       		.byte	64
 113 0054 01       		.byte	1
 114 0055 51       		.byte	81
ARM GAS  C:\Users\santa\AppData\Local\Temp\ccPmdau3.s 			page 3


 115 0056 01       		.byte	1
 116 0057 40       		.byte	64
 117 0058 18       		.byte	24
 118 0059 A0       		.byte	-96
 119 005a 19       		.byte	25
 120 005b C0       		.byte	-64
 121 005c 1C       		.byte	28
 122 005d 0F       		.byte	15
 123 005e 8B       		.byte	-117
 124 005f 0D       		.byte	13
 125 0060 8C       		.byte	-116
 126 0061 40       		.byte	64
 127 0062 E2       		.byte	-30
 128 0063 40       		.byte	64
 129 0064 94       		.byte	-108
 130 0065 40       		.byte	64
 131 0066 94       		.byte	-108
 132 0067 40       		.byte	64
 133 0068 EE       		.byte	-18
 134 0069 02       		.byte	2
 135 006a AF       		.byte	-81
 136 006b 08       		.byte	8
 137 006c 40       		.byte	64
 138 006d 51       		.byte	81
 139 006e 49       		.byte	73
 140 006f FF       		.byte	-1
 141 0070 4A       		.byte	74
 142 0071 FF       		.byte	-1
 143 0072 4B       		.byte	75
 144 0073 FF       		.byte	-1
 145 0074 4F       		.byte	79
 146 0075 01       		.byte	1
 147 0076 50       		.byte	80
 148 0077 18       		.byte	24
 149 0078 5A       		.byte	90
 150 0079 04       		.byte	4
 151 007a 5D       		.byte	93
 152 007b 01       		.byte	1
 153 007c 5F       		.byte	95
 154 007d 01       		.byte	1
 155 007e 60       		.byte	96
 156 007f 40       		.byte	64
 157 0080 62       		.byte	98
 158 0081 40       		.byte	64
 159 0082 64       		.byte	100
 160 0083 40       		.byte	64
 161 0084 65       		.byte	101
 162 0085 40       		.byte	64
 163 0086 66       		.byte	102
 164 0087 80       		.byte	-128
 165 0088 68       		.byte	104
 166 0089 80       		.byte	-128
 167 008a 6A       		.byte	106
 168 008b 80       		.byte	-128
 169 008c 6C       		.byte	108
 170 008d 80       		.byte	-128
 171 008e 6E       		.byte	110
ARM GAS  C:\Users\santa\AppData\Local\Temp\ccPmdau3.s 			page 4


 172 008f 80       		.byte	-128
 173 0090 9E       		.byte	-98
 174 0091 01       		.byte	1
 175 0092 AE       		.byte	-82
 176 0093 01       		.byte	1
 177 0094 B0       		.byte	-80
 178 0095 01       		.byte	1
 179 0096 B2       		.byte	-78
 180 0097 01       		.byte	1
 181 0098 BE       		.byte	-66
 182 0099 01       		.byte	1
 183 009a C0       		.byte	-64
 184 009b 41       		.byte	65
 185 009c C5       		.byte	-59
 186 009d EC       		.byte	-20
 187 009e C6       		.byte	-58
 188 009f 02       		.byte	2
 189 00a0 C8       		.byte	-56
 190 00a1 07       		.byte	7
 191 00a2 C9       		.byte	-55
 192 00a3 FF       		.byte	-1
 193 00a4 CA       		.byte	-54
 194 00a5 FF       		.byte	-1
 195 00a6 CB       		.byte	-53
 196 00a7 FF       		.byte	-1
 197 00a8 CD       		.byte	-51
 198 00a9 83       		.byte	-125
 199 00aa CE       		.byte	-50
 200 00ab 03       		.byte	3
 201 00ac CF       		.byte	-49
 202 00ad 01       		.byte	1
 203 00ae D0       		.byte	-48
 204 00af 18       		.byte	24
 205 00b0 D2       		.byte	-46
 206 00b1 80       		.byte	-128
 207 00b2 D4       		.byte	-44
 208 00b3 01       		.byte	1
 209 00b4 D8       		.byte	-40
 210 00b5 04       		.byte	4
 211 00b6 DA       		.byte	-38
 212 00b7 04       		.byte	4
 213 00b8 DB       		.byte	-37
 214 00b9 04       		.byte	4
 215 00ba DC       		.byte	-36
 216 00bb 01       		.byte	1
 217 00bc DD       		.byte	-35
 218 00bd 11       		.byte	17
 219 00be DF       		.byte	-33
 220 00bf 01       		.byte	1
 221 00c0 E0       		.byte	-32
 222 00c1 40       		.byte	64
 223 00c2 E2       		.byte	-30
 224 00c3 40       		.byte	64
 225 00c4 E4       		.byte	-28
 226 00c5 40       		.byte	64
 227 00c6 E5       		.byte	-27
 228 00c7 40       		.byte	64
ARM GAS  C:\Users\santa\AppData\Local\Temp\ccPmdau3.s 			page 5


 229 00c8 E6       		.byte	-26
 230 00c9 80       		.byte	-128
 231 00ca E8       		.byte	-24
 232 00cb 80       		.byte	-128
 233 00cc EA       		.byte	-22
 234 00cd 80       		.byte	-128
 235 00ce EC       		.byte	-20
 236 00cf 80       		.byte	-128
 237 00d0 EE       		.byte	-18
 238 00d1 80       		.byte	-128
 239 00d2 0D       		.byte	13
 240 00d3 80       		.byte	-128
 241 00d4 17       		.byte	23
 242 00d5 80       		.byte	-128
 243 00d6 1E       		.byte	30
 244 00d7 80       		.byte	-128
 245 00d8 1F       		.byte	31
 246 00d9 08       		.byte	8
 247 00da 41       		.byte	65
 248 00db 80       		.byte	-128
 249 00dc 45       		.byte	69
 250 00dd 80       		.byte	-128
 251 00de 46       		.byte	70
 252 00df 40       		.byte	64
 253 00e0 48       		.byte	72
 254 00e1 01       		.byte	1
 255 00e2 4D       		.byte	77
 256 00e3 04       		.byte	4
 257 00e4 4F       		.byte	79
 258 00e5 01       		.byte	1
 259 00e6 55       		.byte	85
 260 00e7 80       		.byte	-128
 261 00e8 5D       		.byte	93
 262 00e9 04       		.byte	4
 263 00ea 5E       		.byte	94
 264 00eb 80       		.byte	-128
 265 00ec 5F       		.byte	95
 266 00ed 01       		.byte	1
 267 00ee 74       		.byte	116
 268 00ef 01       		.byte	1
 269 00f0 76       		.byte	118
 270 00f1 40       		.byte	64
 271 00f2 77       		.byte	119
 272 00f3 80       		.byte	-128
 273 00f4 C2       		.byte	-62
 274 00f5 80       		.byte	-128
 275 00f6 C4       		.byte	-60
 276 00f7 80       		.byte	-128
 277 00f8 D0       		.byte	-48
 278 00f9 98       		.byte	-104
 279 00fa D2       		.byte	-46
 280 00fb 08       		.byte	8
 281 00fc D6       		.byte	-42
 282 00fd D0       		.byte	-48
 283 00fe 00       		.byte	0
 284 00ff 09       		.byte	9
 285 0100 02       		.byte	2
ARM GAS  C:\Users\santa\AppData\Local\Temp\ccPmdau3.s 			page 6


 286 0101 16       		.byte	22
 287 0102 08       		.byte	8
 288 0103 05       		.byte	5
 289 0104 0A       		.byte	10
 290 0105 1A       		.byte	26
 291 0106 10       		.byte	16
 292 0107 03       		.byte	3
 293 0108 12       		.byte	18
 294 0109 1C       		.byte	28
 295 010a 18       		.byte	24
 296 010b 11       		.byte	17
 297 010c 1A       		.byte	26
 298 010d 0E       		.byte	14
 299 010e 30       		.byte	48
 300 010f 0F       		.byte	15
 301 0110 34       		.byte	52
 302 0111 17       		.byte	23
 303 0112 58       		.byte	88
 304 0113 04       		.byte	4
 305 0114 5F       		.byte	95
 306 0115 01       		.byte	1
 307 0116 80       		.byte	-128
 308 0117 05       		.byte	5
 309 0118 81       		.byte	-127
 310 0119 01       		.byte	1
 311 011a 82       		.byte	-126
 312 011b 1A       		.byte	26
 313 011c 83       		.byte	-125
 314 011d 0E       		.byte	14
 315 011e 88       		.byte	-120
 316 011f 11       		.byte	17
 317 0120 8A       		.byte	-118
 318 0121 0E       		.byte	14
 319 0122 8C       		.byte	-116
 320 0123 03       		.byte	3
 321 0124 8E       		.byte	-114
 322 0125 1C       		.byte	28
 323 0126 98       		.byte	-104
 324 0127 09       		.byte	9
 325 0128 9A       		.byte	-102
 326 0129 16       		.byte	22
 327 012a A1       		.byte	-95
 328 012b 08       		.byte	8
 329 012c A3       		.byte	-93
 330 012d 07       		.byte	7
 331 012e A9       		.byte	-87
 332 012f 02       		.byte	2
 333 0130 AB       		.byte	-85
 334 0131 0D       		.byte	13
 335 0132 AD       		.byte	-83
 336 0133 04       		.byte	4
 337 0134 AF       		.byte	-81
 338 0135 0B       		.byte	11
 339 0136 B0       		.byte	-80
 340 0137 18       		.byte	24
 341 0138 B1       		.byte	-79
 342 0139 0F       		.byte	15
ARM GAS  C:\Users\santa\AppData\Local\Temp\ccPmdau3.s 			page 7


 343 013a B2       		.byte	-78
 344 013b 14       		.byte	20
 345 013c B4       		.byte	-76
 346 013d 1C       		.byte	28
 347 013e B5       		.byte	-75
 348 013f 05       		.byte	5
 349 0140 B6       		.byte	-74
 350 0141 0F       		.byte	15
 351 0142 B7       		.byte	-73
 352 0143 03       		.byte	3
 353 0144 BF       		.byte	-65
 354 0145 51       		.byte	81
 355 0146 D8       		.byte	-40
 356 0147 04       		.byte	4
 357 0148 D9       		.byte	-39
 358 0149 04       		.byte	4
 359 014a DB       		.byte	-37
 360 014b 04       		.byte	4
 361 014c DF       		.byte	-33
 362 014d 01       		.byte	1
 363 014e 01       		.byte	1
 364 014f 22       		.byte	34
 365 0150 05       		.byte	5
 366 0151 62       		.byte	98
 367 0152 09       		.byte	9
 368 0153 20       		.byte	32
 369 0154 0B       		.byte	11
 370 0155 80       		.byte	-128
 371 0156 0E       		.byte	14
 372 0157 08       		.byte	8
 373 0158 19       		.byte	25
 374 0159 22       		.byte	34
 375 015a 1D       		.byte	29
 376 015b 60       		.byte	96
 377 015c 1E       		.byte	30
 378 015d 68       		.byte	104
 379 015e 1F       		.byte	31
 380 015f 40       		.byte	64
 381 0160 24       		.byte	36
 382 0161 40       		.byte	64
 383 0162 27       		.byte	39
 384 0163 0A       		.byte	10
 385 0164 2D       		.byte	45
 386 0165 80       		.byte	-128
 387 0166 2F       		.byte	47
 388 0167 88       		.byte	-120
 389 0168 3F       		.byte	63
 390 0169 01       		.byte	1
 391 016a 40       		.byte	64
 392 016b 40       		.byte	64
 393 016c 42       		.byte	66
 394 016d 80       		.byte	-128
 395 016e 5E       		.byte	94
 396 016f 60       		.byte	96
 397 0170 5F       		.byte	95
 398 0171 0A       		.byte	10
 399 0172 66       		.byte	102
ARM GAS  C:\Users\santa\AppData\Local\Temp\ccPmdau3.s 			page 8


 400 0173 80       		.byte	-128
 401 0174 81       		.byte	-127
 402 0175 80       		.byte	-128
 403 0176 83       		.byte	-125
 404 0177 81       		.byte	-127
 405 0178 85       		.byte	-123
 406 0179 60       		.byte	96
 407 017a 89       		.byte	-119
 408 017b 22       		.byte	34
 409 017c 8B       		.byte	-117
 410 017d 08       		.byte	8
 411 017e 94       		.byte	-108
 412 017f 40       		.byte	64
 413 0180 C0       		.byte	-64
 414 0181 DA       		.byte	-38
 415 0182 C2       		.byte	-62
 416 0183 4A       		.byte	74
 417 0184 CA       		.byte	-54
 418 0185 B0       		.byte	-80
 419 0186 CE       		.byte	-50
 420 0187 80       		.byte	-128
 421 0188 D6       		.byte	-42
 422 0189 F0       		.byte	-16
 423 018a D8       		.byte	-40
 424 018b 10       		.byte	16
 425 018c E0       		.byte	-32
 426 018d 20       		.byte	32
 427 018e E2       		.byte	-30
 428 018f 80       		.byte	-128
 429 0190 E6       		.byte	-26
 430 0191 80       		.byte	-128
 431 0192 EE       		.byte	-18
 432 0193 08       		.byte	8
 433 0194 94       		.byte	-108
 434 0195 40       		.byte	64
 435 0196 EE       		.byte	-18
 436 0197 08       		.byte	8
 437 0198 33       		.byte	51
 438 0199 28       		.byte	40
 439 019a 34       		.byte	52
 440 019b 20       		.byte	32
 441 019c CC       		.byte	-52
 442 019d 70       		.byte	112
 443 019e 8C       		.byte	-116
 444 019f 20       		.byte	32
 445 01a0 9C       		.byte	-100
 446 01a1 20       		.byte	32
 447 01a2 A7       		.byte	-89
 448 01a3 28       		.byte	40
 449 01a4 A7       		.byte	-89
 450 01a5 28       		.byte	40
 451 01a6 A7       		.byte	-89
 452 01a7 20       		.byte	32
 453 01a8 AF       		.byte	-81
 454 01a9 08       		.byte	8
 455 01aa EE       		.byte	-18
 456 01ab 40       		.byte	64
ARM GAS  C:\Users\santa\AppData\Local\Temp\ccPmdau3.s 			page 9


 457 01ac A7       		.byte	-89
 458 01ad 20       		.byte	32
 459 01ae 01       		.byte	1
 460 01af 22       		.byte	34
 461 01b0 07       		.byte	7
 462 01b1 14       		.byte	20
 463 01b2 5A       		.byte	90
 464 01b3 01       		.byte	1
 465 01b4 63       		.byte	99
 466 01b5 40       		.byte	64
 467 01b6 64       		.byte	100
 468 01b7 08       		.byte	8
 469 01b8 65       		.byte	101
 470 01b9 40       		.byte	64
 471 01ba 81       		.byte	-127
 472 01bb 02       		.byte	2
 473 01bc 83       		.byte	-125
 474 01bd 14       		.byte	20
 475 01be 84       		.byte	-124
 476 01bf 08       		.byte	8
 477 01c0 87       		.byte	-121
 478 01c1 40       		.byte	64
 479 01c2 89       		.byte	-119
 480 01c3 60       		.byte	96
 481 01c4 8A       		.byte	-118
 482 01c5 01       		.byte	1
 483 01c6 AF       		.byte	-81
 484 01c7 20       		.byte	32
 485 01c8 C0       		.byte	-64
 486 01c9 F0       		.byte	-16
 487 01ca D6       		.byte	-42
 488 01cb C0       		.byte	-64
 489 01cc D8       		.byte	-40
 490 01cd C0       		.byte	-64
 491 01ce E0       		.byte	-32
 492 01cf A0       		.byte	-96
 493 01d0 E4       		.byte	-28
 494 01d1 20       		.byte	32
 495 01d2 E6       		.byte	-26
 496 01d3 50       		.byte	80
 497 01d4 EE       		.byte	-18
 498 01d5 10       		.byte	16
 499 01d6 1F       		.byte	31
 500 01d7 80       		.byte	-128
 501 01d8 C6       		.byte	-58
 502 01d9 01       		.byte	1
 503 01da AF       		.byte	-81
 504 01db 80       		.byte	-128
 505 01dc 00       		.byte	0
 506 01dd 02       		.byte	2
 507 01de 0C       		.byte	12
 508 01df 02       		.byte	2
 509 01e0 10       		.byte	16
 510 01e1 01       		.byte	1
 511 01e2 1A       		.byte	26
 512 01e3 01       		.byte	1
 513 01e4 00       		.byte	0
ARM GAS  C:\Users\santa\AppData\Local\Temp\ccPmdau3.s 			page 10


 514 01e5 3F       		.byte	63
 515 01e6 00       		.byte	0
 516 01e7 00       		.byte	0
 517 01e8 00       		.byte	0
 518 01e9 00       		.byte	0
 519 01ea 00       		.byte	0
 520 01eb 00       		.byte	0
 521 01ec 00       		.byte	0
 522 01ed 00       		.byte	0
 523 01ee 05       		.byte	5
 524 01ef 00       		.byte	0
 525 01f0 00       		.byte	0
 526 01f1 7F       		.byte	127
 527 01f2 7F       		.byte	127
 528 01f3 00       		.byte	0
 529 01f4 00       		.byte	0
 530 01f5 00       		.byte	0
 531 01f6 00       		.byte	0
 532 01f7 00       		.byte	0
 533 01f8 00       		.byte	0
 534 01f9 0B       		.byte	11
 535 01fa 0B       		.byte	11
 536 01fb 00       		.byte	0
 537 01fc 00       		.byte	0
 538 01fd 00       		.byte	0
 539 01fe 00       		.byte	0
 540 01ff 00       		.byte	0
 541 0200 00       		.byte	0
 542 0201 02       		.byte	2
 543 0202 02       		.byte	2
 544 0203 00       		.byte	0
 545 0204 00       		.byte	0
 546 0205 00       		.byte	0
 547 0206 00       		.byte	0
 548 0207 00       		.byte	0
 549 0208 FF       		.byte	-1
 550 0209 00       		.byte	0
 551 020a 00       		.byte	0
 552 020b FF       		.byte	-1
 553 020c 00       		.byte	0
 554 020d 00       		.byte	0
 555 020e F0       		.byte	-16
 556 020f 00       		.byte	0
 557 0210 00       		.byte	0
 558 0211 00       		.byte	0
 559 0212 00       		.byte	0
 560 0213 00       		.byte	0
 561 0214 01       		.byte	1
 562 0215 00       		.byte	0
 563 0216 18       		.byte	24
 564 0217 01       		.byte	1
 565              		.section	.cywolatch,"a",%progbits
 566              		.align	2
 567              		.type	cy_meta_wonvl, %object
 568              		.size	cy_meta_wonvl, 4
 569              	cy_meta_wonvl:
 570 0000 BC       		.byte	-68
ARM GAS  C:\Users\santa\AppData\Local\Temp\ccPmdau3.s 			page 11


 571 0001 90       		.byte	-112
 572 0002 AC       		.byte	-84
 573 0003 AF       		.byte	-81
 574              		.section	.cycustnvl,"a",%progbits
 575              		.align	2
 576              		.type	cy_meta_custnvl, %object
 577              		.size	cy_meta_custnvl, 4
 578              	cy_meta_custnvl:
 579 0000 00       		.byte	0
 580 0001 00       		.byte	0
 581 0002 40       		.byte	64
 582 0003 05       		.byte	5
 583              		.section	.cymeta,"a",%progbits
 584              		.align	2
 585              		.type	cy_metadata, %object
 586              		.size	cy_metadata, 12
 587              	cy_metadata:
 588 0000 00       		.byte	0
 589 0001 01       		.byte	1
 590 0002 2E       		.byte	46
 591 0003 16       		.byte	22
 592 0004 10       		.byte	16
 593 0005 69       		.byte	105
 594 0006 00       		.byte	0
 595 0007 01       		.byte	1
 596 0008 00       		.byte	0
 597 0009 00       		.byte	0
 598 000a 00       		.byte	0
 599 000b 00       		.byte	0
 600              		.section	.cyflashprotect,"a",%progbits
 601              		.align	2
 602              		.type	cy_meta_flashprotect, %object
 603              		.size	cy_meta_flashprotect, 256
 604              	cy_meta_flashprotect:
 605 0000 00000000 		.space	256
 605      00000000 
 605      00000000 
 605      00000000 
 605      00000000 
 606              		.text
 607              	.Letext0:
 608              		.file 1 "c:\\program files (x86)\\cypress\\psoc creator\\4.2\\psoc creator\\import\\gnu\\arm\\5.4.
 609              		.file 2 "c:\\program files (x86)\\cypress\\psoc creator\\4.2\\psoc creator\\import\\gnu\\arm\\5.4.
 610              		.file 3 "Generated_Source\\PSoC5\\cymetadata.c"
 611              		.section	.debug_info,"",%progbits
 612              	.Ldebug_info0:
 613 0000 31010000 		.4byte	0x131
 614 0004 0400     		.2byte	0x4
 615 0006 00000000 		.4byte	.Ldebug_abbrev0
 616 000a 04       		.byte	0x4
 617 000b 01       		.uleb128 0x1
 618 000c 24000000 		.4byte	.LASF17
 619 0010 0C       		.byte	0xc
 620 0011 C0010000 		.4byte	.LASF18
 621 0015 E7000000 		.4byte	.LASF19
 622 0019 00000000 		.4byte	.Ldebug_line0
 623 001d 02       		.uleb128 0x2
ARM GAS  C:\Users\santa\AppData\Local\Temp\ccPmdau3.s 			page 12


 624 001e 01       		.byte	0x1
 625 001f 06       		.byte	0x6
 626 0020 B4010000 		.4byte	.LASF0
 627 0024 03       		.uleb128 0x3
 628 0025 00000000 		.4byte	.LASF9
 629 0029 01       		.byte	0x1
 630 002a 1D       		.byte	0x1d
 631 002b 2F000000 		.4byte	0x2f
 632 002f 02       		.uleb128 0x2
 633 0030 01       		.byte	0x1
 634 0031 08       		.byte	0x8
 635 0032 16000000 		.4byte	.LASF1
 636 0036 02       		.uleb128 0x2
 637 0037 02       		.byte	0x2
 638 0038 05       		.byte	0x5
 639 0039 A1010000 		.4byte	.LASF2
 640 003d 02       		.uleb128 0x2
 641 003e 02       		.byte	0x2
 642 003f 07       		.byte	0x7
 643 0040 C4000000 		.4byte	.LASF3
 644 0044 02       		.uleb128 0x2
 645 0045 04       		.byte	0x4
 646 0046 05       		.byte	0x5
 647 0047 AB010000 		.4byte	.LASF4
 648 004b 02       		.uleb128 0x2
 649 004c 04       		.byte	0x4
 650 004d 07       		.byte	0x7
 651 004e B2000000 		.4byte	.LASF5
 652 0052 02       		.uleb128 0x2
 653 0053 08       		.byte	0x8
 654 0054 05       		.byte	0x5
 655 0055 93010000 		.4byte	.LASF6
 656 0059 02       		.uleb128 0x2
 657 005a 08       		.byte	0x8
 658 005b 07       		.byte	0x7
 659 005c 48010000 		.4byte	.LASF7
 660 0060 04       		.uleb128 0x4
 661 0061 04       		.byte	0x4
 662 0062 05       		.byte	0x5
 663 0063 696E7400 		.ascii	"int\000"
 664 0067 02       		.uleb128 0x2
 665 0068 04       		.byte	0x4
 666 0069 07       		.byte	0x7
 667 006a 3B010000 		.4byte	.LASF8
 668 006e 03       		.uleb128 0x3
 669 006f 5F010000 		.4byte	.LASF10
 670 0073 02       		.byte	0x2
 671 0074 18       		.byte	0x18
 672 0075 24000000 		.4byte	0x24
 673 0079 05       		.uleb128 0x5
 674 007a 91000000 		.4byte	0x91
 675 007e 8A000000 		.4byte	0x8a
 676 0082 06       		.uleb128 0x6
 677 0083 8A000000 		.4byte	0x8a
 678 0087 1702     		.2byte	0x217
 679 0089 00       		.byte	0
 680 008a 02       		.uleb128 0x2
ARM GAS  C:\Users\santa\AppData\Local\Temp\ccPmdau3.s 			page 13


 681 008b 04       		.byte	0x4
 682 008c 07       		.byte	0x7
 683 008d 8A010000 		.4byte	.LASF11
 684 0091 07       		.uleb128 0x7
 685 0092 6E000000 		.4byte	0x6e
 686 0096 08       		.uleb128 0x8
 687 0097 29010000 		.4byte	.LASF12
 688 009b 03       		.byte	0x3
 689 009c 1F       		.byte	0x1f
 690 009d A7000000 		.4byte	0xa7
 691 00a1 05       		.uleb128 0x5
 692 00a2 03       		.byte	0x3
 693 00a3 00000000 		.4byte	cy_meta_configecc
 694 00a7 07       		.uleb128 0x7
 695 00a8 79000000 		.4byte	0x79
 696 00ac 05       		.uleb128 0x5
 697 00ad 91000000 		.4byte	0x91
 698 00b1 BC000000 		.4byte	0xbc
 699 00b5 09       		.uleb128 0x9
 700 00b6 8A000000 		.4byte	0x8a
 701 00ba 03       		.byte	0x3
 702 00bb 00       		.byte	0
 703 00bc 08       		.uleb128 0x8
 704 00bd D7000000 		.4byte	.LASF13
 705 00c1 03       		.byte	0x3
 706 00c2 6F       		.byte	0x6f
 707 00c3 CD000000 		.4byte	0xcd
 708 00c7 05       		.uleb128 0x5
 709 00c8 03       		.byte	0x3
 710 00c9 00000000 		.4byte	cy_meta_custnvl
 711 00cd 07       		.uleb128 0x7
 712 00ce AC000000 		.4byte	0xac
 713 00d2 08       		.uleb128 0x8
 714 00d3 7C010000 		.4byte	.LASF14
 715 00d7 03       		.byte	0x3
 716 00d8 7D       		.byte	0x7d
 717 00d9 E3000000 		.4byte	0xe3
 718 00dd 05       		.uleb128 0x5
 719 00de 03       		.byte	0x3
 720 00df 00000000 		.4byte	cy_meta_wonvl
 721 00e3 07       		.uleb128 0x7
 722 00e4 AC000000 		.4byte	0xac
 723 00e8 05       		.uleb128 0x5
 724 00e9 91000000 		.4byte	0x91
 725 00ed F8000000 		.4byte	0xf8
 726 00f1 09       		.uleb128 0x9
 727 00f2 8A000000 		.4byte	0x8a
 728 00f6 FF       		.byte	0xff
 729 00f7 00       		.byte	0
 730 00f8 08       		.uleb128 0x8
 731 00f9 67010000 		.4byte	.LASF15
 732 00fd 03       		.byte	0x3
 733 00fe 8B       		.byte	0x8b
 734 00ff 09010000 		.4byte	0x109
 735 0103 05       		.uleb128 0x5
 736 0104 03       		.byte	0x3
 737 0105 00000000 		.4byte	cy_meta_flashprotect
ARM GAS  C:\Users\santa\AppData\Local\Temp\ccPmdau3.s 			page 14


 738 0109 07       		.uleb128 0x7
 739 010a E8000000 		.4byte	0xe8
 740 010e 05       		.uleb128 0x5
 741 010f 91000000 		.4byte	0x91
 742 0113 1E010000 		.4byte	0x11e
 743 0117 09       		.uleb128 0x9
 744 0118 8A000000 		.4byte	0x8a
 745 011c 0B       		.byte	0xb
 746 011d 00       		.byte	0
 747 011e 08       		.uleb128 0x8
 748 011f 0A000000 		.4byte	.LASF16
 749 0123 03       		.byte	0x3
 750 0124 B8       		.byte	0xb8
 751 0125 2F010000 		.4byte	0x12f
 752 0129 05       		.uleb128 0x5
 753 012a 03       		.byte	0x3
 754 012b 00000000 		.4byte	cy_metadata
 755 012f 07       		.uleb128 0x7
 756 0130 0E010000 		.4byte	0x10e
 757 0134 00       		.byte	0
 758              		.section	.debug_abbrev,"",%progbits
 759              	.Ldebug_abbrev0:
 760 0000 01       		.uleb128 0x1
 761 0001 11       		.uleb128 0x11
 762 0002 01       		.byte	0x1
 763 0003 25       		.uleb128 0x25
 764 0004 0E       		.uleb128 0xe
 765 0005 13       		.uleb128 0x13
 766 0006 0B       		.uleb128 0xb
 767 0007 03       		.uleb128 0x3
 768 0008 0E       		.uleb128 0xe
 769 0009 1B       		.uleb128 0x1b
 770 000a 0E       		.uleb128 0xe
 771 000b 10       		.uleb128 0x10
 772 000c 17       		.uleb128 0x17
 773 000d 00       		.byte	0
 774 000e 00       		.byte	0
 775 000f 02       		.uleb128 0x2
 776 0010 24       		.uleb128 0x24
 777 0011 00       		.byte	0
 778 0012 0B       		.uleb128 0xb
 779 0013 0B       		.uleb128 0xb
 780 0014 3E       		.uleb128 0x3e
 781 0015 0B       		.uleb128 0xb
 782 0016 03       		.uleb128 0x3
 783 0017 0E       		.uleb128 0xe
 784 0018 00       		.byte	0
 785 0019 00       		.byte	0
 786 001a 03       		.uleb128 0x3
 787 001b 16       		.uleb128 0x16
 788 001c 00       		.byte	0
 789 001d 03       		.uleb128 0x3
 790 001e 0E       		.uleb128 0xe
 791 001f 3A       		.uleb128 0x3a
 792 0020 0B       		.uleb128 0xb
 793 0021 3B       		.uleb128 0x3b
 794 0022 0B       		.uleb128 0xb
ARM GAS  C:\Users\santa\AppData\Local\Temp\ccPmdau3.s 			page 15


 795 0023 49       		.uleb128 0x49
 796 0024 13       		.uleb128 0x13
 797 0025 00       		.byte	0
 798 0026 00       		.byte	0
 799 0027 04       		.uleb128 0x4
 800 0028 24       		.uleb128 0x24
 801 0029 00       		.byte	0
 802 002a 0B       		.uleb128 0xb
 803 002b 0B       		.uleb128 0xb
 804 002c 3E       		.uleb128 0x3e
 805 002d 0B       		.uleb128 0xb
 806 002e 03       		.uleb128 0x3
 807 002f 08       		.uleb128 0x8
 808 0030 00       		.byte	0
 809 0031 00       		.byte	0
 810 0032 05       		.uleb128 0x5
 811 0033 01       		.uleb128 0x1
 812 0034 01       		.byte	0x1
 813 0035 49       		.uleb128 0x49
 814 0036 13       		.uleb128 0x13
 815 0037 01       		.uleb128 0x1
 816 0038 13       		.uleb128 0x13
 817 0039 00       		.byte	0
 818 003a 00       		.byte	0
 819 003b 06       		.uleb128 0x6
 820 003c 21       		.uleb128 0x21
 821 003d 00       		.byte	0
 822 003e 49       		.uleb128 0x49
 823 003f 13       		.uleb128 0x13
 824 0040 2F       		.uleb128 0x2f
 825 0041 05       		.uleb128 0x5
 826 0042 00       		.byte	0
 827 0043 00       		.byte	0
 828 0044 07       		.uleb128 0x7
 829 0045 26       		.uleb128 0x26
 830 0046 00       		.byte	0
 831 0047 49       		.uleb128 0x49
 832 0048 13       		.uleb128 0x13
 833 0049 00       		.byte	0
 834 004a 00       		.byte	0
 835 004b 08       		.uleb128 0x8
 836 004c 34       		.uleb128 0x34
 837 004d 00       		.byte	0
 838 004e 03       		.uleb128 0x3
 839 004f 0E       		.uleb128 0xe
 840 0050 3A       		.uleb128 0x3a
 841 0051 0B       		.uleb128 0xb
 842 0052 3B       		.uleb128 0x3b
 843 0053 0B       		.uleb128 0xb
 844 0054 49       		.uleb128 0x49
 845 0055 13       		.uleb128 0x13
 846 0056 3F       		.uleb128 0x3f
 847 0057 19       		.uleb128 0x19
 848 0058 02       		.uleb128 0x2
 849 0059 18       		.uleb128 0x18
 850 005a 00       		.byte	0
 851 005b 00       		.byte	0
ARM GAS  C:\Users\santa\AppData\Local\Temp\ccPmdau3.s 			page 16


 852 005c 09       		.uleb128 0x9
 853 005d 21       		.uleb128 0x21
 854 005e 00       		.byte	0
 855 005f 49       		.uleb128 0x49
 856 0060 13       		.uleb128 0x13
 857 0061 2F       		.uleb128 0x2f
 858 0062 0B       		.uleb128 0xb
 859 0063 00       		.byte	0
 860 0064 00       		.byte	0
 861 0065 00       		.byte	0
 862              		.section	.debug_aranges,"",%progbits
 863 0000 14000000 		.4byte	0x14
 864 0004 0200     		.2byte	0x2
 865 0006 00000000 		.4byte	.Ldebug_info0
 866 000a 04       		.byte	0x4
 867 000b 00       		.byte	0
 868 000c 0000     		.2byte	0
 869 000e 0000     		.2byte	0
 870 0010 00000000 		.4byte	0
 871 0014 00000000 		.4byte	0
 872              		.section	.debug_line,"",%progbits
 873              	.Ldebug_line0:
 874 0000 3D010000 		.section	.debug_str,"MS",%progbits,1
 874      02003701 
 874      00000201 
 874      FB0E0D00 
 874      01010101 
 875              	.LASF9:
 876 0000 5F5F7569 		.ascii	"__uint8_t\000"
 876      6E74385F 
 876      7400
 877              	.LASF16:
 878 000a 63795F6D 		.ascii	"cy_metadata\000"
 878      65746164 
 878      61746100 
 879              	.LASF1:
 880 0016 756E7369 		.ascii	"unsigned char\000"
 880      676E6564 
 880      20636861 
 880      7200
 881              	.LASF17:
 882 0024 474E5520 		.ascii	"GNU C11 5.4.1 20160609 (release) [ARM/embedded-5-br"
 882      43313120 
 882      352E342E 
 882      31203230 
 882      31363036 
 883 0057 616E6368 		.ascii	"anch revision 237715] -mcpu=cortex-m3 -mthumb -g -O"
 883      20726576 
 883      6973696F 
 883      6E203233 
 883      37373135 
 884 008a 67202D66 		.ascii	"g -ffunction-sections -ffat-lto-objects\000"
 884      66756E63 
 884      74696F6E 
 884      2D736563 
 884      74696F6E 
 885              	.LASF5:
ARM GAS  C:\Users\santa\AppData\Local\Temp\ccPmdau3.s 			page 17


 886 00b2 6C6F6E67 		.ascii	"long unsigned int\000"
 886      20756E73 
 886      69676E65 
 886      6420696E 
 886      7400
 887              	.LASF3:
 888 00c4 73686F72 		.ascii	"short unsigned int\000"
 888      7420756E 
 888      7369676E 
 888      65642069 
 888      6E7400
 889              	.LASF13:
 890 00d7 63795F6D 		.ascii	"cy_meta_custnvl\000"
 890      6574615F 
 890      63757374 
 890      6E766C00 
 891              	.LASF19:
 892 00e7 433A5C55 		.ascii	"C:\\Users\\santa\\Documents\\PSoC Creator\\Laborato"
 892      73657273 
 892      5C73616E 
 892      74615C44 
 892      6F63756D 
 893 0115 72696F36 		.ascii	"rio6\\Design01.cydsn\000"
 893      5C446573 
 893      69676E30 
 893      312E6379 
 893      64736E00 
 894              	.LASF12:
 895 0129 63795F6D 		.ascii	"cy_meta_configecc\000"
 895      6574615F 
 895      636F6E66 
 895      69676563 
 895      6300
 896              	.LASF8:
 897 013b 756E7369 		.ascii	"unsigned int\000"
 897      676E6564 
 897      20696E74 
 897      00
 898              	.LASF7:
 899 0148 6C6F6E67 		.ascii	"long long unsigned int\000"
 899      206C6F6E 
 899      6720756E 
 899      7369676E 
 899      65642069 
 900              	.LASF10:
 901 015f 75696E74 		.ascii	"uint8_t\000"
 901      385F7400 
 902              	.LASF15:
 903 0167 63795F6D 		.ascii	"cy_meta_flashprotect\000"
 903      6574615F 
 903      666C6173 
 903      6870726F 
 903      74656374 
 904              	.LASF14:
 905 017c 63795F6D 		.ascii	"cy_meta_wonvl\000"
 905      6574615F 
 905      776F6E76 
ARM GAS  C:\Users\santa\AppData\Local\Temp\ccPmdau3.s 			page 18


 905      6C00
 906              	.LASF11:
 907 018a 73697A65 		.ascii	"sizetype\000"
 907      74797065 
 907      00
 908              	.LASF6:
 909 0193 6C6F6E67 		.ascii	"long long int\000"
 909      206C6F6E 
 909      6720696E 
 909      7400
 910              	.LASF2:
 911 01a1 73686F72 		.ascii	"short int\000"
 911      7420696E 
 911      7400
 912              	.LASF4:
 913 01ab 6C6F6E67 		.ascii	"long int\000"
 913      20696E74 
 913      00
 914              	.LASF0:
 915 01b4 7369676E 		.ascii	"signed char\000"
 915      65642063 
 915      68617200 
 916              	.LASF18:
 917 01c0 47656E65 		.ascii	"Generated_Source\\PSoC5\\cymetadata.c\000"
 917      72617465 
 917      645F536F 
 917      75726365 
 917      5C50536F 
 918              		.ident	"GCC: (GNU Tools for ARM Embedded Processors) 5.4.1 20160609 (release) [ARM/embedded-5-bran
