ARM GAS  C:\Users\santa\AppData\Local\Temp\ccFmQtEc.s 			page 1


   1              		.syntax unified
   2              		.cpu cortex-m3
   3              		.fpu softvfp
   4              		.eabi_attribute 20, 1
   5              		.eabi_attribute 21, 1
   6              		.eabi_attribute 23, 3
   7              		.eabi_attribute 24, 1
   8              		.eabi_attribute 25, 1
   9              		.eabi_attribute 26, 1
  10              		.eabi_attribute 30, 1
  11              		.eabi_attribute 34, 1
  12              		.eabi_attribute 18, 4
  13              		.thumb
  14              		.syntax unified
  15              		.file	"Keypad_1_Keypad1.c"
  16              		.text
  17              	.Ltext0:
  18              		.cfi_sections	.debug_frame
  19              		.section	.text.Keypad_1_GetCol,"ax",%progbits
  20              		.align	2
  21              		.global	Keypad_1_GetCol
  22              		.thumb
  23              		.thumb_func
  24              		.type	Keypad_1_GetCol, %function
  25              	Keypad_1_GetCol:
  26              	.LFB63:
  27              		.file 1 "Generated_Source\\PSoC5\\Keypad_1_Keypad1.c"
   1:Generated_Source\PSoC5/Keypad_1_Keypad1.c **** /* ========================================
   2:Generated_Source\PSoC5/Keypad_1_Keypad1.c ****  *
   3:Generated_Source\PSoC5/Keypad_1_Keypad1.c ****  * Copyright YOUR COMPANY, THE YEAR
   4:Generated_Source\PSoC5/Keypad_1_Keypad1.c ****  * All Rights Reserved
   5:Generated_Source\PSoC5/Keypad_1_Keypad1.c ****  * UNPUBLISHED, LICENSED SOFTWARE.
   6:Generated_Source\PSoC5/Keypad_1_Keypad1.c ****  *
   7:Generated_Source\PSoC5/Keypad_1_Keypad1.c ****  * CONFIDENTIAL AND PROPRIETARY INFORMATION
   8:Generated_Source\PSoC5/Keypad_1_Keypad1.c ****  * WHICH IS THE PROPERTY OF your company.
   9:Generated_Source\PSoC5/Keypad_1_Keypad1.c ****  *
  10:Generated_Source\PSoC5/Keypad_1_Keypad1.c ****  * ========================================
  11:Generated_Source\PSoC5/Keypad_1_Keypad1.c **** */
  12:Generated_Source\PSoC5/Keypad_1_Keypad1.c **** #include "cyfitter.h"
  13:Generated_Source\PSoC5/Keypad_1_Keypad1.c **** #include <device.h>
  14:Generated_Source\PSoC5/Keypad_1_Keypad1.c **** 
  15:Generated_Source\PSoC5/Keypad_1_Keypad1.c **** uint8 Keypad_1_GetCol(void)
  16:Generated_Source\PSoC5/Keypad_1_Keypad1.c **** {
  28              		.loc 1 16 0
  29              		.cfi_startproc
  30              		@ args = 0, pretend = 0, frame = 0
  31              		@ frame_needed = 0, uses_anonymous_args = 0
  32 0000 10B5     		push	{r4, lr}
  33              		.cfi_def_cfa_offset 8
  34              		.cfi_offset 4, -8
  35              		.cfi_offset 14, -4
  36              	.L2:
  17:Generated_Source\PSoC5/Keypad_1_Keypad1.c **** 	uint8 Col;
  18:Generated_Source\PSoC5/Keypad_1_Keypad1.c **** 		
  19:Generated_Source\PSoC5/Keypad_1_Keypad1.c **** 	while(!(Keypad_1_Status_Reg_Read() & 0x10));	//Wait for a valid press of button
  37              		.loc 1 19 0 discriminator 1
  38 0002 FFF7FEFF 		bl	Keypad_1_Status_Reg_Read
ARM GAS  C:\Users\santa\AppData\Local\Temp\ccFmQtEc.s 			page 2


  39              	.LVL0:
  40 0006 10F0100F 		tst	r0, #16
  41 000a FAD0     		beq	.L2
  20:Generated_Source\PSoC5/Keypad_1_Keypad1.c **** 	
  21:Generated_Source\PSoC5/Keypad_1_Keypad1.c **** 	if(Keypad_1_Status_Reg_Read() & 0x10)			//Check for a valid press of button
  42              		.loc 1 21 0
  43 000c FFF7FEFF 		bl	Keypad_1_Status_Reg_Read
  44              	.LVL1:
  45 0010 10F0100F 		tst	r0, #16
  46 0014 02D0     		beq	.L3
  22:Generated_Source\PSoC5/Keypad_1_Keypad1.c **** 	{
  23:Generated_Source\PSoC5/Keypad_1_Keypad1.c **** 		Col = Keypad_1_Status_Reg_Read();
  47              		.loc 1 23 0
  48 0016 FFF7FEFF 		bl	Keypad_1_Status_Reg_Read
  49              	.LVL2:
  50 001a 0446     		mov	r4, r0
  51              	.LVL3:
  52              	.L3:
  24:Generated_Source\PSoC5/Keypad_1_Keypad1.c **** 	}
  25:Generated_Source\PSoC5/Keypad_1_Keypad1.c **** 	
  26:Generated_Source\PSoC5/Keypad_1_Keypad1.c **** 	Col = (Col & 0x03);										//Extract correct Column
  27:Generated_Source\PSoC5/Keypad_1_Keypad1.c **** 	
  28:Generated_Source\PSoC5/Keypad_1_Keypad1.c **** 	return (Col);
  29:Generated_Source\PSoC5/Keypad_1_Keypad1.c **** }
  53              		.loc 1 29 0
  54 001c 04F00300 		and	r0, r4, #3
  55 0020 10BD     		pop	{r4, pc}
  56              		.cfi_endproc
  57              	.LFE63:
  58              		.size	Keypad_1_GetCol, .-Keypad_1_GetCol
  59 0022 00BF     		.section	.text.Keypad_1_GetRow,"ax",%progbits
  60              		.align	2
  61              		.global	Keypad_1_GetRow
  62              		.thumb
  63              		.thumb_func
  64              		.type	Keypad_1_GetRow, %function
  65              	Keypad_1_GetRow:
  66              	.LFB64:
  30:Generated_Source\PSoC5/Keypad_1_Keypad1.c **** 
  31:Generated_Source\PSoC5/Keypad_1_Keypad1.c **** uint8 Keypad_1_GetRow(void)
  32:Generated_Source\PSoC5/Keypad_1_Keypad1.c **** {
  67              		.loc 1 32 0
  68              		.cfi_startproc
  69              		@ args = 0, pretend = 0, frame = 0
  70              		@ frame_needed = 0, uses_anonymous_args = 0
  71 0000 10B5     		push	{r4, lr}
  72              		.cfi_def_cfa_offset 8
  73              		.cfi_offset 4, -8
  74              		.cfi_offset 14, -4
  75              	.L6:
  33:Generated_Source\PSoC5/Keypad_1_Keypad1.c **** 	uint8 Row;
  34:Generated_Source\PSoC5/Keypad_1_Keypad1.c **** 	
  35:Generated_Source\PSoC5/Keypad_1_Keypad1.c **** 	while(!(Keypad_1_Status_Reg_Read() & 0x10));	//Wait for a valid press of button
  76              		.loc 1 35 0 discriminator 1
  77 0002 FFF7FEFF 		bl	Keypad_1_Status_Reg_Read
  78              	.LVL4:
  79 0006 10F0100F 		tst	r0, #16
ARM GAS  C:\Users\santa\AppData\Local\Temp\ccFmQtEc.s 			page 3


  80 000a FAD0     		beq	.L6
  36:Generated_Source\PSoC5/Keypad_1_Keypad1.c **** 	
  37:Generated_Source\PSoC5/Keypad_1_Keypad1.c **** 	if(Keypad_1_Status_Reg_Read() & 0x10)			//Check for a valid press of button
  81              		.loc 1 37 0
  82 000c FFF7FEFF 		bl	Keypad_1_Status_Reg_Read
  83              	.LVL5:
  84 0010 10F0100F 		tst	r0, #16
  85 0014 02D0     		beq	.L7
  38:Generated_Source\PSoC5/Keypad_1_Keypad1.c **** 	{
  39:Generated_Source\PSoC5/Keypad_1_Keypad1.c **** 		Row = Keypad_1_Status_Reg_Read();
  86              		.loc 1 39 0
  87 0016 FFF7FEFF 		bl	Keypad_1_Status_Reg_Read
  88              	.LVL6:
  89 001a 0446     		mov	r4, r0
  90              	.LVL7:
  91              	.L7:
  40:Generated_Source\PSoC5/Keypad_1_Keypad1.c **** 	}
  41:Generated_Source\PSoC5/Keypad_1_Keypad1.c **** 		
  42:Generated_Source\PSoC5/Keypad_1_Keypad1.c **** 	Row = (Row & 0x0C) >> 2;								//Extract correct Row
  43:Generated_Source\PSoC5/Keypad_1_Keypad1.c **** 	
  44:Generated_Source\PSoC5/Keypad_1_Keypad1.c **** 	return Row;
  45:Generated_Source\PSoC5/Keypad_1_Keypad1.c **** }
  92              		.loc 1 45 0
  93 001c C4F38100 		ubfx	r0, r4, #2, #2
  94 0020 10BD     		pop	{r4, pc}
  95              		.cfi_endproc
  96              	.LFE64:
  97              		.size	Keypad_1_GetRow, .-Keypad_1_GetRow
  98 0022 00BF     		.section	.text.Keypad_1_GetButton,"ax",%progbits
  99              		.align	2
 100              		.global	Keypad_1_GetButton
 101              		.thumb
 102              		.thumb_func
 103              		.type	Keypad_1_GetButton, %function
 104              	Keypad_1_GetButton:
 105              	.LFB65:
  46:Generated_Source\PSoC5/Keypad_1_Keypad1.c **** 
  47:Generated_Source\PSoC5/Keypad_1_Keypad1.c **** uint8 Keypad_1_GetButton(void)
  48:Generated_Source\PSoC5/Keypad_1_Keypad1.c **** {
 106              		.loc 1 48 0
 107              		.cfi_startproc
 108              		@ args = 0, pretend = 0, frame = 0
 109              		@ frame_needed = 0, uses_anonymous_args = 0
 110 0000 10B5     		push	{r4, lr}
 111              		.cfi_def_cfa_offset 8
 112              		.cfi_offset 4, -8
 113              		.cfi_offset 14, -4
  49:Generated_Source\PSoC5/Keypad_1_Keypad1.c **** 	char8 Button;
  50:Generated_Source\PSoC5/Keypad_1_Keypad1.c **** 	
  51:Generated_Source\PSoC5/Keypad_1_Keypad1.c **** 	uint8 x,y;
  52:Generated_Source\PSoC5/Keypad_1_Keypad1.c **** 	
  53:Generated_Source\PSoC5/Keypad_1_Keypad1.c **** 	x = Keypad_1_GetCol();
 114              		.loc 1 53 0
 115 0002 FFF7FEFF 		bl	Keypad_1_GetCol
 116              	.LVL8:
 117 0006 0446     		mov	r4, r0
 118              	.LVL9:
ARM GAS  C:\Users\santa\AppData\Local\Temp\ccFmQtEc.s 			page 4


  54:Generated_Source\PSoC5/Keypad_1_Keypad1.c **** 	
  55:Generated_Source\PSoC5/Keypad_1_Keypad1.c **** 	y = Keypad_1_GetRow();
 119              		.loc 1 55 0
 120 0008 FFF7FEFF 		bl	Keypad_1_GetRow
 121              	.LVL10:
  56:Generated_Source\PSoC5/Keypad_1_Keypad1.c **** 
  57:Generated_Source\PSoC5/Keypad_1_Keypad1.c **** 	Button=Keypad_1_Key[y][x];										//Assign correct Character
 122              		.loc 1 57 0
 123 000c 054B     		ldr	r3, .L12
 124 000e 03EB8000 		add	r0, r3, r0, lsl #2
 125              	.LVL11:
 126 0012 045D     		ldrb	r4, [r0, r4]	@ zero_extendqisi2
 127              	.LVL12:
 128              	.L10:
  58:Generated_Source\PSoC5/Keypad_1_Keypad1.c **** 	
  59:Generated_Source\PSoC5/Keypad_1_Keypad1.c **** 	while(!(Keypad_1_Status_Reg_Read() & 0x10));	//Wait for a valid press of button
 129              		.loc 1 59 0 discriminator 1
 130 0014 FFF7FEFF 		bl	Keypad_1_Status_Reg_Read
 131              	.LVL13:
 132 0018 10F0100F 		tst	r0, #16
 133 001c FAD0     		beq	.L10
  60:Generated_Source\PSoC5/Keypad_1_Keypad1.c **** 	
  61:Generated_Source\PSoC5/Keypad_1_Keypad1.c **** 	return Button;
  62:Generated_Source\PSoC5/Keypad_1_Keypad1.c **** }
 134              		.loc 1 62 0
 135 001e 2046     		mov	r0, r4
 136 0020 10BD     		pop	{r4, pc}
 137              	.LVL14:
 138              	.L13:
 139 0022 00BF     		.align	2
 140              	.L12:
 141 0024 00000000 		.word	Keypad_1_Key
 142              		.cfi_endproc
 143              	.LFE65:
 144              		.size	Keypad_1_GetButton, .-Keypad_1_GetButton
 145              		.comm	Keypad_1_Key,16,4
 146              		.text
 147              	.Letext0:
 148              		.file 2 "c:\\program files (x86)\\cypress\\psoc creator\\4.2\\psoc creator\\import\\gnu\\arm\\5.4.
 149              		.file 3 "c:\\program files (x86)\\cypress\\psoc creator\\4.2\\psoc creator\\import\\gnu\\arm\\5.4.
 150              		.file 4 "Generated_Source\\PSoC5/cytypes.h"
 151              		.file 5 "Generated_Source\\PSoC5/Keypad_1_Keypad1.h"
 152              		.file 6 "Generated_Source\\PSoC5/core_cm3.h"
 153              		.file 7 "Generated_Source\\PSoC5/Keypad_1_Status_Reg.h"
 154              		.section	.debug_info,"",%progbits
 155              	.Ldebug_info0:
 156 0000 E6010000 		.4byte	0x1e6
 157 0004 0400     		.2byte	0x4
 158 0006 00000000 		.4byte	.Ldebug_abbrev0
 159 000a 04       		.byte	0x4
 160 000b 01       		.uleb128 0x1
 161 000c 84000000 		.4byte	.LASF24
 162 0010 0C       		.byte	0xc
 163 0011 1D000000 		.4byte	.LASF25
 164 0015 61010000 		.4byte	.LASF26
 165 0019 00000000 		.4byte	.Ldebug_ranges0+0
 166 001d 00000000 		.4byte	0
ARM GAS  C:\Users\santa\AppData\Local\Temp\ccFmQtEc.s 			page 5


 167 0021 00000000 		.4byte	.Ldebug_line0
 168 0025 02       		.uleb128 0x2
 169 0026 01       		.byte	0x1
 170 0027 06       		.byte	0x6
 171 0028 1D020000 		.4byte	.LASF0
 172 002c 02       		.uleb128 0x2
 173 002d 01       		.byte	0x1
 174 002e 08       		.byte	0x8
 175 002f 76000000 		.4byte	.LASF1
 176 0033 02       		.uleb128 0x2
 177 0034 02       		.byte	0x2
 178 0035 05       		.byte	0x5
 179 0036 EB010000 		.4byte	.LASF2
 180 003a 02       		.uleb128 0x2
 181 003b 02       		.byte	0x2
 182 003c 07       		.byte	0x7
 183 003d 2A010000 		.4byte	.LASF3
 184 0041 03       		.uleb128 0x3
 185 0042 13000000 		.4byte	.LASF9
 186 0046 02       		.byte	0x2
 187 0047 3F       		.byte	0x3f
 188 0048 4C000000 		.4byte	0x4c
 189 004c 02       		.uleb128 0x2
 190 004d 04       		.byte	0x4
 191 004e 05       		.byte	0x5
 192 004f 08020000 		.4byte	.LASF4
 193 0053 02       		.uleb128 0x2
 194 0054 04       		.byte	0x4
 195 0055 07       		.byte	0x7
 196 0056 18010000 		.4byte	.LASF5
 197 005a 02       		.uleb128 0x2
 198 005b 08       		.byte	0x8
 199 005c 05       		.byte	0x5
 200 005d D8010000 		.4byte	.LASF6
 201 0061 02       		.uleb128 0x2
 202 0062 08       		.byte	0x8
 203 0063 07       		.byte	0x7
 204 0064 B0010000 		.4byte	.LASF7
 205 0068 04       		.uleb128 0x4
 206 0069 04       		.byte	0x4
 207 006a 05       		.byte	0x5
 208 006b 696E7400 		.ascii	"int\000"
 209 006f 02       		.uleb128 0x2
 210 0070 04       		.byte	0x4
 211 0071 07       		.byte	0x7
 212 0072 A3010000 		.4byte	.LASF8
 213 0076 03       		.uleb128 0x3
 214 0077 C7010000 		.4byte	.LASF10
 215 007b 03       		.byte	0x3
 216 007c 2C       		.byte	0x2c
 217 007d 41000000 		.4byte	0x41
 218 0081 05       		.uleb128 0x5
 219 0082 02020000 		.4byte	.LASF11
 220 0086 04       		.byte	0x4
 221 0087 E401     		.2byte	0x1e4
 222 0089 2C000000 		.4byte	0x2c
 223 008d 02       		.uleb128 0x2
ARM GAS  C:\Users\santa\AppData\Local\Temp\ccFmQtEc.s 			page 6


 224 008e 04       		.byte	0x4
 225 008f 04       		.byte	0x4
 226 0090 70000000 		.4byte	.LASF12
 227 0094 02       		.uleb128 0x2
 228 0095 08       		.byte	0x8
 229 0096 04       		.byte	0x4
 230 0097 5A010000 		.4byte	.LASF13
 231 009b 05       		.uleb128 0x5
 232 009c 12010000 		.4byte	.LASF14
 233 00a0 04       		.byte	0x4
 234 00a1 F501     		.2byte	0x1f5
 235 00a3 A7000000 		.4byte	0xa7
 236 00a7 02       		.uleb128 0x2
 237 00a8 01       		.byte	0x1
 238 00a9 08       		.byte	0x8
 239 00aa E6010000 		.4byte	.LASF15
 240 00ae 02       		.uleb128 0x2
 241 00af 08       		.byte	0x8
 242 00b0 04       		.byte	0x4
 243 00b1 11020000 		.4byte	.LASF16
 244 00b5 02       		.uleb128 0x2
 245 00b6 04       		.byte	0x4
 246 00b7 07       		.byte	0x7
 247 00b8 CF010000 		.4byte	.LASF17
 248 00bc 06       		.uleb128 0x6
 249 00bd 47000000 		.4byte	.LASF18
 250 00c1 01       		.byte	0x1
 251 00c2 0F       		.byte	0xf
 252 00c3 81000000 		.4byte	0x81
 253 00c7 00000000 		.4byte	.LFB63
 254 00cb 22000000 		.4byte	.LFE63-.LFB63
 255 00cf 01       		.uleb128 0x1
 256 00d0 9C       		.byte	0x9c
 257 00d1 02010000 		.4byte	0x102
 258 00d5 07       		.uleb128 0x7
 259 00d6 436F6C00 		.ascii	"Col\000"
 260 00da 01       		.byte	0x1
 261 00db 11       		.byte	0x11
 262 00dc 81000000 		.4byte	0x81
 263 00e0 05       		.uleb128 0x5
 264 00e1 74       		.byte	0x74
 265 00e2 00       		.sleb128 0
 266 00e3 33       		.byte	0x33
 267 00e4 1A       		.byte	0x1a
 268 00e5 9F       		.byte	0x9f
 269 00e6 08       		.uleb128 0x8
 270 00e7 06000000 		.4byte	.LVL0
 271 00eb DE010000 		.4byte	0x1de
 272 00ef 08       		.uleb128 0x8
 273 00f0 10000000 		.4byte	.LVL1
 274 00f4 DE010000 		.4byte	0x1de
 275 00f8 08       		.uleb128 0x8
 276 00f9 1A000000 		.4byte	.LVL2
 277 00fd DE010000 		.4byte	0x1de
 278 0101 00       		.byte	0
 279 0102 06       		.uleb128 0x6
 280 0103 4A010000 		.4byte	.LASF19
ARM GAS  C:\Users\santa\AppData\Local\Temp\ccFmQtEc.s 			page 7


 281 0107 01       		.byte	0x1
 282 0108 1F       		.byte	0x1f
 283 0109 81000000 		.4byte	0x81
 284 010d 00000000 		.4byte	.LFB64
 285 0111 22000000 		.4byte	.LFE64-.LFB64
 286 0115 01       		.uleb128 0x1
 287 0116 9C       		.byte	0x9c
 288 0117 48010000 		.4byte	0x148
 289 011b 07       		.uleb128 0x7
 290 011c 526F7700 		.ascii	"Row\000"
 291 0120 01       		.byte	0x1
 292 0121 21       		.byte	0x21
 293 0122 81000000 		.4byte	0x81
 294 0126 05       		.uleb128 0x5
 295 0127 74       		.byte	0x74
 296 0128 00       		.sleb128 0
 297 0129 32       		.byte	0x32
 298 012a 25       		.byte	0x25
 299 012b 9F       		.byte	0x9f
 300 012c 08       		.uleb128 0x8
 301 012d 06000000 		.4byte	.LVL4
 302 0131 DE010000 		.4byte	0x1de
 303 0135 08       		.uleb128 0x8
 304 0136 10000000 		.4byte	.LVL5
 305 013a DE010000 		.4byte	0x1de
 306 013e 08       		.uleb128 0x8
 307 013f 1A000000 		.4byte	.LVL6
 308 0143 DE010000 		.4byte	0x1de
 309 0147 00       		.byte	0
 310 0148 06       		.uleb128 0x6
 311 0149 00000000 		.4byte	.LASF20
 312 014d 01       		.byte	0x1
 313 014e 2F       		.byte	0x2f
 314 014f 81000000 		.4byte	0x81
 315 0153 00000000 		.4byte	.LFB65
 316 0157 28000000 		.4byte	.LFE65-.LFB65
 317 015b 01       		.uleb128 0x1
 318 015c 9C       		.byte	0x9c
 319 015d A6010000 		.4byte	0x1a6
 320 0161 09       		.uleb128 0x9
 321 0162 29020000 		.4byte	.LASF21
 322 0166 01       		.byte	0x1
 323 0167 31       		.byte	0x31
 324 0168 9B000000 		.4byte	0x9b
 325 016c 00000000 		.4byte	.LLST0
 326 0170 0A       		.uleb128 0xa
 327 0171 7800     		.ascii	"x\000"
 328 0173 01       		.byte	0x1
 329 0174 33       		.byte	0x33
 330 0175 81000000 		.4byte	0x81
 331 0179 1E000000 		.4byte	.LLST1
 332 017d 0A       		.uleb128 0xa
 333 017e 7900     		.ascii	"y\000"
 334 0180 01       		.byte	0x1
 335 0181 33       		.byte	0x33
 336 0182 81000000 		.4byte	0x81
 337 0186 31000000 		.4byte	.LLST2
ARM GAS  C:\Users\santa\AppData\Local\Temp\ccFmQtEc.s 			page 8


 338 018a 08       		.uleb128 0x8
 339 018b 06000000 		.4byte	.LVL8
 340 018f BC000000 		.4byte	0xbc
 341 0193 08       		.uleb128 0x8
 342 0194 0C000000 		.4byte	.LVL10
 343 0198 02010000 		.4byte	0x102
 344 019c 08       		.uleb128 0x8
 345 019d 18000000 		.4byte	.LVL13
 346 01a1 DE010000 		.4byte	0x1de
 347 01a5 00       		.byte	0
 348 01a6 0B       		.uleb128 0xb
 349 01a7 A7000000 		.4byte	0xa7
 350 01ab BC010000 		.4byte	0x1bc
 351 01af 0C       		.uleb128 0xc
 352 01b0 B5000000 		.4byte	0xb5
 353 01b4 03       		.byte	0x3
 354 01b5 0C       		.uleb128 0xc
 355 01b6 B5000000 		.4byte	0xb5
 356 01ba 03       		.byte	0x3
 357 01bb 00       		.byte	0
 358 01bc 0D       		.uleb128 0xd
 359 01bd F5010000 		.4byte	.LASF22
 360 01c1 05       		.byte	0x5
 361 01c2 16       		.byte	0x16
 362 01c3 A6010000 		.4byte	0x1a6
 363 01c7 05       		.uleb128 0x5
 364 01c8 03       		.byte	0x3
 365 01c9 00000000 		.4byte	Keypad_1_Key
 366 01cd 0E       		.uleb128 0xe
 367 01ce 3D010000 		.4byte	.LASF23
 368 01d2 06       		.byte	0x6
 369 01d3 1207     		.2byte	0x712
 370 01d5 D9010000 		.4byte	0x1d9
 371 01d9 0F       		.uleb128 0xf
 372 01da 76000000 		.4byte	0x76
 373 01de 10       		.uleb128 0x10
 374 01df 57000000 		.4byte	.LASF27
 375 01e3 57000000 		.4byte	.LASF27
 376 01e7 07       		.byte	0x7
 377 01e8 30       		.byte	0x30
 378 01e9 00       		.byte	0
 379              		.section	.debug_abbrev,"",%progbits
 380              	.Ldebug_abbrev0:
 381 0000 01       		.uleb128 0x1
 382 0001 11       		.uleb128 0x11
 383 0002 01       		.byte	0x1
 384 0003 25       		.uleb128 0x25
 385 0004 0E       		.uleb128 0xe
 386 0005 13       		.uleb128 0x13
 387 0006 0B       		.uleb128 0xb
 388 0007 03       		.uleb128 0x3
 389 0008 0E       		.uleb128 0xe
 390 0009 1B       		.uleb128 0x1b
 391 000a 0E       		.uleb128 0xe
 392 000b 55       		.uleb128 0x55
 393 000c 17       		.uleb128 0x17
 394 000d 11       		.uleb128 0x11
ARM GAS  C:\Users\santa\AppData\Local\Temp\ccFmQtEc.s 			page 9


 395 000e 01       		.uleb128 0x1
 396 000f 10       		.uleb128 0x10
 397 0010 17       		.uleb128 0x17
 398 0011 00       		.byte	0
 399 0012 00       		.byte	0
 400 0013 02       		.uleb128 0x2
 401 0014 24       		.uleb128 0x24
 402 0015 00       		.byte	0
 403 0016 0B       		.uleb128 0xb
 404 0017 0B       		.uleb128 0xb
 405 0018 3E       		.uleb128 0x3e
 406 0019 0B       		.uleb128 0xb
 407 001a 03       		.uleb128 0x3
 408 001b 0E       		.uleb128 0xe
 409 001c 00       		.byte	0
 410 001d 00       		.byte	0
 411 001e 03       		.uleb128 0x3
 412 001f 16       		.uleb128 0x16
 413 0020 00       		.byte	0
 414 0021 03       		.uleb128 0x3
 415 0022 0E       		.uleb128 0xe
 416 0023 3A       		.uleb128 0x3a
 417 0024 0B       		.uleb128 0xb
 418 0025 3B       		.uleb128 0x3b
 419 0026 0B       		.uleb128 0xb
 420 0027 49       		.uleb128 0x49
 421 0028 13       		.uleb128 0x13
 422 0029 00       		.byte	0
 423 002a 00       		.byte	0
 424 002b 04       		.uleb128 0x4
 425 002c 24       		.uleb128 0x24
 426 002d 00       		.byte	0
 427 002e 0B       		.uleb128 0xb
 428 002f 0B       		.uleb128 0xb
 429 0030 3E       		.uleb128 0x3e
 430 0031 0B       		.uleb128 0xb
 431 0032 03       		.uleb128 0x3
 432 0033 08       		.uleb128 0x8
 433 0034 00       		.byte	0
 434 0035 00       		.byte	0
 435 0036 05       		.uleb128 0x5
 436 0037 16       		.uleb128 0x16
 437 0038 00       		.byte	0
 438 0039 03       		.uleb128 0x3
 439 003a 0E       		.uleb128 0xe
 440 003b 3A       		.uleb128 0x3a
 441 003c 0B       		.uleb128 0xb
 442 003d 3B       		.uleb128 0x3b
 443 003e 05       		.uleb128 0x5
 444 003f 49       		.uleb128 0x49
 445 0040 13       		.uleb128 0x13
 446 0041 00       		.byte	0
 447 0042 00       		.byte	0
 448 0043 06       		.uleb128 0x6
 449 0044 2E       		.uleb128 0x2e
 450 0045 01       		.byte	0x1
 451 0046 3F       		.uleb128 0x3f
ARM GAS  C:\Users\santa\AppData\Local\Temp\ccFmQtEc.s 			page 10


 452 0047 19       		.uleb128 0x19
 453 0048 03       		.uleb128 0x3
 454 0049 0E       		.uleb128 0xe
 455 004a 3A       		.uleb128 0x3a
 456 004b 0B       		.uleb128 0xb
 457 004c 3B       		.uleb128 0x3b
 458 004d 0B       		.uleb128 0xb
 459 004e 27       		.uleb128 0x27
 460 004f 19       		.uleb128 0x19
 461 0050 49       		.uleb128 0x49
 462 0051 13       		.uleb128 0x13
 463 0052 11       		.uleb128 0x11
 464 0053 01       		.uleb128 0x1
 465 0054 12       		.uleb128 0x12
 466 0055 06       		.uleb128 0x6
 467 0056 40       		.uleb128 0x40
 468 0057 18       		.uleb128 0x18
 469 0058 9742     		.uleb128 0x2117
 470 005a 19       		.uleb128 0x19
 471 005b 01       		.uleb128 0x1
 472 005c 13       		.uleb128 0x13
 473 005d 00       		.byte	0
 474 005e 00       		.byte	0
 475 005f 07       		.uleb128 0x7
 476 0060 34       		.uleb128 0x34
 477 0061 00       		.byte	0
 478 0062 03       		.uleb128 0x3
 479 0063 08       		.uleb128 0x8
 480 0064 3A       		.uleb128 0x3a
 481 0065 0B       		.uleb128 0xb
 482 0066 3B       		.uleb128 0x3b
 483 0067 0B       		.uleb128 0xb
 484 0068 49       		.uleb128 0x49
 485 0069 13       		.uleb128 0x13
 486 006a 02       		.uleb128 0x2
 487 006b 18       		.uleb128 0x18
 488 006c 00       		.byte	0
 489 006d 00       		.byte	0
 490 006e 08       		.uleb128 0x8
 491 006f 898201   		.uleb128 0x4109
 492 0072 00       		.byte	0
 493 0073 11       		.uleb128 0x11
 494 0074 01       		.uleb128 0x1
 495 0075 31       		.uleb128 0x31
 496 0076 13       		.uleb128 0x13
 497 0077 00       		.byte	0
 498 0078 00       		.byte	0
 499 0079 09       		.uleb128 0x9
 500 007a 34       		.uleb128 0x34
 501 007b 00       		.byte	0
 502 007c 03       		.uleb128 0x3
 503 007d 0E       		.uleb128 0xe
 504 007e 3A       		.uleb128 0x3a
 505 007f 0B       		.uleb128 0xb
 506 0080 3B       		.uleb128 0x3b
 507 0081 0B       		.uleb128 0xb
 508 0082 49       		.uleb128 0x49
ARM GAS  C:\Users\santa\AppData\Local\Temp\ccFmQtEc.s 			page 11


 509 0083 13       		.uleb128 0x13
 510 0084 02       		.uleb128 0x2
 511 0085 17       		.uleb128 0x17
 512 0086 00       		.byte	0
 513 0087 00       		.byte	0
 514 0088 0A       		.uleb128 0xa
 515 0089 34       		.uleb128 0x34
 516 008a 00       		.byte	0
 517 008b 03       		.uleb128 0x3
 518 008c 08       		.uleb128 0x8
 519 008d 3A       		.uleb128 0x3a
 520 008e 0B       		.uleb128 0xb
 521 008f 3B       		.uleb128 0x3b
 522 0090 0B       		.uleb128 0xb
 523 0091 49       		.uleb128 0x49
 524 0092 13       		.uleb128 0x13
 525 0093 02       		.uleb128 0x2
 526 0094 17       		.uleb128 0x17
 527 0095 00       		.byte	0
 528 0096 00       		.byte	0
 529 0097 0B       		.uleb128 0xb
 530 0098 01       		.uleb128 0x1
 531 0099 01       		.byte	0x1
 532 009a 49       		.uleb128 0x49
 533 009b 13       		.uleb128 0x13
 534 009c 01       		.uleb128 0x1
 535 009d 13       		.uleb128 0x13
 536 009e 00       		.byte	0
 537 009f 00       		.byte	0
 538 00a0 0C       		.uleb128 0xc
 539 00a1 21       		.uleb128 0x21
 540 00a2 00       		.byte	0
 541 00a3 49       		.uleb128 0x49
 542 00a4 13       		.uleb128 0x13
 543 00a5 2F       		.uleb128 0x2f
 544 00a6 0B       		.uleb128 0xb
 545 00a7 00       		.byte	0
 546 00a8 00       		.byte	0
 547 00a9 0D       		.uleb128 0xd
 548 00aa 34       		.uleb128 0x34
 549 00ab 00       		.byte	0
 550 00ac 03       		.uleb128 0x3
 551 00ad 0E       		.uleb128 0xe
 552 00ae 3A       		.uleb128 0x3a
 553 00af 0B       		.uleb128 0xb
 554 00b0 3B       		.uleb128 0x3b
 555 00b1 0B       		.uleb128 0xb
 556 00b2 49       		.uleb128 0x49
 557 00b3 13       		.uleb128 0x13
 558 00b4 3F       		.uleb128 0x3f
 559 00b5 19       		.uleb128 0x19
 560 00b6 02       		.uleb128 0x2
 561 00b7 18       		.uleb128 0x18
 562 00b8 00       		.byte	0
 563 00b9 00       		.byte	0
 564 00ba 0E       		.uleb128 0xe
 565 00bb 34       		.uleb128 0x34
ARM GAS  C:\Users\santa\AppData\Local\Temp\ccFmQtEc.s 			page 12


 566 00bc 00       		.byte	0
 567 00bd 03       		.uleb128 0x3
 568 00be 0E       		.uleb128 0xe
 569 00bf 3A       		.uleb128 0x3a
 570 00c0 0B       		.uleb128 0xb
 571 00c1 3B       		.uleb128 0x3b
 572 00c2 05       		.uleb128 0x5
 573 00c3 49       		.uleb128 0x49
 574 00c4 13       		.uleb128 0x13
 575 00c5 3F       		.uleb128 0x3f
 576 00c6 19       		.uleb128 0x19
 577 00c7 3C       		.uleb128 0x3c
 578 00c8 19       		.uleb128 0x19
 579 00c9 00       		.byte	0
 580 00ca 00       		.byte	0
 581 00cb 0F       		.uleb128 0xf
 582 00cc 35       		.uleb128 0x35
 583 00cd 00       		.byte	0
 584 00ce 49       		.uleb128 0x49
 585 00cf 13       		.uleb128 0x13
 586 00d0 00       		.byte	0
 587 00d1 00       		.byte	0
 588 00d2 10       		.uleb128 0x10
 589 00d3 2E       		.uleb128 0x2e
 590 00d4 00       		.byte	0
 591 00d5 3F       		.uleb128 0x3f
 592 00d6 19       		.uleb128 0x19
 593 00d7 3C       		.uleb128 0x3c
 594 00d8 19       		.uleb128 0x19
 595 00d9 6E       		.uleb128 0x6e
 596 00da 0E       		.uleb128 0xe
 597 00db 03       		.uleb128 0x3
 598 00dc 0E       		.uleb128 0xe
 599 00dd 3A       		.uleb128 0x3a
 600 00de 0B       		.uleb128 0xb
 601 00df 3B       		.uleb128 0x3b
 602 00e0 0B       		.uleb128 0xb
 603 00e1 00       		.byte	0
 604 00e2 00       		.byte	0
 605 00e3 00       		.byte	0
 606              		.section	.debug_loc,"",%progbits
 607              	.Ldebug_loc0:
 608              	.LLST0:
 609 0000 14000000 		.4byte	.LVL12
 610 0004 22000000 		.4byte	.LVL14
 611 0008 0100     		.2byte	0x1
 612 000a 54       		.byte	0x54
 613 000b 22000000 		.4byte	.LVL14
 614 000f 28000000 		.4byte	.LFE65
 615 0013 0100     		.2byte	0x1
 616 0015 50       		.byte	0x50
 617 0016 00000000 		.4byte	0
 618 001a 00000000 		.4byte	0
 619              	.LLST1:
 620 001e 08000000 		.4byte	.LVL9
 621 0022 14000000 		.4byte	.LVL12
 622 0026 0100     		.2byte	0x1
ARM GAS  C:\Users\santa\AppData\Local\Temp\ccFmQtEc.s 			page 13


 623 0028 54       		.byte	0x54
 624 0029 00000000 		.4byte	0
 625 002d 00000000 		.4byte	0
 626              	.LLST2:
 627 0031 0C000000 		.4byte	.LVL10
 628 0035 12000000 		.4byte	.LVL11
 629 0039 0100     		.2byte	0x1
 630 003b 50       		.byte	0x50
 631 003c 00000000 		.4byte	0
 632 0040 00000000 		.4byte	0
 633              		.section	.debug_aranges,"",%progbits
 634 0000 2C000000 		.4byte	0x2c
 635 0004 0200     		.2byte	0x2
 636 0006 00000000 		.4byte	.Ldebug_info0
 637 000a 04       		.byte	0x4
 638 000b 00       		.byte	0
 639 000c 0000     		.2byte	0
 640 000e 0000     		.2byte	0
 641 0010 00000000 		.4byte	.LFB63
 642 0014 22000000 		.4byte	.LFE63-.LFB63
 643 0018 00000000 		.4byte	.LFB64
 644 001c 22000000 		.4byte	.LFE64-.LFB64
 645 0020 00000000 		.4byte	.LFB65
 646 0024 28000000 		.4byte	.LFE65-.LFB65
 647 0028 00000000 		.4byte	0
 648 002c 00000000 		.4byte	0
 649              		.section	.debug_ranges,"",%progbits
 650              	.Ldebug_ranges0:
 651 0000 00000000 		.4byte	.LFB63
 652 0004 22000000 		.4byte	.LFE63
 653 0008 00000000 		.4byte	.LFB64
 654 000c 22000000 		.4byte	.LFE64
 655 0010 00000000 		.4byte	.LFB65
 656 0014 28000000 		.4byte	.LFE65
 657 0018 00000000 		.4byte	0
 658 001c 00000000 		.4byte	0
 659              		.section	.debug_line,"",%progbits
 660              	.Ldebug_line0:
 661 0000 D3010000 		.section	.debug_str,"MS",%progbits,1
 661      02008701 
 661      00000201 
 661      FB0E0D00 
 661      01010101 
 662              	.LASF20:
 663 0000 4B657970 		.ascii	"Keypad_1_GetButton\000"
 663      61645F31 
 663      5F476574 
 663      42757474 
 663      6F6E00
 664              	.LASF9:
 665 0013 5F5F696E 		.ascii	"__int32_t\000"
 665      7433325F 
 665      7400
 666              	.LASF25:
 667 001d 47656E65 		.ascii	"Generated_Source\\PSoC5\\Keypad_1_Keypad1.c\000"
 667      72617465 
 667      645F536F 
ARM GAS  C:\Users\santa\AppData\Local\Temp\ccFmQtEc.s 			page 14


 667      75726365 
 667      5C50536F 
 668              	.LASF18:
 669 0047 4B657970 		.ascii	"Keypad_1_GetCol\000"
 669      61645F31 
 669      5F476574 
 669      436F6C00 
 670              	.LASF27:
 671 0057 4B657970 		.ascii	"Keypad_1_Status_Reg_Read\000"
 671      61645F31 
 671      5F537461 
 671      7475735F 
 671      5265675F 
 672              	.LASF12:
 673 0070 666C6F61 		.ascii	"float\000"
 673      7400
 674              	.LASF1:
 675 0076 756E7369 		.ascii	"unsigned char\000"
 675      676E6564 
 675      20636861 
 675      7200
 676              	.LASF24:
 677 0084 474E5520 		.ascii	"GNU C11 5.4.1 20160609 (release) [ARM/embedded-5-br"
 677      43313120 
 677      352E342E 
 677      31203230 
 677      31363036 
 678 00b7 616E6368 		.ascii	"anch revision 237715] -mcpu=cortex-m3 -mthumb -g -O"
 678      20726576 
 678      6973696F 
 678      6E203233 
 678      37373135 
 679 00ea 67202D66 		.ascii	"g -ffunction-sections -ffat-lto-objects\000"
 679      66756E63 
 679      74696F6E 
 679      2D736563 
 679      74696F6E 
 680              	.LASF14:
 681 0112 63686172 		.ascii	"char8\000"
 681      3800
 682              	.LASF5:
 683 0118 6C6F6E67 		.ascii	"long unsigned int\000"
 683      20756E73 
 683      69676E65 
 683      6420696E 
 683      7400
 684              	.LASF3:
 685 012a 73686F72 		.ascii	"short unsigned int\000"
 685      7420756E 
 685      7369676E 
 685      65642069 
 685      6E7400
 686              	.LASF23:
 687 013d 49544D5F 		.ascii	"ITM_RxBuffer\000"
 687      52784275 
 687      66666572 
 687      00
ARM GAS  C:\Users\santa\AppData\Local\Temp\ccFmQtEc.s 			page 15


 688              	.LASF19:
 689 014a 4B657970 		.ascii	"Keypad_1_GetRow\000"
 689      61645F31 
 689      5F476574 
 689      526F7700 
 690              	.LASF13:
 691 015a 646F7562 		.ascii	"double\000"
 691      6C6500
 692              	.LASF26:
 693 0161 433A5C55 		.ascii	"C:\\Users\\santa\\Documents\\PSoC Creator\\Laborato"
 693      73657273 
 693      5C73616E 
 693      74615C44 
 693      6F63756D 
 694 018f 72696F36 		.ascii	"rio6\\Design01.cydsn\000"
 694      5C446573 
 694      69676E30 
 694      312E6379 
 694      64736E00 
 695              	.LASF8:
 696 01a3 756E7369 		.ascii	"unsigned int\000"
 696      676E6564 
 696      20696E74 
 696      00
 697              	.LASF7:
 698 01b0 6C6F6E67 		.ascii	"long long unsigned int\000"
 698      206C6F6E 
 698      6720756E 
 698      7369676E 
 698      65642069 
 699              	.LASF10:
 700 01c7 696E7433 		.ascii	"int32_t\000"
 700      325F7400 
 701              	.LASF17:
 702 01cf 73697A65 		.ascii	"sizetype\000"
 702      74797065 
 702      00
 703              	.LASF6:
 704 01d8 6C6F6E67 		.ascii	"long long int\000"
 704      206C6F6E 
 704      6720696E 
 704      7400
 705              	.LASF15:
 706 01e6 63686172 		.ascii	"char\000"
 706      00
 707              	.LASF2:
 708 01eb 73686F72 		.ascii	"short int\000"
 708      7420696E 
 708      7400
 709              	.LASF22:
 710 01f5 4B657970 		.ascii	"Keypad_1_Key\000"
 710      61645F31 
 710      5F4B6579 
 710      00
 711              	.LASF11:
 712 0202 75696E74 		.ascii	"uint8\000"
 712      3800
ARM GAS  C:\Users\santa\AppData\Local\Temp\ccFmQtEc.s 			page 16


 713              	.LASF4:
 714 0208 6C6F6E67 		.ascii	"long int\000"
 714      20696E74 
 714      00
 715              	.LASF16:
 716 0211 6C6F6E67 		.ascii	"long double\000"
 716      20646F75 
 716      626C6500 
 717              	.LASF0:
 718 021d 7369676E 		.ascii	"signed char\000"
 718      65642063 
 718      68617200 
 719              	.LASF21:
 720 0229 42757474 		.ascii	"Button\000"
 720      6F6E00
 721              		.ident	"GCC: (GNU Tools for ARM Embedded Processors) 5.4.1 20160609 (release) [ARM/embedded-5-bran
