ARM GAS  C:\Users\santa\AppData\Local\Temp\cc91iiC0.s 			page 1


   1              		.syntax unified
   2              		.cpu cortex-m3
   3              		.fpu softvfp
   4              		.eabi_attribute 20, 1
   5              		.eabi_attribute 21, 1
   6              		.eabi_attribute 23, 3
   7              		.eabi_attribute 24, 1
   8              		.eabi_attribute 25, 1
   9              		.eabi_attribute 26, 1
  10              		.eabi_attribute 30, 1
  11              		.eabi_attribute 34, 1
  12              		.eabi_attribute 18, 4
  13              		.thumb
  14              		.syntax unified
  15              		.file	"main.c"
  16              		.text
  17              	.Ltext0:
  18              		.cfi_sections	.debug_frame
  19              		.global	__aeabi_f2uiz
  20              		.section	.text.Timer,"ax",%progbits
  21              		.align	2
  22              		.global	Timer
  23              		.thumb
  24              		.thumb_func
  25              		.type	Timer, %function
  26              	Timer:
  27              	.LFB64:
  28              		.file 1 "main.c"
   1:main.c        **** /* ========================================
   2:main.c        ****  *
   3:main.c        ****  * Copyright YOUR COMPANY, THE YEAR
   4:main.c        ****  * All Rights Reserved
   5:main.c        ****  * UNPUBLISHED, LICENSED SOFTWARE.
   6:main.c        ****  *
   7:main.c        ****  * CONFIDENTIAL AND PROPRIETARY INFORMATION
   8:main.c        ****  * WHICH IS THE PROPERTY OF your company.
   9:main.c        ****  *
  10:main.c        ****  * ========================================
  11:main.c        **** */
  12:main.c        **** #include "project.h"
  13:main.c        **** #include "stdlib.h"
  14:main.c        **** #include "stdio.h"
  15:main.c        **** volatile int flag=0;
  16:main.c        **** int flag_cont,flag_stop,flag_reset=0;
  17:main.c        **** volatile uint8 index_vis=0;
  18:main.c        **** volatile uint32 datos=0;
  19:main.c        **** volatile float temperatura;
  20:main.c        **** uint8 count_t=0;
  21:main.c        **** char valor[4];
  22:main.c        **** int x,y=0;
  23:main.c        **** //#include "device.h"
  24:main.c        **** void Visualizacion(float32 dato);
  25:main.c        **** char8 Keypad_1_Key[4][4] = {
  26:main.c        **** 					{'1','2','3','A'},		//Row 0
  27:main.c        **** 					
  28:main.c        **** 					{'4','5','6','B'},		//Row 1
  29:main.c        **** 										
ARM GAS  C:\Users\santa\AppData\Local\Temp\cc91iiC0.s 			page 2


  30:main.c        **** 					{'7','8','9','C'},		//Row 2
  31:main.c        **** 					
  32:main.c        **** 					{'*','0','#','D'}		//Row 3
  33:main.c        **** 				  };
  34:main.c        **** 
  35:main.c        **** CY_ISR(Timer){
  29              		.loc 1 35 0
  30              		.cfi_startproc
  31              		@ args = 0, pretend = 0, frame = 0
  32              		@ frame_needed = 0, uses_anonymous_args = 0
  33 0000 10B5     		push	{r4, lr}
  34              		.cfi_def_cfa_offset 8
  35              		.cfi_offset 4, -8
  36              		.cfi_offset 14, -4
  36:main.c        ****   pin_Write(1);
  37              		.loc 1 36 0
  38 0002 0120     		movs	r0, #1
  39 0004 FFF7FEFF 		bl	pin_Write
  40              	.LVL0:
  37:main.c        ****   if(count_t<60){
  41              		.loc 1 37 0
  42 0008 0C4B     		ldr	r3, .L5
  43 000a 1B78     		ldrb	r3, [r3]	@ zero_extendqisi2
  44 000c 3B2B     		cmp	r3, #59
  45 000e 0DD8     		bhi	.L2
  38:main.c        ****      count_t++;  
  46              		.loc 1 38 0
  47 0010 0133     		adds	r3, r3, #1
  48 0012 DBB2     		uxtb	r3, r3
  49 0014 094A     		ldr	r2, .L5
  50 0016 1370     		strb	r3, [r2]
  39:main.c        ****      EEPROM_WriteByte(temperatura,count_t);
  51              		.loc 1 39 0
  52 0018 094A     		ldr	r2, .L5+4
  53 001a 1068     		ldr	r0, [r2]	@ float
  54 001c 9CB2     		uxth	r4, r3
  55 001e FFF7FEFF 		bl	__aeabi_f2uiz
  56              	.LVL1:
  57 0022 2146     		mov	r1, r4
  58 0024 C0B2     		uxtb	r0, r0
  59 0026 FFF7FEFF 		bl	EEPROM_WriteByte
  60              	.LVL2:
  61 002a 10BD     		pop	{r4, pc}
  62              	.L2:
  40:main.c        ****   }else{
  41:main.c        ****      flag_stop=1;
  63              		.loc 1 41 0
  64 002c 0122     		movs	r2, #1
  65 002e 054B     		ldr	r3, .L5+8
  66 0030 1A60     		str	r2, [r3]
  42:main.c        ****      count_t=0;
  67              		.loc 1 42 0
  68 0032 0022     		movs	r2, #0
  69 0034 014B     		ldr	r3, .L5
  70 0036 1A70     		strb	r2, [r3]
  71 0038 10BD     		pop	{r4, pc}
  72              	.L6:
ARM GAS  C:\Users\santa\AppData\Local\Temp\cc91iiC0.s 			page 3


  73 003a 00BF     		.align	2
  74              	.L5:
  75 003c 00000000 		.word	.LANCHOR0
  76 0040 00000000 		.word	temperatura
  77 0044 00000000 		.word	flag_stop
  78              		.cfi_endproc
  79              	.LFE64:
  80              		.size	Timer, .-Timer
  81              		.section	.text.press_ISR,"ax",%progbits
  82              		.align	2
  83              		.global	press_ISR
  84              		.thumb
  85              		.thumb_func
  86              		.type	press_ISR, %function
  87              	press_ISR:
  88              	.LFB65:
  43:main.c        **** 
  44:main.c        ****  }
  45:main.c        **** 
  46:main.c        **** }
  47:main.c        **** 
  48:main.c        **** CY_ISR(press_ISR){
  89              		.loc 1 48 0
  90              		.cfi_startproc
  91              		@ args = 0, pretend = 0, frame = 0
  92              		@ frame_needed = 0, uses_anonymous_args = 0
  93 0000 10B5     		push	{r4, lr}
  94              		.cfi_def_cfa_offset 8
  95              		.cfi_offset 4, -8
  96              		.cfi_offset 14, -4
  49:main.c        ****     char t=Keypad_1_GetButton();
  97              		.loc 1 49 0
  98 0002 FFF7FEFF 		bl	Keypad_1_GetButton
  99              	.LVL3:
 100 0006 0446     		mov	r4, r0
 101              	.LVL4:
  50:main.c        ****     CyDelay(200);    
 102              		.loc 1 50 0
 103 0008 C820     		movs	r0, #200
 104 000a FFF7FEFF 		bl	CyDelay
 105              	.LVL5:
  51:main.c        **** switch(t){
 106              		.loc 1 51 0
 107 000e A4F13100 		sub	r0, r4, #49
 108 0012 1128     		cmp	r0, #17
 109 0014 31D8     		bhi	.L8
 110 0016 DFE800F0 		tbb	[pc, r0]
 111              	.L10:
 112 001a 13       		.byte	(.L9-.L10)/2
 113 001b 22       		.byte	(.L11-.L10)/2
 114 001c 30       		.byte	(.L8-.L10)/2
 115 001d 30       		.byte	(.L8-.L10)/2
 116 001e 30       		.byte	(.L8-.L10)/2
 117 001f 30       		.byte	(.L8-.L10)/2
 118 0020 30       		.byte	(.L8-.L10)/2
 119 0021 30       		.byte	(.L8-.L10)/2
 120 0022 30       		.byte	(.L8-.L10)/2
ARM GAS  C:\Users\santa\AppData\Local\Temp\cc91iiC0.s 			page 4


 121 0023 30       		.byte	(.L8-.L10)/2
 122 0024 30       		.byte	(.L8-.L10)/2
 123 0025 30       		.byte	(.L8-.L10)/2
 124 0026 30       		.byte	(.L8-.L10)/2
 125 0027 30       		.byte	(.L8-.L10)/2
 126 0028 30       		.byte	(.L8-.L10)/2
 127 0029 30       		.byte	(.L8-.L10)/2
 128 002a 09       		.byte	(.L12-.L10)/2
 129 002b 0D       		.byte	(.L13-.L10)/2
 130              		.p2align 1
 131              	.L12:
  52:main.c        ****     case 'A'://inicio de captura
  53:main.c        ****         flag=1;
 132              		.loc 1 53 0
 133 002c 0122     		movs	r2, #1
 134 002e 144B     		ldr	r3, .L17
 135 0030 5A60     		str	r2, [r3, #4]
  54:main.c        ****     break;
 136              		.loc 1 54 0
 137 0032 22E0     		b	.L8
 138              	.L13:
  55:main.c        ****     case 'B'://reset
  56:main.c        ****         flag_reset=1;
 139              		.loc 1 56 0
 140 0034 124B     		ldr	r3, .L17
 141 0036 0122     		movs	r2, #1
 142 0038 9A60     		str	r2, [r3, #8]
  57:main.c        ****         flag=0;        
 143              		.loc 1 57 0
 144 003a 0022     		movs	r2, #0
 145 003c 5A60     		str	r2, [r3, #4]
  58:main.c        ****     break;
 146              		.loc 1 58 0
 147 003e 1CE0     		b	.L8
 148              	.L9:
  59:main.c        ****     case 'C':
  60:main.c        ****     
  61:main.c        ****     break;
  62:main.c        ****     case 'D':
  63:main.c        ****     
  64:main.c        ****     break;
  65:main.c        ****     case '1':
  66:main.c        ****         if (index_vis<=10){//10 por que la visualizacion son 6 datos(por fila de eeprom)
 149              		.loc 1 66 0
 150 0040 0F4B     		ldr	r3, .L17
 151 0042 1B7B     		ldrb	r3, [r3, #12]	@ zero_extendqisi2
 152 0044 DBB2     		uxtb	r3, r3
 153 0046 0A2B     		cmp	r3, #10
 154 0048 05D8     		bhi	.L14
  67:main.c        ****             index_vis++;        
 155              		.loc 1 67 0
 156 004a 0D4A     		ldr	r2, .L17
 157 004c 137B     		ldrb	r3, [r2, #12]	@ zero_extendqisi2
 158 004e 0133     		adds	r3, r3, #1
 159 0050 DBB2     		uxtb	r3, r3
 160 0052 1373     		strb	r3, [r2, #12]
 161 0054 11E0     		b	.L8
ARM GAS  C:\Users\santa\AppData\Local\Temp\cc91iiC0.s 			page 5


 162              	.L14:
  68:main.c        ****         }else{
  69:main.c        ****             index_vis=1;
 163              		.loc 1 69 0
 164 0056 0122     		movs	r2, #1
 165 0058 094B     		ldr	r3, .L17
 166 005a 1A73     		strb	r2, [r3, #12]
 167 005c 0DE0     		b	.L8
 168              	.L11:
  70:main.c        ****         }        
  71:main.c        ****     break;
  72:main.c        ****     case '2':
  73:main.c        ****         if (index_vis<=1){//10 por que la visualizacion son 6 datos(por fila de eeprom)
 169              		.loc 1 73 0
 170 005e 084B     		ldr	r3, .L17
 171 0060 1B7B     		ldrb	r3, [r3, #12]	@ zero_extendqisi2
 172 0062 DBB2     		uxtb	r3, r3
 173 0064 012B     		cmp	r3, #1
 174 0066 03D8     		bhi	.L15
  74:main.c        ****             
  75:main.c        ****             index_vis=10;
 175              		.loc 1 75 0
 176 0068 0A22     		movs	r2, #10
 177 006a 054B     		ldr	r3, .L17
 178 006c 1A73     		strb	r2, [r3, #12]
 179 006e 04E0     		b	.L8
 180              	.L15:
  76:main.c        ****         }else{
  77:main.c        ****             index_vis--;
 181              		.loc 1 77 0
 182 0070 034A     		ldr	r2, .L17
 183 0072 137B     		ldrb	r3, [r2, #12]	@ zero_extendqisi2
 184 0074 013B     		subs	r3, r3, #1
 185 0076 DBB2     		uxtb	r3, r3
 186 0078 1373     		strb	r3, [r2, #12]
 187              	.L8:
  78:main.c        ****         }    
  79:main.c        ****     break;
  80:main.c        ****     case '3':
  81:main.c        ****     
  82:main.c        ****     break;
  83:main.c        ****     case '4':
  84:main.c        ****     
  85:main.c        ****     break;
  86:main.c        ****     case '5':
  87:main.c        ****     
  88:main.c        ****     break;
  89:main.c        ****     case '6':
  90:main.c        ****     
  91:main.c        ****     break;
  92:main.c        ****     case '7':
  93:main.c        ****     
  94:main.c        ****     break;
  95:main.c        ****     case '8':
  96:main.c        ****     
  97:main.c        ****     break;
  98:main.c        ****     case '9':
ARM GAS  C:\Users\santa\AppData\Local\Temp\cc91iiC0.s 			page 6


  99:main.c        ****     
 100:main.c        ****     break;
 101:main.c        ****     case '0':
 102:main.c        ****     
 103:main.c        ****     break;
 104:main.c        ****     case '*':
 105:main.c        ****     
 106:main.c        ****     break;
 107:main.c        ****     case '#':
 108:main.c        ****     
 109:main.c        ****     break;
 110:main.c        **** }    
 111:main.c        ****  //    LCD_Position(1,5);
 112:main.c        ****  //    LCD_PutChar(Keypad_1_GetButton());
 113:main.c        ****      isr_press_ClearPending();
 188              		.loc 1 113 0
 189 007a FFF7FEFF 		bl	isr_press_ClearPending
 190              	.LVL6:
 191 007e 10BD     		pop	{r4, pc}
 192              	.LVL7:
 193              	.L18:
 194              		.align	2
 195              	.L17:
 196 0080 00000000 		.word	.LANCHOR0
 197              		.cfi_endproc
 198              	.LFE65:
 199              		.size	press_ISR, .-press_ISR
 200              		.global	__aeabi_f2d
 201              		.section	.text.Visualizacion,"ax",%progbits
 202              		.align	2
 203              		.global	Visualizacion
 204              		.thumb
 205              		.thumb_func
 206              		.type	Visualizacion, %function
 207              	Visualizacion:
 208              	.LFB67:
 114:main.c        **** }
 115:main.c        **** ///////////////////////visualizar datos////////////
 116:main.c        **** void Read_Data(){
 117:main.c        ****  
 118:main.c        ****   for(int j=0; j<6;j++){
 119:main.c        ****     Visualizacion(EEPROM_ReadByte(6*(index_vis-1))+j);
 120:main.c        **** 
 121:main.c        ****   } 
 122:main.c        **** 
 123:main.c        **** }
 124:main.c        **** 
 125:main.c        **** //funcion de visualizacion
 126:main.c        **** void Visualizacion(float32 dato){
 209              		.loc 1 126 0
 210              		.cfi_startproc
 211              		@ args = 0, pretend = 0, frame = 0
 212              		@ frame_needed = 0, uses_anonymous_args = 0
 213              	.LVL8:
 214 0000 38B5     		push	{r3, r4, r5, lr}
 215              		.cfi_def_cfa_offset 16
 216              		.cfi_offset 3, -16
ARM GAS  C:\Users\santa\AppData\Local\Temp\cc91iiC0.s 			page 7


 217              		.cfi_offset 4, -12
 218              		.cfi_offset 5, -8
 219              		.cfi_offset 14, -4
 220 0002 0546     		mov	r5, r0
 221              	.LVL9:
 127:main.c        ****     char *data_out="";
 128:main.c        ****     LCD_Position(x,y);
 222              		.loc 1 128 0
 223 0004 124C     		ldr	r4, .L23
 224 0006 217C     		ldrb	r1, [r4, #16]	@ zero_extendqisi2
 225 0008 124B     		ldr	r3, .L23+4
 226 000a 1878     		ldrb	r0, [r3]	@ zero_extendqisi2
 227              	.LVL10:
 228 000c FFF7FEFF 		bl	LCD_Position
 229              	.LVL11:
 129:main.c        ****     sprintf(data_out,"%f.2",dato);
 230              		.loc 1 129 0
 231 0010 2846     		mov	r0, r5
 232 0012 FFF7FEFF 		bl	__aeabi_f2d
 233              	.LVL12:
 234 0016 104D     		ldr	r5, .L23+8
 235              	.LVL13:
 236 0018 0246     		mov	r2, r0
 237 001a 0B46     		mov	r3, r1
 238 001c 0F49     		ldr	r1, .L23+12
 239 001e 2846     		mov	r0, r5
 240 0020 FFF7FEFF 		bl	sprintf
 241              	.LVL14:
 130:main.c        ****     LCD_PrintString(data_out);
 242              		.loc 1 130 0
 243 0024 2846     		mov	r0, r5
 244 0026 FFF7FEFF 		bl	LCD_PrintString
 245              	.LVL15:
 131:main.c        ****     y++;
 246              		.loc 1 131 0
 247 002a 2369     		ldr	r3, [r4, #16]
 248 002c 0133     		adds	r3, r3, #1
 249 002e 2361     		str	r3, [r4, #16]
 132:main.c        ****     if(y>12){
 250              		.loc 1 132 0
 251 0030 0C2B     		cmp	r3, #12
 252 0032 05DD     		ble	.L20
 133:main.c        ****       y=0;
 253              		.loc 1 133 0
 254 0034 0022     		movs	r2, #0
 255 0036 2261     		str	r2, [r4, #16]
 134:main.c        ****       x++;  
 256              		.loc 1 134 0
 257 0038 064A     		ldr	r2, .L23+4
 258 003a 1368     		ldr	r3, [r2]
 259 003c 0133     		adds	r3, r3, #1
 260 003e 1360     		str	r3, [r2]
 261              	.L20:
 135:main.c        ****     }
 136:main.c        ****     if(x>1){
 262              		.loc 1 136 0
 263 0040 044B     		ldr	r3, .L23+4
ARM GAS  C:\Users\santa\AppData\Local\Temp\cc91iiC0.s 			page 8


 264 0042 1B68     		ldr	r3, [r3]
 265 0044 012B     		cmp	r3, #1
 266 0046 02DD     		ble	.L19
 137:main.c        ****       x=0;
 267              		.loc 1 137 0
 268 0048 0022     		movs	r2, #0
 269 004a 024B     		ldr	r3, .L23+4
 270 004c 1A60     		str	r2, [r3]
 271              	.L19:
 272 004e 38BD     		pop	{r3, r4, r5, pc}
 273              	.L24:
 274              		.align	2
 275              	.L23:
 276 0050 00000000 		.word	.LANCHOR0
 277 0054 00000000 		.word	x
 278 0058 08000000 		.word	.LC1
 279 005c 00000000 		.word	.LC0
 280              		.cfi_endproc
 281              	.LFE67:
 282              		.size	Visualizacion, .-Visualizacion
 283              		.global	__aeabi_i2f
 284              		.section	.text.Read_Data,"ax",%progbits
 285              		.align	2
 286              		.global	Read_Data
 287              		.thumb
 288              		.thumb_func
 289              		.type	Read_Data, %function
 290              	Read_Data:
 291              	.LFB66:
 116:main.c        ****  
 292              		.loc 1 116 0
 293              		.cfi_startproc
 294              		@ args = 0, pretend = 0, frame = 0
 295              		@ frame_needed = 0, uses_anonymous_args = 0
 296 0000 10B5     		push	{r4, lr}
 297              		.cfi_def_cfa_offset 8
 298              		.cfi_offset 4, -8
 299              		.cfi_offset 14, -4
 300              	.LVL16:
 301              	.LBB2:
 118:main.c        ****     Visualizacion(EEPROM_ReadByte(6*(index_vis-1))+j);
 302              		.loc 1 118 0
 303 0002 0024     		movs	r4, #0
 304 0004 0EE0     		b	.L26
 305              	.LVL17:
 306              	.L27:
 119:main.c        **** 
 307              		.loc 1 119 0 discriminator 3
 308 0006 094B     		ldr	r3, .L29
 309 0008 1B7B     		ldrb	r3, [r3, #12]	@ zero_extendqisi2
 310 000a 013B     		subs	r3, r3, #1
 311 000c 03EB4303 		add	r3, r3, r3, lsl #1
 312 0010 5800     		lsls	r0, r3, #1
 313 0012 80B2     		uxth	r0, r0
 314 0014 FFF7FEFF 		bl	EEPROM_ReadByte
 315              	.LVL18:
 316 0018 2044     		add	r0, r0, r4
ARM GAS  C:\Users\santa\AppData\Local\Temp\cc91iiC0.s 			page 9


 317 001a FFF7FEFF 		bl	__aeabi_i2f
 318              	.LVL19:
 319 001e FFF7FEFF 		bl	Visualizacion
 320              	.LVL20:
 118:main.c        ****     Visualizacion(EEPROM_ReadByte(6*(index_vis-1))+j);
 321              		.loc 1 118 0 discriminator 3
 322 0022 0134     		adds	r4, r4, #1
 323              	.LVL21:
 324              	.L26:
 118:main.c        ****     Visualizacion(EEPROM_ReadByte(6*(index_vis-1))+j);
 325              		.loc 1 118 0 is_stmt 0 discriminator 1
 326 0024 052C     		cmp	r4, #5
 327 0026 EEDD     		ble	.L27
 328              	.LBE2:
 123:main.c        **** 
 329              		.loc 1 123 0 is_stmt 1
 330 0028 10BD     		pop	{r4, pc}
 331              	.LVL22:
 332              	.L30:
 333 002a 00BF     		.align	2
 334              	.L29:
 335 002c 00000000 		.word	.LANCHOR0
 336              		.cfi_endproc
 337              	.LFE66:
 338              		.size	Read_Data, .-Read_Data
 339              		.global	__aeabi_fdiv
 340              		.section	.text.conversion_temp,"ax",%progbits
 341              		.align	2
 342              		.global	conversion_temp
 343              		.thumb
 344              		.thumb_func
 345              		.type	conversion_temp, %function
 346              	conversion_temp:
 347              	.LFB68:
 138:main.c        ****     }
 139:main.c        **** }
 140:main.c        **** ///void conversion////
 141:main.c        **** void conversion_temp(){
 348              		.loc 1 141 0
 349              		.cfi_startproc
 350              		@ args = 0, pretend = 0, frame = 0
 351              		@ frame_needed = 0, uses_anonymous_args = 0
 352 0000 10B5     		push	{r4, lr}
 353              		.cfi_def_cfa_offset 8
 354              		.cfi_offset 4, -8
 355              		.cfi_offset 14, -4
 142:main.c        ****     temperatura = ADC_CountsTo_mVolts(datos);
 356              		.loc 1 142 0
 357 0002 074B     		ldr	r3, .L33
 358 0004 5869     		ldr	r0, [r3, #20]
 359 0006 00B2     		sxth	r0, r0
 360 0008 FFF7FEFF 		bl	ADC_CountsTo_mVolts
 361              	.LVL23:
 362 000c FFF7FEFF 		bl	__aeabi_i2f
 363              	.LVL24:
 364 0010 044C     		ldr	r4, .L33+4
 365 0012 2060     		str	r0, [r4]	@ float
ARM GAS  C:\Users\santa\AppData\Local\Temp\cc91iiC0.s 			page 10


 143:main.c        ****     temperatura = temperatura/10;
 366              		.loc 1 143 0
 367 0014 2068     		ldr	r0, [r4]	@ float
 368 0016 0449     		ldr	r1, .L33+8
 369 0018 FFF7FEFF 		bl	__aeabi_fdiv
 370              	.LVL25:
 371 001c 2060     		str	r0, [r4]	@ float
 372 001e 10BD     		pop	{r4, pc}
 373              	.L34:
 374              		.align	2
 375              	.L33:
 376 0020 00000000 		.word	.LANCHOR0
 377 0024 00000000 		.word	temperatura
 378 0028 00002041 		.word	1092616192
 379              		.cfi_endproc
 380              	.LFE68:
 381              		.size	conversion_temp, .-conversion_temp
 382              		.section	.text.main,"ax",%progbits
 383              		.align	2
 384              		.global	main
 385              		.thumb
 386              		.thumb_func
 387              		.type	main, %function
 388              	main:
 389              	.LFB69:
 144:main.c        **** } 
 145:main.c        **** 
 146:main.c        **** 
 147:main.c        **** 
 148:main.c        **** ////
 149:main.c        **** int main(void)
 150:main.c        **** {
 390              		.loc 1 150 0
 391              		.cfi_startproc
 392              		@ args = 0, pretend = 0, frame = 8
 393              		@ frame_needed = 0, uses_anonymous_args = 0
 394 0000 30B5     		push	{r4, r5, lr}
 395              		.cfi_def_cfa_offset 12
 396              		.cfi_offset 4, -12
 397              		.cfi_offset 5, -8
 398              		.cfi_offset 14, -4
 399 0002 83B0     		sub	sp, sp, #12
 400              		.cfi_def_cfa_offset 24
 151:main.c        ****     CyGlobalIntEnable; /* Enable global interrupts. */
 401              		.loc 1 151 0
 402              		.syntax unified
 403              	@ 151 "main.c" 1
 404 0004 62B6     		CPSIE   i
 405              	@ 0 "" 2
 152:main.c        ****     isr_timer_StartEx(Timer);
 406              		.loc 1 152 0
 407              		.thumb
 408              		.syntax unified
 409 0006 4548     		ldr	r0, .L42
 410 0008 FFF7FEFF 		bl	isr_timer_StartEx
 411              	.LVL26:
 153:main.c        ****     isr_press_StartEx(press_ISR);
ARM GAS  C:\Users\santa\AppData\Local\Temp\cc91iiC0.s 			page 11


 412              		.loc 1 153 0
 413 000c 4448     		ldr	r0, .L42+4
 414 000e FFF7FEFF 		bl	isr_press_StartEx
 415              	.LVL27:
 154:main.c        ****     /* Place your initialization/startup code here (e.g. MyInst_Start()) */
 155:main.c        ****     ADC_Start();
 416              		.loc 1 155 0
 417 0012 FFF7FEFF 		bl	ADC_Start
 418              	.LVL28:
 156:main.c        ****     LCD_Start();
 419              		.loc 1 156 0
 420 0016 FFF7FEFF 		bl	LCD_Start
 421              	.LVL29:
 157:main.c        ****     LCD_ClearDisplay();
 422              		.loc 1 157 0
 423 001a 0120     		movs	r0, #1
 424 001c FFF7FEFF 		bl	LCD_WriteControl
 425              	.LVL30:
 426              	.L40:
 427              	.LBB3:
 158:main.c        ****       
 159:main.c        ****     //LCD_Position(0,0);
 160:main.c        ****     //LCD_PrintString("Iniciar");
 161:main.c        ****     for(;;)
 162:main.c        ****     {
 163:main.c        ****       
 164:main.c        ****         char dt[4]="";
 428              		.loc 1 164 0
 429 0020 0024     		movs	r4, #0
 430 0022 0194     		str	r4, [sp, #4]
 165:main.c        ****        CyDelay(20);
 431              		.loc 1 165 0
 432 0024 1420     		movs	r0, #20
 433 0026 FFF7FEFF 		bl	CyDelay
 434              	.LVL31:
 166:main.c        ****        pin_Write(0);
 435              		.loc 1 166 0
 436 002a 2046     		mov	r0, r4
 437 002c FFF7FEFF 		bl	pin_Write
 438              	.LVL32:
 167:main.c        ****        
 168:main.c        ****        if(flag==1 && flag_stop!=1){
 439              		.loc 1 168 0
 440 0030 3C4B     		ldr	r3, .L42+8
 441 0032 5B68     		ldr	r3, [r3, #4]
 442 0034 012B     		cmp	r3, #1
 443 0036 2ED1     		bne	.L36
 444              		.loc 1 168 0 is_stmt 0 discriminator 1
 445 0038 3B4B     		ldr	r3, .L42+12
 446 003a 1B68     		ldr	r3, [r3]
 447 003c 012B     		cmp	r3, #1
 448 003e 2AD0     		beq	.L36
 169:main.c        ****               EEPROM_Start();
 449              		.loc 1 169 0 is_stmt 1
 450 0040 FFF7FEFF 		bl	EEPROM_Start
 451              	.LVL33:
 170:main.c        ****               Timer_Start();
ARM GAS  C:\Users\santa\AppData\Local\Temp\cc91iiC0.s 			page 12


 452              		.loc 1 170 0
 453 0044 FFF7FEFF 		bl	Timer_Start
 454              	.LVL34:
 171:main.c        ****               ADC_StartConvert();
 455              		.loc 1 171 0
 456 0048 FFF7FEFF 		bl	ADC_StartConvert
 457              	.LVL35:
 172:main.c        ****               ADC_IsEndConversion(ADC_WAIT_FOR_RESULT);
 458              		.loc 1 172 0
 459 004c 2046     		mov	r0, r4
 460 004e FFF7FEFF 		bl	ADC_IsEndConversion
 461              	.LVL36:
 173:main.c        ****               datos=ADC_GetResult16();
 462              		.loc 1 173 0
 463 0052 FFF7FEFF 		bl	ADC_GetResult16
 464              	.LVL37:
 465 0056 334B     		ldr	r3, .L42+8
 466 0058 5861     		str	r0, [r3, #20]
 174:main.c        ****               conversion_temp();
 467              		.loc 1 174 0
 468 005a FFF7FEFF 		bl	conversion_temp
 469              	.LVL38:
 175:main.c        ****               LCD_Position(0,0);
 470              		.loc 1 175 0
 471 005e 2146     		mov	r1, r4
 472 0060 2046     		mov	r0, r4
 473 0062 FFF7FEFF 		bl	LCD_Position
 474              	.LVL39:
 176:main.c        ****               LCD_PrintString("Capturando...");
 475              		.loc 1 176 0
 476 0066 3148     		ldr	r0, .L42+16
 477 0068 FFF7FEFF 		bl	LCD_PrintString
 478              	.LVL40:
 177:main.c        ****               sprintf(dt,"%f", temperatura);
 479              		.loc 1 177 0
 480 006c 304B     		ldr	r3, .L42+20
 481 006e 1868     		ldr	r0, [r3]	@ float
 482 0070 FFF7FEFF 		bl	__aeabi_f2d
 483              	.LVL41:
 484 0074 0246     		mov	r2, r0
 485 0076 0B46     		mov	r3, r1
 486 0078 2E49     		ldr	r1, .L42+24
 487 007a 01A8     		add	r0, sp, #4
 488 007c FFF7FEFF 		bl	sprintf
 489              	.LVL42:
 178:main.c        ****               CyDelay(140);
 490              		.loc 1 178 0
 491 0080 8C20     		movs	r0, #140
 492 0082 FFF7FEFF 		bl	CyDelay
 493              	.LVL43:
 179:main.c        ****                LCD_Position(1,0);
 494              		.loc 1 179 0
 495 0086 2146     		mov	r1, r4
 496 0088 0120     		movs	r0, #1
 497 008a FFF7FEFF 		bl	LCD_Position
 498              	.LVL44:
 180:main.c        ****              
ARM GAS  C:\Users\santa\AppData\Local\Temp\cc91iiC0.s 			page 13


 181:main.c        ****             LCD_PrintString(dt); //se deja milivoltios para mayor rango
 499              		.loc 1 181 0
 500 008e 01A8     		add	r0, sp, #4
 501 0090 FFF7FEFF 		bl	LCD_PrintString
 502              	.LVL45:
 503 0094 2CE0     		b	.L37
 504              	.L36:
 182:main.c        ****        }else if(flag==1 & flag_stop==1){
 505              		.loc 1 182 0
 506 0096 234B     		ldr	r3, .L42+8
 507 0098 5B68     		ldr	r3, [r3, #4]
 508 009a 234A     		ldr	r2, .L42+12
 509 009c 1268     		ldr	r2, [r2]
 510 009e 012A     		cmp	r2, #1
 511 00a0 08BF     		it	eq
 512 00a2 012B     		cmpeq	r3, #1
 513 00a4 1DD1     		bne	.L38
 514              	.LBB4:
 183:main.c        ****                 Timer_Stop();
 515              		.loc 1 183 0
 516 00a6 FFF7FEFF 		bl	Timer_Stop
 517              	.LVL46:
 184:main.c        ****                 ADC_Stop();
 518              		.loc 1 184 0
 519 00aa FFF7FEFF 		bl	ADC_Stop
 520              	.LVL47:
 185:main.c        ****                 LCD_ClearDisplay();
 521              		.loc 1 185 0
 522 00ae 0120     		movs	r0, #1
 523 00b0 FFF7FEFF 		bl	LCD_WriteControl
 524              	.LVL48:
 186:main.c        ****                 int x=EEPROM_ReadByte(40);
 525              		.loc 1 186 0
 526 00b4 2820     		movs	r0, #40
 527 00b6 FFF7FEFF 		bl	EEPROM_ReadByte
 528              	.LVL49:
 187:main.c        ****                 char tx[3]="";
 529              		.loc 1 187 0
 530 00ba 1F4B     		ldr	r3, .L42+28
 531 00bc 1B78     		ldrb	r3, [r3]	@ zero_extendqisi2
 532 00be 8DF80030 		strb	r3, [sp]
 533 00c2 0023     		movs	r3, #0
 534 00c4 ADF80130 		strh	r3, [sp, #1]	@ unaligned
 188:main.c        ****                 sprintf(tx, "%d", x);
 535              		.loc 1 188 0
 536 00c8 0246     		mov	r2, r0
 537 00ca 1C49     		ldr	r1, .L42+32
 538 00cc 6846     		mov	r0, sp
 539              	.LVL50:
 540 00ce FFF7FEFF 		bl	sprintf
 541              	.LVL51:
 189:main.c        ****                 LCD_Position(1,8);
 542              		.loc 1 189 0
 543 00d2 0821     		movs	r1, #8
 544 00d4 0120     		movs	r0, #1
 545 00d6 FFF7FEFF 		bl	LCD_Position
 546              	.LVL52:
ARM GAS  C:\Users\santa\AppData\Local\Temp\cc91iiC0.s 			page 14


 190:main.c        ****                 LCD_PrintString(tx);
 547              		.loc 1 190 0
 548 00da 6846     		mov	r0, sp
 549 00dc FFF7FEFF 		bl	LCD_PrintString
 550              	.LVL53:
 551              	.LBE4:
 552 00e0 06E0     		b	.L37
 553              	.L38:
 191:main.c        ****              //   Read_Data();            
 192:main.c        ****        }else{
 193:main.c        ****               LCD_Position(0,0);
 554              		.loc 1 193 0
 555 00e2 0021     		movs	r1, #0
 556 00e4 0846     		mov	r0, r1
 557 00e6 FFF7FEFF 		bl	LCD_Position
 558              	.LVL54:
 194:main.c        ****               LCD_PrintString("Iniciar");
 559              		.loc 1 194 0
 560 00ea 1548     		ldr	r0, .L42+36
 561 00ec FFF7FEFF 		bl	LCD_PrintString
 562              	.LVL55:
 563              	.L37:
 195:main.c        ****       }
 196:main.c        ****       if(flag_reset==1){
 564              		.loc 1 196 0
 565 00f0 0C4B     		ldr	r3, .L42+8
 566 00f2 9B68     		ldr	r3, [r3, #8]
 567 00f4 012B     		cmp	r3, #1
 568 00f6 93D1     		bne	.L40
 197:main.c        ****          flag=0;
 569              		.loc 1 197 0
 570 00f8 0A4D     		ldr	r5, .L42+8
 571 00fa 0024     		movs	r4, #0
 572 00fc 6C60     		str	r4, [r5, #4]
 198:main.c        ****          temperatura=0;
 573              		.loc 1 198 0
 574 00fe 0022     		movs	r2, #0
 575 0100 0B4B     		ldr	r3, .L42+20
 576 0102 1A60     		str	r2, [r3]	@ float
 199:main.c        ****          EEPROM_EraseSector(1);
 577              		.loc 1 199 0
 578 0104 0120     		movs	r0, #1
 579 0106 FFF7FEFF 		bl	EEPROM_EraseSector
 580              	.LVL56:
 200:main.c        ****          Timer_Stop();
 581              		.loc 1 200 0
 582 010a FFF7FEFF 		bl	Timer_Stop
 583              	.LVL57:
 201:main.c        ****          LCD_ClearDisplay();
 584              		.loc 1 201 0
 585 010e 0120     		movs	r0, #1
 586 0110 FFF7FEFF 		bl	LCD_WriteControl
 587              	.LVL58:
 202:main.c        ****          flag_stop=0;
 588              		.loc 1 202 0
 589 0114 044B     		ldr	r3, .L42+12
 590 0116 1C60     		str	r4, [r3]
ARM GAS  C:\Users\santa\AppData\Local\Temp\cc91iiC0.s 			page 15


 203:main.c        ****          flag_reset=0;
 591              		.loc 1 203 0
 592 0118 AC60     		str	r4, [r5, #8]
 593              	.LBE3:
 204:main.c        ****       }
 205:main.c        ****     
 206:main.c        ****         /* Place your application code here. */
 207:main.c        ****     }
 594              		.loc 1 207 0
 595 011a 81E7     		b	.L40
 596              	.L43:
 597              		.align	2
 598              	.L42:
 599 011c 00000000 		.word	Timer
 600 0120 00000000 		.word	press_ISR
 601 0124 00000000 		.word	.LANCHOR0
 602 0128 00000000 		.word	flag_stop
 603 012c 0C000000 		.word	.LC2
 604 0130 00000000 		.word	temperatura
 605 0134 1C000000 		.word	.LC3
 606 0138 00000000 		.word	.LANCHOR1
 607 013c 20000000 		.word	.LC5
 608 0140 24000000 		.word	.LC6
 609              		.cfi_endproc
 610              	.LFE69:
 611              		.size	main, .-main
 612              		.global	y
 613              		.comm	x,4,4
 614              		.comm	valor,4,4
 615              		.global	count_t
 616              		.comm	temperatura,4,4
 617              		.global	datos
 618              		.global	index_vis
 619              		.global	flag_reset
 620              		.comm	flag_stop,4,4
 621              		.comm	flag_cont,4,4
 622              		.global	flag
 623              		.global	Keypad_1_Key
 624              		.section	.rodata
 625              		.align	2
 626              		.set	.LANCHOR1,. + 0
 627              	.LC4:
 628 0000 00       		.ascii	"\000"
 629 0001 0000     		.space	2
 630              		.data
 631              		.align	2
 632              		.type	Keypad_1_Key, %object
 633              		.size	Keypad_1_Key, 16
 634              	Keypad_1_Key:
 635 0000 31       		.byte	49
 636 0001 32       		.byte	50
 637 0002 33       		.byte	51
 638 0003 41       		.byte	65
 639 0004 34       		.byte	52
 640 0005 35       		.byte	53
 641 0006 36       		.byte	54
 642 0007 42       		.byte	66
ARM GAS  C:\Users\santa\AppData\Local\Temp\cc91iiC0.s 			page 16


 643 0008 37       		.byte	55
 644 0009 38       		.byte	56
 645 000a 39       		.byte	57
 646 000b 43       		.byte	67
 647 000c 2A       		.byte	42
 648 000d 30       		.byte	48
 649 000e 23       		.byte	35
 650 000f 44       		.byte	68
 651              		.section	.rodata.str1.4,"aMS",%progbits,1
 652              		.align	2
 653              	.LC0:
 654 0000 25662E32 		.ascii	"%f.2\000"
 654      00
 655 0005 000000   		.space	3
 656              	.LC1:
 657 0008 00       		.ascii	"\000"
 658 0009 000000   		.space	3
 659              	.LC2:
 660 000c 43617074 		.ascii	"Capturando...\000"
 660      7572616E 
 660      646F2E2E 
 660      2E00
 661 001a 0000     		.space	2
 662              	.LC3:
 663 001c 256600   		.ascii	"%f\000"
 664 001f 00       		.space	1
 665              	.LC5:
 666 0020 256400   		.ascii	"%d\000"
 667 0023 00       		.space	1
 668              	.LC6:
 669 0024 496E6963 		.ascii	"Iniciar\000"
 669      69617200 
 670              		.bss
 671              		.align	2
 672              		.set	.LANCHOR0,. + 0
 673              		.type	count_t, %object
 674              		.size	count_t, 1
 675              	count_t:
 676 0000 00       		.space	1
 677 0001 000000   		.space	3
 678              		.type	flag, %object
 679              		.size	flag, 4
 680              	flag:
 681 0004 00000000 		.space	4
 682              		.type	flag_reset, %object
 683              		.size	flag_reset, 4
 684              	flag_reset:
 685 0008 00000000 		.space	4
 686              		.type	index_vis, %object
 687              		.size	index_vis, 1
 688              	index_vis:
 689 000c 00       		.space	1
 690 000d 000000   		.space	3
 691              		.type	y, %object
 692              		.size	y, 4
 693              	y:
 694 0010 00000000 		.space	4
ARM GAS  C:\Users\santa\AppData\Local\Temp\cc91iiC0.s 			page 17


 695              		.type	datos, %object
 696              		.size	datos, 4
 697              	datos:
 698 0014 00000000 		.space	4
 699              		.text
 700              	.Letext0:
 701              		.file 2 "c:\\program files (x86)\\cypress\\psoc creator\\4.2\\psoc creator\\import\\gnu\\arm\\5.4.
 702              		.file 3 "c:\\program files (x86)\\cypress\\psoc creator\\4.2\\psoc creator\\import\\gnu\\arm\\5.4.
 703              		.file 4 "Generated_Source\\PSoC5/cytypes.h"
 704              		.file 5 "Generated_Source\\PSoC5/core_cm3.h"
 705              		.file 6 "Generated_Source\\PSoC5/pin.h"
 706              		.file 7 "Generated_Source\\PSoC5/EEPROM.h"
 707              		.file 8 "Generated_Source\\PSoC5/Keypad_1_Keypad1.h"
 708              		.file 9 "Generated_Source\\PSoC5/CyLib.h"
 709              		.file 10 "Generated_Source\\PSoC5/isr_press.h"
 710              		.file 11 "Generated_Source\\PSoC5/LCD.h"
 711              		.file 12 "c:\\program files (x86)\\cypress\\psoc creator\\4.2\\psoc creator\\import\\gnu\\arm\\5.4
 712              		.file 13 "Generated_Source\\PSoC5/ADC.h"
 713              		.file 14 "Generated_Source\\PSoC5/Timer.h"
 714              		.file 15 "Generated_Source\\PSoC5/isr_timer.h"
 715              		.section	.debug_info,"",%progbits
 716              	.Ldebug_info0:
 717 0000 C1060000 		.4byte	0x6c1
 718 0004 0400     		.2byte	0x4
 719 0006 00000000 		.4byte	.Ldebug_abbrev0
 720 000a 04       		.byte	0x4
 721 000b 01       		.uleb128 0x1
 722 000c FF020000 		.4byte	.LASF60
 723 0010 0C       		.byte	0xc
 724 0011 04020000 		.4byte	.LASF61
 725 0015 58020000 		.4byte	.LASF62
 726 0019 00000000 		.4byte	.Ldebug_ranges0+0
 727 001d 00000000 		.4byte	0
 728 0021 00000000 		.4byte	.Ldebug_line0
 729 0025 02       		.uleb128 0x2
 730 0026 04       		.byte	0x4
 731 0027 04       		.byte	0x4
 732 0028 D0000000 		.4byte	.LASF0
 733 002c 02       		.uleb128 0x2
 734 002d 01       		.byte	0x1
 735 002e 06       		.byte	0x6
 736 002f 5A010000 		.4byte	.LASF1
 737 0033 02       		.uleb128 0x2
 738 0034 01       		.byte	0x1
 739 0035 08       		.byte	0x8
 740 0036 3E010000 		.4byte	.LASF2
 741 003a 02       		.uleb128 0x2
 742 003b 02       		.byte	0x2
 743 003c 05       		.byte	0x5
 744 003d 8D000000 		.4byte	.LASF3
 745 0041 02       		.uleb128 0x2
 746 0042 02       		.byte	0x2
 747 0043 07       		.byte	0x7
 748 0044 AC010000 		.4byte	.LASF4
 749 0048 03       		.uleb128 0x3
 750 0049 9A020000 		.4byte	.LASF10
 751 004d 02       		.byte	0x2
ARM GAS  C:\Users\santa\AppData\Local\Temp\cc91iiC0.s 			page 18


 752 004e 3F       		.byte	0x3f
 753 004f 53000000 		.4byte	0x53
 754 0053 02       		.uleb128 0x2
 755 0054 04       		.byte	0x4
 756 0055 05       		.byte	0x5
 757 0056 F8000000 		.4byte	.LASF5
 758 005a 02       		.uleb128 0x2
 759 005b 04       		.byte	0x4
 760 005c 07       		.byte	0x7
 761 005d 0B020000 		.4byte	.LASF6
 762 0061 02       		.uleb128 0x2
 763 0062 08       		.byte	0x8
 764 0063 05       		.byte	0x5
 765 0064 E0000000 		.4byte	.LASF7
 766 0068 02       		.uleb128 0x2
 767 0069 08       		.byte	0x8
 768 006a 07       		.byte	0x7
 769 006b 66010000 		.4byte	.LASF8
 770 006f 04       		.uleb128 0x4
 771 0070 04       		.byte	0x4
 772 0071 05       		.byte	0x5
 773 0072 696E7400 		.ascii	"int\000"
 774 0076 02       		.uleb128 0x2
 775 0077 04       		.byte	0x4
 776 0078 07       		.byte	0x7
 777 0079 7D010000 		.4byte	.LASF9
 778 007d 03       		.uleb128 0x3
 779 007e DB010000 		.4byte	.LASF11
 780 0082 03       		.byte	0x3
 781 0083 2C       		.byte	0x2c
 782 0084 48000000 		.4byte	0x48
 783 0088 05       		.uleb128 0x5
 784 0089 B6000000 		.4byte	.LASF12
 785 008d 04       		.byte	0x4
 786 008e E401     		.2byte	0x1e4
 787 0090 33000000 		.4byte	0x33
 788 0094 05       		.uleb128 0x5
 789 0095 FD010000 		.4byte	.LASF13
 790 0099 04       		.byte	0x4
 791 009a E601     		.2byte	0x1e6
 792 009c 5A000000 		.4byte	0x5a
 793 00a0 05       		.uleb128 0x5
 794 00a1 11000000 		.4byte	.LASF14
 795 00a5 04       		.byte	0x4
 796 00a6 EA01     		.2byte	0x1ea
 797 00a8 25000000 		.4byte	0x25
 798 00ac 02       		.uleb128 0x2
 799 00ad 08       		.byte	0x8
 800 00ae 04       		.byte	0x4
 801 00af 0A000000 		.4byte	.LASF15
 802 00b3 05       		.uleb128 0x5
 803 00b4 5F000000 		.4byte	.LASF16
 804 00b8 04       		.byte	0x4
 805 00b9 F501     		.2byte	0x1f5
 806 00bb BF000000 		.4byte	0xbf
 807 00bf 02       		.uleb128 0x2
 808 00c0 01       		.byte	0x1
ARM GAS  C:\Users\santa\AppData\Local\Temp\cc91iiC0.s 			page 19


 809 00c1 08       		.byte	0x8
 810 00c2 BF010000 		.4byte	.LASF17
 811 00c6 06       		.uleb128 0x6
 812 00c7 88000000 		.4byte	0x88
 813 00cb 06       		.uleb128 0x6
 814 00cc 94000000 		.4byte	0x94
 815 00d0 02       		.uleb128 0x2
 816 00d1 08       		.byte	0x8
 817 00d2 04       		.byte	0x4
 818 00d3 32010000 		.4byte	.LASF18
 819 00d7 02       		.uleb128 0x2
 820 00d8 04       		.byte	0x4
 821 00d9 07       		.byte	0x7
 822 00da 56000000 		.4byte	.LASF19
 823 00de 07       		.uleb128 0x7
 824 00df 04       		.byte	0x4
 825 00e0 BF000000 		.4byte	0xbf
 826 00e4 08       		.uleb128 0x8
 827 00e5 54010000 		.4byte	.LASF20
 828 00e9 01       		.byte	0x1
 829 00ea 23       		.byte	0x23
 830 00eb 00000000 		.4byte	.LFB64
 831 00ef 48000000 		.4byte	.LFE64-.LFB64
 832 00f3 01       		.uleb128 0x1
 833 00f4 9C       		.byte	0x9c
 834 00f5 1D010000 		.4byte	0x11d
 835 00f9 09       		.uleb128 0x9
 836 00fa 08000000 		.4byte	.LVL0
 837 00fe C7050000 		.4byte	0x5c7
 838 0102 0C010000 		.4byte	0x10c
 839 0106 0A       		.uleb128 0xa
 840 0107 01       		.uleb128 0x1
 841 0108 50       		.byte	0x50
 842 0109 01       		.uleb128 0x1
 843 010a 31       		.byte	0x31
 844 010b 00       		.byte	0
 845 010c 0B       		.uleb128 0xb
 846 010d 2A000000 		.4byte	.LVL2
 847 0111 D2050000 		.4byte	0x5d2
 848 0115 0A       		.uleb128 0xa
 849 0116 01       		.uleb128 0x1
 850 0117 51       		.byte	0x51
 851 0118 02       		.uleb128 0x2
 852 0119 74       		.byte	0x74
 853 011a 00       		.sleb128 0
 854 011b 00       		.byte	0
 855 011c 00       		.byte	0
 856 011d 0C       		.uleb128 0xc
 857 011e D6000000 		.4byte	.LASF21
 858 0122 01       		.byte	0x1
 859 0123 30       		.byte	0x30
 860 0124 00000000 		.4byte	.LFB65
 861 0128 84000000 		.4byte	.LFE65-.LFB65
 862 012c 01       		.uleb128 0x1
 863 012d 9C       		.byte	0x9c
 864 012e 66010000 		.4byte	0x166
 865 0132 0D       		.uleb128 0xd
ARM GAS  C:\Users\santa\AppData\Local\Temp\cc91iiC0.s 			page 20


 866 0133 7400     		.ascii	"t\000"
 867 0135 01       		.byte	0x1
 868 0136 31       		.byte	0x31
 869 0137 BF000000 		.4byte	0xbf
 870 013b 00000000 		.4byte	.LLST0
 871 013f 0E       		.uleb128 0xe
 872 0140 06000000 		.4byte	.LVL3
 873 0144 DD050000 		.4byte	0x5dd
 874 0148 09       		.uleb128 0x9
 875 0149 0E000000 		.4byte	.LVL5
 876 014d E8050000 		.4byte	0x5e8
 877 0151 5C010000 		.4byte	0x15c
 878 0155 0A       		.uleb128 0xa
 879 0156 01       		.uleb128 0x1
 880 0157 50       		.byte	0x50
 881 0158 02       		.uleb128 0x2
 882 0159 08       		.byte	0x8
 883 015a C8       		.byte	0xc8
 884 015b 00       		.byte	0
 885 015c 0E       		.uleb128 0xe
 886 015d 7E000000 		.4byte	.LVL6
 887 0161 F3050000 		.4byte	0x5f3
 888 0165 00       		.byte	0
 889 0166 08       		.uleb128 0x8
 890 0167 C8020000 		.4byte	.LASF22
 891 016b 01       		.byte	0x1
 892 016c 7E       		.byte	0x7e
 893 016d 00000000 		.4byte	.LFB67
 894 0171 60000000 		.4byte	.LFE67-.LFB67
 895 0175 01       		.uleb128 0x1
 896 0176 9C       		.byte	0x9c
 897 0177 D3010000 		.4byte	0x1d3
 898 017b 0F       		.uleb128 0xf
 899 017c 1D020000 		.4byte	.LASF63
 900 0180 01       		.byte	0x1
 901 0181 7E       		.byte	0x7e
 902 0182 A0000000 		.4byte	0xa0
 903 0186 13000000 		.4byte	.LLST1
 904 018a 10       		.uleb128 0x10
 905 018b DE020000 		.4byte	.LASF23
 906 018f 01       		.byte	0x1
 907 0190 7F       		.byte	0x7f
 908 0191 DE000000 		.4byte	0xde
 909 0195 06       		.uleb128 0x6
 910 0196 03       		.byte	0x3
 911 0197 08000000 		.4byte	.LC1
 912 019b 9F       		.byte	0x9f
 913 019c 0E       		.uleb128 0xe
 914 019d 10000000 		.4byte	.LVL11
 915 01a1 FE050000 		.4byte	0x5fe
 916 01a5 09       		.uleb128 0x9
 917 01a6 24000000 		.4byte	.LVL14
 918 01aa 09060000 		.4byte	0x609
 919 01ae C2010000 		.4byte	0x1c2
 920 01b2 0A       		.uleb128 0xa
 921 01b3 01       		.uleb128 0x1
 922 01b4 50       		.byte	0x50
ARM GAS  C:\Users\santa\AppData\Local\Temp\cc91iiC0.s 			page 21


 923 01b5 02       		.uleb128 0x2
 924 01b6 75       		.byte	0x75
 925 01b7 00       		.sleb128 0
 926 01b8 0A       		.uleb128 0xa
 927 01b9 01       		.uleb128 0x1
 928 01ba 51       		.byte	0x51
 929 01bb 05       		.uleb128 0x5
 930 01bc 03       		.byte	0x3
 931 01bd 00000000 		.4byte	.LC0
 932 01c1 00       		.byte	0
 933 01c2 0B       		.uleb128 0xb
 934 01c3 2A000000 		.4byte	.LVL15
 935 01c7 14060000 		.4byte	0x614
 936 01cb 0A       		.uleb128 0xa
 937 01cc 01       		.uleb128 0x1
 938 01cd 50       		.byte	0x50
 939 01ce 02       		.uleb128 0x2
 940 01cf 75       		.byte	0x75
 941 01d0 00       		.sleb128 0
 942 01d1 00       		.byte	0
 943 01d2 00       		.byte	0
 944 01d3 11       		.uleb128 0x11
 945 01d4 36020000 		.4byte	.LASF24
 946 01d8 01       		.byte	0x1
 947 01d9 74       		.byte	0x74
 948 01da 00000000 		.4byte	.LFB66
 949 01de 30000000 		.4byte	.LFE66-.LFB66
 950 01e2 01       		.uleb128 0x1
 951 01e3 9C       		.byte	0x9c
 952 01e4 12020000 		.4byte	0x212
 953 01e8 12       		.uleb128 0x12
 954 01e9 02000000 		.4byte	.LBB2
 955 01ed 26000000 		.4byte	.LBE2-.LBB2
 956 01f1 0D       		.uleb128 0xd
 957 01f2 6A00     		.ascii	"j\000"
 958 01f4 01       		.byte	0x1
 959 01f5 76       		.byte	0x76
 960 01f6 6F000000 		.4byte	0x6f
 961 01fa 41000000 		.4byte	.LLST2
 962 01fe 0E       		.uleb128 0xe
 963 01ff 18000000 		.4byte	.LVL18
 964 0203 1F060000 		.4byte	0x61f
 965 0207 0E       		.uleb128 0xe
 966 0208 22000000 		.4byte	.LVL20
 967 020c 66010000 		.4byte	0x166
 968 0210 00       		.byte	0
 969 0211 00       		.byte	0
 970 0212 11       		.uleb128 0x11
 971 0213 7D000000 		.4byte	.LASF25
 972 0217 01       		.byte	0x1
 973 0218 8D       		.byte	0x8d
 974 0219 00000000 		.4byte	.LFB68
 975 021d 2C000000 		.4byte	.LFE68-.LFB68
 976 0221 01       		.uleb128 0x1
 977 0222 9C       		.byte	0x9c
 978 0223 31020000 		.4byte	0x231
 979 0227 0E       		.uleb128 0xe
ARM GAS  C:\Users\santa\AppData\Local\Temp\cc91iiC0.s 			page 22


 980 0228 0C000000 		.4byte	.LVL23
 981 022c 2A060000 		.4byte	0x62a
 982 0230 00       		.byte	0
 983 0231 13       		.uleb128 0x13
 984 0232 65000000 		.4byte	.LASF64
 985 0236 01       		.byte	0x1
 986 0237 95       		.byte	0x95
 987 0238 6F000000 		.4byte	0x6f
 988 023c 00000000 		.4byte	.LFB69
 989 0240 44010000 		.4byte	.LFE69-.LFB69
 990 0244 01       		.uleb128 0x1
 991 0245 9C       		.byte	0x9c
 992 0246 AE040000 		.4byte	0x4ae
 993 024a 14       		.uleb128 0x14
 994 024b 20000000 		.4byte	.LBB3
 995 024f FA000000 		.4byte	.LBE3-.LBB3
 996 0253 5E040000 		.4byte	0x45e
 997 0257 15       		.uleb128 0x15
 998 0258 647400   		.ascii	"dt\000"
 999 025b 01       		.byte	0x1
 1000 025c A4       		.byte	0xa4
 1001 025d AE040000 		.4byte	0x4ae
 1002 0261 02       		.uleb128 0x2
 1003 0262 91       		.byte	0x91
 1004 0263 6C       		.sleb128 -20
 1005 0264 14       		.uleb128 0x14
 1006 0265 A6000000 		.4byte	.LBB4
 1007 0269 3A000000 		.4byte	.LBE4-.LBB4
 1008 026d 0A030000 		.4byte	0x30a
 1009 0271 0D       		.uleb128 0xd
 1010 0272 7800     		.ascii	"x\000"
 1011 0274 01       		.byte	0x1
 1012 0275 BA       		.byte	0xba
 1013 0276 6F000000 		.4byte	0x6f
 1014 027a 60000000 		.4byte	.LLST3
 1015 027e 15       		.uleb128 0x15
 1016 027f 747800   		.ascii	"tx\000"
 1017 0282 01       		.byte	0x1
 1018 0283 BB       		.byte	0xbb
 1019 0284 BE040000 		.4byte	0x4be
 1020 0288 02       		.uleb128 0x2
 1021 0289 91       		.byte	0x91
 1022 028a 68       		.sleb128 -24
 1023 028b 0E       		.uleb128 0xe
 1024 028c AA000000 		.4byte	.LVL46
 1025 0290 35060000 		.4byte	0x635
 1026 0294 0E       		.uleb128 0xe
 1027 0295 AE000000 		.4byte	.LVL47
 1028 0299 40060000 		.4byte	0x640
 1029 029d 09       		.uleb128 0x9
 1030 029e B4000000 		.4byte	.LVL48
 1031 02a2 4B060000 		.4byte	0x64b
 1032 02a6 B0020000 		.4byte	0x2b0
 1033 02aa 0A       		.uleb128 0xa
 1034 02ab 01       		.uleb128 0x1
 1035 02ac 50       		.byte	0x50
 1036 02ad 01       		.uleb128 0x1
ARM GAS  C:\Users\santa\AppData\Local\Temp\cc91iiC0.s 			page 23


 1037 02ae 31       		.byte	0x31
 1038 02af 00       		.byte	0
 1039 02b0 09       		.uleb128 0x9
 1040 02b1 BA000000 		.4byte	.LVL49
 1041 02b5 1F060000 		.4byte	0x61f
 1042 02b9 C4020000 		.4byte	0x2c4
 1043 02bd 0A       		.uleb128 0xa
 1044 02be 01       		.uleb128 0x1
 1045 02bf 50       		.byte	0x50
 1046 02c0 02       		.uleb128 0x2
 1047 02c1 08       		.byte	0x8
 1048 02c2 28       		.byte	0x28
 1049 02c3 00       		.byte	0
 1050 02c4 09       		.uleb128 0x9
 1051 02c5 D2000000 		.4byte	.LVL51
 1052 02c9 09060000 		.4byte	0x609
 1053 02cd E1020000 		.4byte	0x2e1
 1054 02d1 0A       		.uleb128 0xa
 1055 02d2 01       		.uleb128 0x1
 1056 02d3 50       		.byte	0x50
 1057 02d4 02       		.uleb128 0x2
 1058 02d5 7D       		.byte	0x7d
 1059 02d6 00       		.sleb128 0
 1060 02d7 0A       		.uleb128 0xa
 1061 02d8 01       		.uleb128 0x1
 1062 02d9 51       		.byte	0x51
 1063 02da 05       		.uleb128 0x5
 1064 02db 03       		.byte	0x3
 1065 02dc 20000000 		.4byte	.LC5
 1066 02e0 00       		.byte	0
 1067 02e1 09       		.uleb128 0x9
 1068 02e2 DA000000 		.4byte	.LVL52
 1069 02e6 FE050000 		.4byte	0x5fe
 1070 02ea F9020000 		.4byte	0x2f9
 1071 02ee 0A       		.uleb128 0xa
 1072 02ef 01       		.uleb128 0x1
 1073 02f0 50       		.byte	0x50
 1074 02f1 01       		.uleb128 0x1
 1075 02f2 31       		.byte	0x31
 1076 02f3 0A       		.uleb128 0xa
 1077 02f4 01       		.uleb128 0x1
 1078 02f5 51       		.byte	0x51
 1079 02f6 01       		.uleb128 0x1
 1080 02f7 38       		.byte	0x38
 1081 02f8 00       		.byte	0
 1082 02f9 0B       		.uleb128 0xb
 1083 02fa E0000000 		.4byte	.LVL53
 1084 02fe 14060000 		.4byte	0x614
 1085 0302 0A       		.uleb128 0xa
 1086 0303 01       		.uleb128 0x1
 1087 0304 50       		.byte	0x50
 1088 0305 02       		.uleb128 0x2
 1089 0306 7D       		.byte	0x7d
 1090 0307 00       		.sleb128 0
 1091 0308 00       		.byte	0
 1092 0309 00       		.byte	0
 1093 030a 09       		.uleb128 0x9
ARM GAS  C:\Users\santa\AppData\Local\Temp\cc91iiC0.s 			page 24


 1094 030b 2A000000 		.4byte	.LVL31
 1095 030f E8050000 		.4byte	0x5e8
 1096 0313 1D030000 		.4byte	0x31d
 1097 0317 0A       		.uleb128 0xa
 1098 0318 01       		.uleb128 0x1
 1099 0319 50       		.byte	0x50
 1100 031a 01       		.uleb128 0x1
 1101 031b 44       		.byte	0x44
 1102 031c 00       		.byte	0
 1103 031d 09       		.uleb128 0x9
 1104 031e 30000000 		.4byte	.LVL32
 1105 0322 C7050000 		.4byte	0x5c7
 1106 0326 31030000 		.4byte	0x331
 1107 032a 0A       		.uleb128 0xa
 1108 032b 01       		.uleb128 0x1
 1109 032c 50       		.byte	0x50
 1110 032d 02       		.uleb128 0x2
 1111 032e 74       		.byte	0x74
 1112 032f 00       		.sleb128 0
 1113 0330 00       		.byte	0
 1114 0331 0E       		.uleb128 0xe
 1115 0332 44000000 		.4byte	.LVL33
 1116 0336 56060000 		.4byte	0x656
 1117 033a 0E       		.uleb128 0xe
 1118 033b 48000000 		.4byte	.LVL34
 1119 033f 61060000 		.4byte	0x661
 1120 0343 0E       		.uleb128 0xe
 1121 0344 4C000000 		.4byte	.LVL35
 1122 0348 6C060000 		.4byte	0x66c
 1123 034c 09       		.uleb128 0x9
 1124 034d 52000000 		.4byte	.LVL36
 1125 0351 77060000 		.4byte	0x677
 1126 0355 60030000 		.4byte	0x360
 1127 0359 0A       		.uleb128 0xa
 1128 035a 01       		.uleb128 0x1
 1129 035b 50       		.byte	0x50
 1130 035c 02       		.uleb128 0x2
 1131 035d 74       		.byte	0x74
 1132 035e 00       		.sleb128 0
 1133 035f 00       		.byte	0
 1134 0360 0E       		.uleb128 0xe
 1135 0361 56000000 		.4byte	.LVL37
 1136 0365 82060000 		.4byte	0x682
 1137 0369 0E       		.uleb128 0xe
 1138 036a 5E000000 		.4byte	.LVL38
 1139 036e 12020000 		.4byte	0x212
 1140 0372 09       		.uleb128 0x9
 1141 0373 66000000 		.4byte	.LVL39
 1142 0377 FE050000 		.4byte	0x5fe
 1143 037b 8C030000 		.4byte	0x38c
 1144 037f 0A       		.uleb128 0xa
 1145 0380 01       		.uleb128 0x1
 1146 0381 50       		.byte	0x50
 1147 0382 02       		.uleb128 0x2
 1148 0383 74       		.byte	0x74
 1149 0384 00       		.sleb128 0
 1150 0385 0A       		.uleb128 0xa
ARM GAS  C:\Users\santa\AppData\Local\Temp\cc91iiC0.s 			page 25


 1151 0386 01       		.uleb128 0x1
 1152 0387 51       		.byte	0x51
 1153 0388 02       		.uleb128 0x2
 1154 0389 74       		.byte	0x74
 1155 038a 00       		.sleb128 0
 1156 038b 00       		.byte	0
 1157 038c 09       		.uleb128 0x9
 1158 038d 6C000000 		.4byte	.LVL40
 1159 0391 14060000 		.4byte	0x614
 1160 0395 A3030000 		.4byte	0x3a3
 1161 0399 0A       		.uleb128 0xa
 1162 039a 01       		.uleb128 0x1
 1163 039b 50       		.byte	0x50
 1164 039c 05       		.uleb128 0x5
 1165 039d 03       		.byte	0x3
 1166 039e 0C000000 		.4byte	.LC2
 1167 03a2 00       		.byte	0
 1168 03a3 09       		.uleb128 0x9
 1169 03a4 80000000 		.4byte	.LVL42
 1170 03a8 09060000 		.4byte	0x609
 1171 03ac C0030000 		.4byte	0x3c0
 1172 03b0 0A       		.uleb128 0xa
 1173 03b1 01       		.uleb128 0x1
 1174 03b2 50       		.byte	0x50
 1175 03b3 02       		.uleb128 0x2
 1176 03b4 91       		.byte	0x91
 1177 03b5 6C       		.sleb128 -20
 1178 03b6 0A       		.uleb128 0xa
 1179 03b7 01       		.uleb128 0x1
 1180 03b8 51       		.byte	0x51
 1181 03b9 05       		.uleb128 0x5
 1182 03ba 03       		.byte	0x3
 1183 03bb 1C000000 		.4byte	.LC3
 1184 03bf 00       		.byte	0
 1185 03c0 09       		.uleb128 0x9
 1186 03c1 86000000 		.4byte	.LVL43
 1187 03c5 E8050000 		.4byte	0x5e8
 1188 03c9 D4030000 		.4byte	0x3d4
 1189 03cd 0A       		.uleb128 0xa
 1190 03ce 01       		.uleb128 0x1
 1191 03cf 50       		.byte	0x50
 1192 03d0 02       		.uleb128 0x2
 1193 03d1 08       		.byte	0x8
 1194 03d2 8C       		.byte	0x8c
 1195 03d3 00       		.byte	0
 1196 03d4 09       		.uleb128 0x9
 1197 03d5 8E000000 		.4byte	.LVL44
 1198 03d9 FE050000 		.4byte	0x5fe
 1199 03dd ED030000 		.4byte	0x3ed
 1200 03e1 0A       		.uleb128 0xa
 1201 03e2 01       		.uleb128 0x1
 1202 03e3 50       		.byte	0x50
 1203 03e4 01       		.uleb128 0x1
 1204 03e5 31       		.byte	0x31
 1205 03e6 0A       		.uleb128 0xa
 1206 03e7 01       		.uleb128 0x1
 1207 03e8 51       		.byte	0x51
ARM GAS  C:\Users\santa\AppData\Local\Temp\cc91iiC0.s 			page 26


 1208 03e9 02       		.uleb128 0x2
 1209 03ea 74       		.byte	0x74
 1210 03eb 00       		.sleb128 0
 1211 03ec 00       		.byte	0
 1212 03ed 09       		.uleb128 0x9
 1213 03ee 94000000 		.4byte	.LVL45
 1214 03f2 14060000 		.4byte	0x614
 1215 03f6 01040000 		.4byte	0x401
 1216 03fa 0A       		.uleb128 0xa
 1217 03fb 01       		.uleb128 0x1
 1218 03fc 50       		.byte	0x50
 1219 03fd 02       		.uleb128 0x2
 1220 03fe 91       		.byte	0x91
 1221 03ff 6C       		.sleb128 -20
 1222 0400 00       		.byte	0
 1223 0401 09       		.uleb128 0x9
 1224 0402 EA000000 		.4byte	.LVL54
 1225 0406 FE050000 		.4byte	0x5fe
 1226 040a 1B040000 		.4byte	0x41b
 1227 040e 0A       		.uleb128 0xa
 1228 040f 01       		.uleb128 0x1
 1229 0410 50       		.byte	0x50
 1230 0411 02       		.uleb128 0x2
 1231 0412 74       		.byte	0x74
 1232 0413 00       		.sleb128 0
 1233 0414 0A       		.uleb128 0xa
 1234 0415 01       		.uleb128 0x1
 1235 0416 51       		.byte	0x51
 1236 0417 02       		.uleb128 0x2
 1237 0418 74       		.byte	0x74
 1238 0419 00       		.sleb128 0
 1239 041a 00       		.byte	0
 1240 041b 09       		.uleb128 0x9
 1241 041c F0000000 		.4byte	.LVL55
 1242 0420 14060000 		.4byte	0x614
 1243 0424 32040000 		.4byte	0x432
 1244 0428 0A       		.uleb128 0xa
 1245 0429 01       		.uleb128 0x1
 1246 042a 50       		.byte	0x50
 1247 042b 05       		.uleb128 0x5
 1248 042c 03       		.byte	0x3
 1249 042d 24000000 		.4byte	.LC6
 1250 0431 00       		.byte	0
 1251 0432 09       		.uleb128 0x9
 1252 0433 0A010000 		.4byte	.LVL56
 1253 0437 8D060000 		.4byte	0x68d
 1254 043b 45040000 		.4byte	0x445
 1255 043f 0A       		.uleb128 0xa
 1256 0440 01       		.uleb128 0x1
 1257 0441 50       		.byte	0x50
 1258 0442 01       		.uleb128 0x1
 1259 0443 31       		.byte	0x31
 1260 0444 00       		.byte	0
 1261 0445 0E       		.uleb128 0xe
 1262 0446 0E010000 		.4byte	.LVL57
 1263 044a 35060000 		.4byte	0x635
 1264 044e 0B       		.uleb128 0xb
ARM GAS  C:\Users\santa\AppData\Local\Temp\cc91iiC0.s 			page 27


 1265 044f 14010000 		.4byte	.LVL58
 1266 0453 4B060000 		.4byte	0x64b
 1267 0457 0A       		.uleb128 0xa
 1268 0458 01       		.uleb128 0x1
 1269 0459 50       		.byte	0x50
 1270 045a 01       		.uleb128 0x1
 1271 045b 31       		.byte	0x31
 1272 045c 00       		.byte	0
 1273 045d 00       		.byte	0
 1274 045e 09       		.uleb128 0x9
 1275 045f 0C000000 		.4byte	.LVL26
 1276 0463 98060000 		.4byte	0x698
 1277 0467 75040000 		.4byte	0x475
 1278 046b 0A       		.uleb128 0xa
 1279 046c 01       		.uleb128 0x1
 1280 046d 50       		.byte	0x50
 1281 046e 05       		.uleb128 0x5
 1282 046f 03       		.byte	0x3
 1283 0470 00000000 		.4byte	Timer
 1284 0474 00       		.byte	0
 1285 0475 09       		.uleb128 0x9
 1286 0476 12000000 		.4byte	.LVL27
 1287 047a A3060000 		.4byte	0x6a3
 1288 047e 8C040000 		.4byte	0x48c
 1289 0482 0A       		.uleb128 0xa
 1290 0483 01       		.uleb128 0x1
 1291 0484 50       		.byte	0x50
 1292 0485 05       		.uleb128 0x5
 1293 0486 03       		.byte	0x3
 1294 0487 00000000 		.4byte	press_ISR
 1295 048b 00       		.byte	0
 1296 048c 0E       		.uleb128 0xe
 1297 048d 16000000 		.4byte	.LVL28
 1298 0491 AE060000 		.4byte	0x6ae
 1299 0495 0E       		.uleb128 0xe
 1300 0496 1A000000 		.4byte	.LVL29
 1301 049a B9060000 		.4byte	0x6b9
 1302 049e 0B       		.uleb128 0xb
 1303 049f 20000000 		.4byte	.LVL30
 1304 04a3 4B060000 		.4byte	0x64b
 1305 04a7 0A       		.uleb128 0xa
 1306 04a8 01       		.uleb128 0x1
 1307 04a9 50       		.byte	0x50
 1308 04aa 01       		.uleb128 0x1
 1309 04ab 31       		.byte	0x31
 1310 04ac 00       		.byte	0
 1311 04ad 00       		.byte	0
 1312 04ae 16       		.uleb128 0x16
 1313 04af BF000000 		.4byte	0xbf
 1314 04b3 BE040000 		.4byte	0x4be
 1315 04b7 17       		.uleb128 0x17
 1316 04b8 D7000000 		.4byte	0xd7
 1317 04bc 03       		.byte	0x3
 1318 04bd 00       		.byte	0
 1319 04be 16       		.uleb128 0x16
 1320 04bf BF000000 		.4byte	0xbf
 1321 04c3 CE040000 		.4byte	0x4ce
ARM GAS  C:\Users\santa\AppData\Local\Temp\cc91iiC0.s 			page 28


 1322 04c7 17       		.uleb128 0x17
 1323 04c8 D7000000 		.4byte	0xd7
 1324 04cc 02       		.byte	0x2
 1325 04cd 00       		.byte	0
 1326 04ce 16       		.uleb128 0x16
 1327 04cf B3000000 		.4byte	0xb3
 1328 04d3 E4040000 		.4byte	0x4e4
 1329 04d7 17       		.uleb128 0x17
 1330 04d8 D7000000 		.4byte	0xd7
 1331 04dc 03       		.byte	0x3
 1332 04dd 17       		.uleb128 0x17
 1333 04de D7000000 		.4byte	0xd7
 1334 04e2 03       		.byte	0x3
 1335 04e3 00       		.byte	0
 1336 04e4 18       		.uleb128 0x18
 1337 04e5 F0010000 		.4byte	.LASF26
 1338 04e9 01       		.byte	0x1
 1339 04ea 19       		.byte	0x19
 1340 04eb CE040000 		.4byte	0x4ce
 1341 04ef 05       		.uleb128 0x5
 1342 04f0 03       		.byte	0x3
 1343 04f1 00000000 		.4byte	Keypad_1_Key
 1344 04f5 19       		.uleb128 0x19
 1345 04f6 F2020000 		.4byte	.LASF27
 1346 04fa 05       		.byte	0x5
 1347 04fb 1207     		.2byte	0x712
 1348 04fd 01050000 		.4byte	0x501
 1349 0501 06       		.uleb128 0x6
 1350 0502 7D000000 		.4byte	0x7d
 1351 0506 18       		.uleb128 0x18
 1352 0507 E7020000 		.4byte	.LASF28
 1353 050b 01       		.byte	0x1
 1354 050c 0F       		.byte	0xf
 1355 050d 17050000 		.4byte	0x517
 1356 0511 05       		.uleb128 0x5
 1357 0512 03       		.byte	0x3
 1358 0513 00000000 		.4byte	flag
 1359 0517 06       		.uleb128 0x6
 1360 0518 6F000000 		.4byte	0x6f
 1361 051c 18       		.uleb128 0x18
 1362 051d BC000000 		.4byte	.LASF29
 1363 0521 01       		.byte	0x1
 1364 0522 10       		.byte	0x10
 1365 0523 6F000000 		.4byte	0x6f
 1366 0527 05       		.uleb128 0x5
 1367 0528 03       		.byte	0x3
 1368 0529 00000000 		.4byte	flag_cont
 1369 052d 18       		.uleb128 0x18
 1370 052e 3A000000 		.4byte	.LASF30
 1371 0532 01       		.byte	0x1
 1372 0533 10       		.byte	0x10
 1373 0534 6F000000 		.4byte	0x6f
 1374 0538 05       		.uleb128 0x5
 1375 0539 03       		.byte	0x3
 1376 053a 00000000 		.4byte	flag_stop
 1377 053e 18       		.uleb128 0x18
 1378 053f 14010000 		.4byte	.LASF31
ARM GAS  C:\Users\santa\AppData\Local\Temp\cc91iiC0.s 			page 29


 1379 0543 01       		.byte	0x1
 1380 0544 10       		.byte	0x10
 1381 0545 6F000000 		.4byte	0x6f
 1382 0549 05       		.uleb128 0x5
 1383 054a 03       		.byte	0x3
 1384 054b 00000000 		.4byte	flag_reset
 1385 054f 18       		.uleb128 0x18
 1386 0550 C6000000 		.4byte	.LASF32
 1387 0554 01       		.byte	0x1
 1388 0555 11       		.byte	0x11
 1389 0556 C6000000 		.4byte	0xc6
 1390 055a 05       		.uleb128 0x5
 1391 055b 03       		.byte	0x3
 1392 055c 00000000 		.4byte	index_vis
 1393 0560 18       		.uleb128 0x18
 1394 0561 EC020000 		.4byte	.LASF33
 1395 0565 01       		.byte	0x1
 1396 0566 12       		.byte	0x12
 1397 0567 CB000000 		.4byte	0xcb
 1398 056b 05       		.uleb128 0x5
 1399 056c 03       		.byte	0x3
 1400 056d 00000000 		.4byte	datos
 1401 0571 18       		.uleb128 0x18
 1402 0572 40020000 		.4byte	.LASF34
 1403 0576 01       		.byte	0x1
 1404 0577 13       		.byte	0x13
 1405 0578 82050000 		.4byte	0x582
 1406 057c 05       		.uleb128 0x5
 1407 057d 03       		.byte	0x3
 1408 057e 00000000 		.4byte	temperatura
 1409 0582 06       		.uleb128 0x6
 1410 0583 25000000 		.4byte	0x25
 1411 0587 18       		.uleb128 0x18
 1412 0588 D6020000 		.4byte	.LASF35
 1413 058c 01       		.byte	0x1
 1414 058d 14       		.byte	0x14
 1415 058e 88000000 		.4byte	0x88
 1416 0592 05       		.uleb128 0x5
 1417 0593 03       		.byte	0x3
 1418 0594 00000000 		.4byte	count_t
 1419 0598 18       		.uleb128 0x18
 1420 0599 A4020000 		.4byte	.LASF36
 1421 059d 01       		.byte	0x1
 1422 059e 15       		.byte	0x15
 1423 059f AE040000 		.4byte	0x4ae
 1424 05a3 05       		.uleb128 0x5
 1425 05a4 03       		.byte	0x3
 1426 05a5 00000000 		.4byte	valor
 1427 05a9 1A       		.uleb128 0x1a
 1428 05aa 7800     		.ascii	"x\000"
 1429 05ac 01       		.byte	0x1
 1430 05ad 16       		.byte	0x16
 1431 05ae 6F000000 		.4byte	0x6f
 1432 05b2 05       		.uleb128 0x5
 1433 05b3 03       		.byte	0x3
 1434 05b4 00000000 		.4byte	x
 1435 05b8 1A       		.uleb128 0x1a
ARM GAS  C:\Users\santa\AppData\Local\Temp\cc91iiC0.s 			page 30


 1436 05b9 7900     		.ascii	"y\000"
 1437 05bb 01       		.byte	0x1
 1438 05bc 16       		.byte	0x16
 1439 05bd 6F000000 		.4byte	0x6f
 1440 05c1 05       		.uleb128 0x5
 1441 05c2 03       		.byte	0x3
 1442 05c3 00000000 		.4byte	y
 1443 05c7 1B       		.uleb128 0x1b
 1444 05c8 00000000 		.4byte	.LASF37
 1445 05cc 00000000 		.4byte	.LASF37
 1446 05d0 06       		.byte	0x6
 1447 05d1 26       		.byte	0x26
 1448 05d2 1B       		.uleb128 0x1b
 1449 05d3 A5030000 		.4byte	.LASF38
 1450 05d7 A5030000 		.4byte	.LASF38
 1451 05db 07       		.byte	0x7
 1452 05dc 21       		.byte	0x21
 1453 05dd 1B       		.uleb128 0x1b
 1454 05de 6A000000 		.4byte	.LASF39
 1455 05e2 6A000000 		.4byte	.LASF39
 1456 05e6 08       		.byte	0x8
 1457 05e7 14       		.byte	0x14
 1458 05e8 1B       		.uleb128 0x1b
 1459 05e9 8D030000 		.4byte	.LASF40
 1460 05ed 8D030000 		.4byte	.LASF40
 1461 05f1 09       		.byte	0x9
 1462 05f2 76       		.byte	0x76
 1463 05f3 1B       		.uleb128 0x1b
 1464 05f4 C4010000 		.4byte	.LASF41
 1465 05f8 C4010000 		.4byte	.LASF41
 1466 05fc 0A       		.byte	0xa
 1467 05fd 28       		.byte	0x28
 1468 05fe 1B       		.uleb128 0x1b
 1469 05ff AA020000 		.4byte	.LASF42
 1470 0603 AA020000 		.4byte	.LASF42
 1471 0607 0B       		.byte	0xb
 1472 0608 3D       		.byte	0x3d
 1473 0609 1B       		.uleb128 0x1b
 1474 060a 4C010000 		.4byte	.LASF43
 1475 060e 4C010000 		.4byte	.LASF43
 1476 0612 0C       		.byte	0xc
 1477 0613 E7       		.byte	0xe7
 1478 0614 1B       		.uleb128 0x1b
 1479 0615 8A010000 		.4byte	.LASF44
 1480 0619 8A010000 		.4byte	.LASF44
 1481 061d 0B       		.byte	0xb
 1482 061e 3C       		.byte	0x3c
 1483 061f 1B       		.uleb128 0x1b
 1484 0620 2A000000 		.4byte	.LASF45
 1485 0624 2A000000 		.4byte	.LASF45
 1486 0628 07       		.byte	0x7
 1487 0629 23       		.byte	0x23
 1488 062a 1B       		.uleb128 0x1b
 1489 062b 22020000 		.4byte	.LASF46
 1490 062f 22020000 		.4byte	.LASF46
 1491 0633 0D       		.byte	0xd
 1492 0634 3F       		.byte	0x3f
ARM GAS  C:\Users\santa\AppData\Local\Temp\cc91iiC0.s 			page 31


 1493 0635 1B       		.uleb128 0x1b
 1494 0636 AB000000 		.4byte	.LASF47
 1495 063a AB000000 		.4byte	.LASF47
 1496 063e 0E       		.byte	0xe
 1497 063f 5B       		.byte	0x5b
 1498 0640 1B       		.uleb128 0x1b
 1499 0641 1F010000 		.4byte	.LASF48
 1500 0645 1F010000 		.4byte	.LASF48
 1501 0649 0D       		.byte	0xd
 1502 064a 35       		.byte	0x35
 1503 064b 1B       		.uleb128 0x1b
 1504 064c 19000000 		.4byte	.LASF49
 1505 0650 19000000 		.4byte	.LASF49
 1506 0654 0B       		.byte	0xb
 1507 0655 3A       		.byte	0x3a
 1508 0656 1B       		.uleb128 0x1b
 1509 0657 E3010000 		.4byte	.LASF50
 1510 065b E3010000 		.4byte	.LASF50
 1511 065f 07       		.byte	0x7
 1512 0660 1F       		.byte	0x1f
 1513 0661 1B       		.uleb128 0x1b
 1514 0662 4C020000 		.4byte	.LASF51
 1515 0666 4C020000 		.4byte	.LASF51
 1516 066a 0E       		.byte	0xe
 1517 066b 5A       		.byte	0x5a
 1518 066c 1B       		.uleb128 0x1b
 1519 066d B7020000 		.4byte	.LASF52
 1520 0671 B7020000 		.4byte	.LASF52
 1521 0675 0D       		.byte	0xd
 1522 0676 D1       		.byte	0xd1
 1523 0677 1B       		.uleb128 0x1b
 1524 0678 97000000 		.4byte	.LASF53
 1525 067c 97000000 		.4byte	.LASF53
 1526 0680 0D       		.byte	0xd
 1527 0681 39       		.byte	0x39
 1528 0682 1B       		.uleb128 0x1b
 1529 0683 95030000 		.4byte	.LASF54
 1530 0687 95030000 		.4byte	.LASF54
 1531 068b 0D       		.byte	0xd
 1532 068c 3B       		.byte	0x3b
 1533 068d 1B       		.uleb128 0x1b
 1534 068e 01010000 		.4byte	.LASF55
 1535 0692 01010000 		.4byte	.LASF55
 1536 0696 07       		.byte	0x7
 1537 0697 25       		.byte	0x25
 1538 0698 1B       		.uleb128 0x1b
 1539 0699 9A010000 		.4byte	.LASF56
 1540 069d 9A010000 		.4byte	.LASF56
 1541 06a1 0F       		.byte	0xf
 1542 06a2 18       		.byte	0x18
 1543 06a3 1B       		.uleb128 0x1b
 1544 06a4 44000000 		.4byte	.LASF57
 1545 06a8 44000000 		.4byte	.LASF57
 1546 06ac 0A       		.byte	0xa
 1547 06ad 18       		.byte	0x18
 1548 06ae 1B       		.uleb128 0x1b
 1549 06af EE000000 		.4byte	.LASF58
ARM GAS  C:\Users\santa\AppData\Local\Temp\cc91iiC0.s 			page 32


 1550 06b3 EE000000 		.4byte	.LASF58
 1551 06b7 0D       		.byte	0xd
 1552 06b8 34       		.byte	0x34
 1553 06b9 1B       		.uleb128 0x1b
 1554 06ba 28010000 		.4byte	.LASF59
 1555 06be 28010000 		.4byte	.LASF59
 1556 06c2 0B       		.byte	0xb
 1557 06c3 38       		.byte	0x38
 1558 06c4 00       		.byte	0
 1559              		.section	.debug_abbrev,"",%progbits
 1560              	.Ldebug_abbrev0:
 1561 0000 01       		.uleb128 0x1
 1562 0001 11       		.uleb128 0x11
 1563 0002 01       		.byte	0x1
 1564 0003 25       		.uleb128 0x25
 1565 0004 0E       		.uleb128 0xe
 1566 0005 13       		.uleb128 0x13
 1567 0006 0B       		.uleb128 0xb
 1568 0007 03       		.uleb128 0x3
 1569 0008 0E       		.uleb128 0xe
 1570 0009 1B       		.uleb128 0x1b
 1571 000a 0E       		.uleb128 0xe
 1572 000b 55       		.uleb128 0x55
 1573 000c 17       		.uleb128 0x17
 1574 000d 11       		.uleb128 0x11
 1575 000e 01       		.uleb128 0x1
 1576 000f 10       		.uleb128 0x10
 1577 0010 17       		.uleb128 0x17
 1578 0011 00       		.byte	0
 1579 0012 00       		.byte	0
 1580 0013 02       		.uleb128 0x2
 1581 0014 24       		.uleb128 0x24
 1582 0015 00       		.byte	0
 1583 0016 0B       		.uleb128 0xb
 1584 0017 0B       		.uleb128 0xb
 1585 0018 3E       		.uleb128 0x3e
 1586 0019 0B       		.uleb128 0xb
 1587 001a 03       		.uleb128 0x3
 1588 001b 0E       		.uleb128 0xe
 1589 001c 00       		.byte	0
 1590 001d 00       		.byte	0
 1591 001e 03       		.uleb128 0x3
 1592 001f 16       		.uleb128 0x16
 1593 0020 00       		.byte	0
 1594 0021 03       		.uleb128 0x3
 1595 0022 0E       		.uleb128 0xe
 1596 0023 3A       		.uleb128 0x3a
 1597 0024 0B       		.uleb128 0xb
 1598 0025 3B       		.uleb128 0x3b
 1599 0026 0B       		.uleb128 0xb
 1600 0027 49       		.uleb128 0x49
 1601 0028 13       		.uleb128 0x13
 1602 0029 00       		.byte	0
 1603 002a 00       		.byte	0
 1604 002b 04       		.uleb128 0x4
 1605 002c 24       		.uleb128 0x24
 1606 002d 00       		.byte	0
ARM GAS  C:\Users\santa\AppData\Local\Temp\cc91iiC0.s 			page 33


 1607 002e 0B       		.uleb128 0xb
 1608 002f 0B       		.uleb128 0xb
 1609 0030 3E       		.uleb128 0x3e
 1610 0031 0B       		.uleb128 0xb
 1611 0032 03       		.uleb128 0x3
 1612 0033 08       		.uleb128 0x8
 1613 0034 00       		.byte	0
 1614 0035 00       		.byte	0
 1615 0036 05       		.uleb128 0x5
 1616 0037 16       		.uleb128 0x16
 1617 0038 00       		.byte	0
 1618 0039 03       		.uleb128 0x3
 1619 003a 0E       		.uleb128 0xe
 1620 003b 3A       		.uleb128 0x3a
 1621 003c 0B       		.uleb128 0xb
 1622 003d 3B       		.uleb128 0x3b
 1623 003e 05       		.uleb128 0x5
 1624 003f 49       		.uleb128 0x49
 1625 0040 13       		.uleb128 0x13
 1626 0041 00       		.byte	0
 1627 0042 00       		.byte	0
 1628 0043 06       		.uleb128 0x6
 1629 0044 35       		.uleb128 0x35
 1630 0045 00       		.byte	0
 1631 0046 49       		.uleb128 0x49
 1632 0047 13       		.uleb128 0x13
 1633 0048 00       		.byte	0
 1634 0049 00       		.byte	0
 1635 004a 07       		.uleb128 0x7
 1636 004b 0F       		.uleb128 0xf
 1637 004c 00       		.byte	0
 1638 004d 0B       		.uleb128 0xb
 1639 004e 0B       		.uleb128 0xb
 1640 004f 49       		.uleb128 0x49
 1641 0050 13       		.uleb128 0x13
 1642 0051 00       		.byte	0
 1643 0052 00       		.byte	0
 1644 0053 08       		.uleb128 0x8
 1645 0054 2E       		.uleb128 0x2e
 1646 0055 01       		.byte	0x1
 1647 0056 3F       		.uleb128 0x3f
 1648 0057 19       		.uleb128 0x19
 1649 0058 03       		.uleb128 0x3
 1650 0059 0E       		.uleb128 0xe
 1651 005a 3A       		.uleb128 0x3a
 1652 005b 0B       		.uleb128 0xb
 1653 005c 3B       		.uleb128 0x3b
 1654 005d 0B       		.uleb128 0xb
 1655 005e 27       		.uleb128 0x27
 1656 005f 19       		.uleb128 0x19
 1657 0060 11       		.uleb128 0x11
 1658 0061 01       		.uleb128 0x1
 1659 0062 12       		.uleb128 0x12
 1660 0063 06       		.uleb128 0x6
 1661 0064 40       		.uleb128 0x40
 1662 0065 18       		.uleb128 0x18
 1663 0066 9642     		.uleb128 0x2116
ARM GAS  C:\Users\santa\AppData\Local\Temp\cc91iiC0.s 			page 34


 1664 0068 19       		.uleb128 0x19
 1665 0069 01       		.uleb128 0x1
 1666 006a 13       		.uleb128 0x13
 1667 006b 00       		.byte	0
 1668 006c 00       		.byte	0
 1669 006d 09       		.uleb128 0x9
 1670 006e 898201   		.uleb128 0x4109
 1671 0071 01       		.byte	0x1
 1672 0072 11       		.uleb128 0x11
 1673 0073 01       		.uleb128 0x1
 1674 0074 31       		.uleb128 0x31
 1675 0075 13       		.uleb128 0x13
 1676 0076 01       		.uleb128 0x1
 1677 0077 13       		.uleb128 0x13
 1678 0078 00       		.byte	0
 1679 0079 00       		.byte	0
 1680 007a 0A       		.uleb128 0xa
 1681 007b 8A8201   		.uleb128 0x410a
 1682 007e 00       		.byte	0
 1683 007f 02       		.uleb128 0x2
 1684 0080 18       		.uleb128 0x18
 1685 0081 9142     		.uleb128 0x2111
 1686 0083 18       		.uleb128 0x18
 1687 0084 00       		.byte	0
 1688 0085 00       		.byte	0
 1689 0086 0B       		.uleb128 0xb
 1690 0087 898201   		.uleb128 0x4109
 1691 008a 01       		.byte	0x1
 1692 008b 11       		.uleb128 0x11
 1693 008c 01       		.uleb128 0x1
 1694 008d 31       		.uleb128 0x31
 1695 008e 13       		.uleb128 0x13
 1696 008f 00       		.byte	0
 1697 0090 00       		.byte	0
 1698 0091 0C       		.uleb128 0xc
 1699 0092 2E       		.uleb128 0x2e
 1700 0093 01       		.byte	0x1
 1701 0094 3F       		.uleb128 0x3f
 1702 0095 19       		.uleb128 0x19
 1703 0096 03       		.uleb128 0x3
 1704 0097 0E       		.uleb128 0xe
 1705 0098 3A       		.uleb128 0x3a
 1706 0099 0B       		.uleb128 0xb
 1707 009a 3B       		.uleb128 0x3b
 1708 009b 0B       		.uleb128 0xb
 1709 009c 27       		.uleb128 0x27
 1710 009d 19       		.uleb128 0x19
 1711 009e 11       		.uleb128 0x11
 1712 009f 01       		.uleb128 0x1
 1713 00a0 12       		.uleb128 0x12
 1714 00a1 06       		.uleb128 0x6
 1715 00a2 40       		.uleb128 0x40
 1716 00a3 18       		.uleb128 0x18
 1717 00a4 9742     		.uleb128 0x2117
 1718 00a6 19       		.uleb128 0x19
 1719 00a7 01       		.uleb128 0x1
 1720 00a8 13       		.uleb128 0x13
ARM GAS  C:\Users\santa\AppData\Local\Temp\cc91iiC0.s 			page 35


 1721 00a9 00       		.byte	0
 1722 00aa 00       		.byte	0
 1723 00ab 0D       		.uleb128 0xd
 1724 00ac 34       		.uleb128 0x34
 1725 00ad 00       		.byte	0
 1726 00ae 03       		.uleb128 0x3
 1727 00af 08       		.uleb128 0x8
 1728 00b0 3A       		.uleb128 0x3a
 1729 00b1 0B       		.uleb128 0xb
 1730 00b2 3B       		.uleb128 0x3b
 1731 00b3 0B       		.uleb128 0xb
 1732 00b4 49       		.uleb128 0x49
 1733 00b5 13       		.uleb128 0x13
 1734 00b6 02       		.uleb128 0x2
 1735 00b7 17       		.uleb128 0x17
 1736 00b8 00       		.byte	0
 1737 00b9 00       		.byte	0
 1738 00ba 0E       		.uleb128 0xe
 1739 00bb 898201   		.uleb128 0x4109
 1740 00be 00       		.byte	0
 1741 00bf 11       		.uleb128 0x11
 1742 00c0 01       		.uleb128 0x1
 1743 00c1 31       		.uleb128 0x31
 1744 00c2 13       		.uleb128 0x13
 1745 00c3 00       		.byte	0
 1746 00c4 00       		.byte	0
 1747 00c5 0F       		.uleb128 0xf
 1748 00c6 05       		.uleb128 0x5
 1749 00c7 00       		.byte	0
 1750 00c8 03       		.uleb128 0x3
 1751 00c9 0E       		.uleb128 0xe
 1752 00ca 3A       		.uleb128 0x3a
 1753 00cb 0B       		.uleb128 0xb
 1754 00cc 3B       		.uleb128 0x3b
 1755 00cd 0B       		.uleb128 0xb
 1756 00ce 49       		.uleb128 0x49
 1757 00cf 13       		.uleb128 0x13
 1758 00d0 02       		.uleb128 0x2
 1759 00d1 17       		.uleb128 0x17
 1760 00d2 00       		.byte	0
 1761 00d3 00       		.byte	0
 1762 00d4 10       		.uleb128 0x10
 1763 00d5 34       		.uleb128 0x34
 1764 00d6 00       		.byte	0
 1765 00d7 03       		.uleb128 0x3
 1766 00d8 0E       		.uleb128 0xe
 1767 00d9 3A       		.uleb128 0x3a
 1768 00da 0B       		.uleb128 0xb
 1769 00db 3B       		.uleb128 0x3b
 1770 00dc 0B       		.uleb128 0xb
 1771 00dd 49       		.uleb128 0x49
 1772 00de 13       		.uleb128 0x13
 1773 00df 02       		.uleb128 0x2
 1774 00e0 18       		.uleb128 0x18
 1775 00e1 00       		.byte	0
 1776 00e2 00       		.byte	0
 1777 00e3 11       		.uleb128 0x11
ARM GAS  C:\Users\santa\AppData\Local\Temp\cc91iiC0.s 			page 36


 1778 00e4 2E       		.uleb128 0x2e
 1779 00e5 01       		.byte	0x1
 1780 00e6 3F       		.uleb128 0x3f
 1781 00e7 19       		.uleb128 0x19
 1782 00e8 03       		.uleb128 0x3
 1783 00e9 0E       		.uleb128 0xe
 1784 00ea 3A       		.uleb128 0x3a
 1785 00eb 0B       		.uleb128 0xb
 1786 00ec 3B       		.uleb128 0x3b
 1787 00ed 0B       		.uleb128 0xb
 1788 00ee 11       		.uleb128 0x11
 1789 00ef 01       		.uleb128 0x1
 1790 00f0 12       		.uleb128 0x12
 1791 00f1 06       		.uleb128 0x6
 1792 00f2 40       		.uleb128 0x40
 1793 00f3 18       		.uleb128 0x18
 1794 00f4 9642     		.uleb128 0x2116
 1795 00f6 19       		.uleb128 0x19
 1796 00f7 01       		.uleb128 0x1
 1797 00f8 13       		.uleb128 0x13
 1798 00f9 00       		.byte	0
 1799 00fa 00       		.byte	0
 1800 00fb 12       		.uleb128 0x12
 1801 00fc 0B       		.uleb128 0xb
 1802 00fd 01       		.byte	0x1
 1803 00fe 11       		.uleb128 0x11
 1804 00ff 01       		.uleb128 0x1
 1805 0100 12       		.uleb128 0x12
 1806 0101 06       		.uleb128 0x6
 1807 0102 00       		.byte	0
 1808 0103 00       		.byte	0
 1809 0104 13       		.uleb128 0x13
 1810 0105 2E       		.uleb128 0x2e
 1811 0106 01       		.byte	0x1
 1812 0107 3F       		.uleb128 0x3f
 1813 0108 19       		.uleb128 0x19
 1814 0109 03       		.uleb128 0x3
 1815 010a 0E       		.uleb128 0xe
 1816 010b 3A       		.uleb128 0x3a
 1817 010c 0B       		.uleb128 0xb
 1818 010d 3B       		.uleb128 0x3b
 1819 010e 0B       		.uleb128 0xb
 1820 010f 27       		.uleb128 0x27
 1821 0110 19       		.uleb128 0x19
 1822 0111 49       		.uleb128 0x49
 1823 0112 13       		.uleb128 0x13
 1824 0113 8701     		.uleb128 0x87
 1825 0115 19       		.uleb128 0x19
 1826 0116 11       		.uleb128 0x11
 1827 0117 01       		.uleb128 0x1
 1828 0118 12       		.uleb128 0x12
 1829 0119 06       		.uleb128 0x6
 1830 011a 40       		.uleb128 0x40
 1831 011b 18       		.uleb128 0x18
 1832 011c 9642     		.uleb128 0x2116
 1833 011e 19       		.uleb128 0x19
 1834 011f 01       		.uleb128 0x1
ARM GAS  C:\Users\santa\AppData\Local\Temp\cc91iiC0.s 			page 37


 1835 0120 13       		.uleb128 0x13
 1836 0121 00       		.byte	0
 1837 0122 00       		.byte	0
 1838 0123 14       		.uleb128 0x14
 1839 0124 0B       		.uleb128 0xb
 1840 0125 01       		.byte	0x1
 1841 0126 11       		.uleb128 0x11
 1842 0127 01       		.uleb128 0x1
 1843 0128 12       		.uleb128 0x12
 1844 0129 06       		.uleb128 0x6
 1845 012a 01       		.uleb128 0x1
 1846 012b 13       		.uleb128 0x13
 1847 012c 00       		.byte	0
 1848 012d 00       		.byte	0
 1849 012e 15       		.uleb128 0x15
 1850 012f 34       		.uleb128 0x34
 1851 0130 00       		.byte	0
 1852 0131 03       		.uleb128 0x3
 1853 0132 08       		.uleb128 0x8
 1854 0133 3A       		.uleb128 0x3a
 1855 0134 0B       		.uleb128 0xb
 1856 0135 3B       		.uleb128 0x3b
 1857 0136 0B       		.uleb128 0xb
 1858 0137 49       		.uleb128 0x49
 1859 0138 13       		.uleb128 0x13
 1860 0139 02       		.uleb128 0x2
 1861 013a 18       		.uleb128 0x18
 1862 013b 00       		.byte	0
 1863 013c 00       		.byte	0
 1864 013d 16       		.uleb128 0x16
 1865 013e 01       		.uleb128 0x1
 1866 013f 01       		.byte	0x1
 1867 0140 49       		.uleb128 0x49
 1868 0141 13       		.uleb128 0x13
 1869 0142 01       		.uleb128 0x1
 1870 0143 13       		.uleb128 0x13
 1871 0144 00       		.byte	0
 1872 0145 00       		.byte	0
 1873 0146 17       		.uleb128 0x17
 1874 0147 21       		.uleb128 0x21
 1875 0148 00       		.byte	0
 1876 0149 49       		.uleb128 0x49
 1877 014a 13       		.uleb128 0x13
 1878 014b 2F       		.uleb128 0x2f
 1879 014c 0B       		.uleb128 0xb
 1880 014d 00       		.byte	0
 1881 014e 00       		.byte	0
 1882 014f 18       		.uleb128 0x18
 1883 0150 34       		.uleb128 0x34
 1884 0151 00       		.byte	0
 1885 0152 03       		.uleb128 0x3
 1886 0153 0E       		.uleb128 0xe
 1887 0154 3A       		.uleb128 0x3a
 1888 0155 0B       		.uleb128 0xb
 1889 0156 3B       		.uleb128 0x3b
 1890 0157 0B       		.uleb128 0xb
 1891 0158 49       		.uleb128 0x49
ARM GAS  C:\Users\santa\AppData\Local\Temp\cc91iiC0.s 			page 38


 1892 0159 13       		.uleb128 0x13
 1893 015a 3F       		.uleb128 0x3f
 1894 015b 19       		.uleb128 0x19
 1895 015c 02       		.uleb128 0x2
 1896 015d 18       		.uleb128 0x18
 1897 015e 00       		.byte	0
 1898 015f 00       		.byte	0
 1899 0160 19       		.uleb128 0x19
 1900 0161 34       		.uleb128 0x34
 1901 0162 00       		.byte	0
 1902 0163 03       		.uleb128 0x3
 1903 0164 0E       		.uleb128 0xe
 1904 0165 3A       		.uleb128 0x3a
 1905 0166 0B       		.uleb128 0xb
 1906 0167 3B       		.uleb128 0x3b
 1907 0168 05       		.uleb128 0x5
 1908 0169 49       		.uleb128 0x49
 1909 016a 13       		.uleb128 0x13
 1910 016b 3F       		.uleb128 0x3f
 1911 016c 19       		.uleb128 0x19
 1912 016d 3C       		.uleb128 0x3c
 1913 016e 19       		.uleb128 0x19
 1914 016f 00       		.byte	0
 1915 0170 00       		.byte	0
 1916 0171 1A       		.uleb128 0x1a
 1917 0172 34       		.uleb128 0x34
 1918 0173 00       		.byte	0
 1919 0174 03       		.uleb128 0x3
 1920 0175 08       		.uleb128 0x8
 1921 0176 3A       		.uleb128 0x3a
 1922 0177 0B       		.uleb128 0xb
 1923 0178 3B       		.uleb128 0x3b
 1924 0179 0B       		.uleb128 0xb
 1925 017a 49       		.uleb128 0x49
 1926 017b 13       		.uleb128 0x13
 1927 017c 3F       		.uleb128 0x3f
 1928 017d 19       		.uleb128 0x19
 1929 017e 02       		.uleb128 0x2
 1930 017f 18       		.uleb128 0x18
 1931 0180 00       		.byte	0
 1932 0181 00       		.byte	0
 1933 0182 1B       		.uleb128 0x1b
 1934 0183 2E       		.uleb128 0x2e
 1935 0184 00       		.byte	0
 1936 0185 3F       		.uleb128 0x3f
 1937 0186 19       		.uleb128 0x19
 1938 0187 3C       		.uleb128 0x3c
 1939 0188 19       		.uleb128 0x19
 1940 0189 6E       		.uleb128 0x6e
 1941 018a 0E       		.uleb128 0xe
 1942 018b 03       		.uleb128 0x3
 1943 018c 0E       		.uleb128 0xe
 1944 018d 3A       		.uleb128 0x3a
 1945 018e 0B       		.uleb128 0xb
 1946 018f 3B       		.uleb128 0x3b
 1947 0190 0B       		.uleb128 0xb
 1948 0191 00       		.byte	0
ARM GAS  C:\Users\santa\AppData\Local\Temp\cc91iiC0.s 			page 39


 1949 0192 00       		.byte	0
 1950 0193 00       		.byte	0
 1951              		.section	.debug_loc,"",%progbits
 1952              	.Ldebug_loc0:
 1953              	.LLST0:
 1954 0000 08000000 		.4byte	.LVL4
 1955 0004 80000000 		.4byte	.LVL7
 1956 0008 0100     		.2byte	0x1
 1957 000a 54       		.byte	0x54
 1958 000b 00000000 		.4byte	0
 1959 000f 00000000 		.4byte	0
 1960              	.LLST1:
 1961 0013 00000000 		.4byte	.LVL8
 1962 0017 0C000000 		.4byte	.LVL10
 1963 001b 0100     		.2byte	0x1
 1964 001d 50       		.byte	0x50
 1965 001e 0C000000 		.4byte	.LVL10
 1966 0022 18000000 		.4byte	.LVL13
 1967 0026 0100     		.2byte	0x1
 1968 0028 55       		.byte	0x55
 1969 0029 18000000 		.4byte	.LVL13
 1970 002d 60000000 		.4byte	.LFE67
 1971 0031 0600     		.2byte	0x6
 1972 0033 F3       		.byte	0xf3
 1973 0034 03       		.uleb128 0x3
 1974 0035 F5       		.byte	0xf5
 1975 0036 00       		.uleb128 0
 1976 0037 25       		.uleb128 0x25
 1977 0038 9F       		.byte	0x9f
 1978 0039 00000000 		.4byte	0
 1979 003d 00000000 		.4byte	0
 1980              	.LLST2:
 1981 0041 02000000 		.4byte	.LVL16
 1982 0045 06000000 		.4byte	.LVL17
 1983 0049 0200     		.2byte	0x2
 1984 004b 30       		.byte	0x30
 1985 004c 9F       		.byte	0x9f
 1986 004d 06000000 		.4byte	.LVL17
 1987 0051 2A000000 		.4byte	.LVL22
 1988 0055 0100     		.2byte	0x1
 1989 0057 54       		.byte	0x54
 1990 0058 00000000 		.4byte	0
 1991 005c 00000000 		.4byte	0
 1992              	.LLST3:
 1993 0060 BA000000 		.4byte	.LVL49
 1994 0064 CE000000 		.4byte	.LVL50
 1995 0068 0100     		.2byte	0x1
 1996 006a 50       		.byte	0x50
 1997 006b CE000000 		.4byte	.LVL50
 1998 006f D1000000 		.4byte	.LVL51-1
 1999 0073 0100     		.2byte	0x1
 2000 0075 52       		.byte	0x52
 2001 0076 00000000 		.4byte	0
 2002 007a 00000000 		.4byte	0
 2003              		.section	.debug_aranges,"",%progbits
 2004 0000 44000000 		.4byte	0x44
 2005 0004 0200     		.2byte	0x2
ARM GAS  C:\Users\santa\AppData\Local\Temp\cc91iiC0.s 			page 40


 2006 0006 00000000 		.4byte	.Ldebug_info0
 2007 000a 04       		.byte	0x4
 2008 000b 00       		.byte	0
 2009 000c 0000     		.2byte	0
 2010 000e 0000     		.2byte	0
 2011 0010 00000000 		.4byte	.LFB64
 2012 0014 48000000 		.4byte	.LFE64-.LFB64
 2013 0018 00000000 		.4byte	.LFB65
 2014 001c 84000000 		.4byte	.LFE65-.LFB65
 2015 0020 00000000 		.4byte	.LFB67
 2016 0024 60000000 		.4byte	.LFE67-.LFB67
 2017 0028 00000000 		.4byte	.LFB66
 2018 002c 30000000 		.4byte	.LFE66-.LFB66
 2019 0030 00000000 		.4byte	.LFB68
 2020 0034 2C000000 		.4byte	.LFE68-.LFB68
 2021 0038 00000000 		.4byte	.LFB69
 2022 003c 44010000 		.4byte	.LFE69-.LFB69
 2023 0040 00000000 		.4byte	0
 2024 0044 00000000 		.4byte	0
 2025              		.section	.debug_ranges,"",%progbits
 2026              	.Ldebug_ranges0:
 2027 0000 00000000 		.4byte	.LFB64
 2028 0004 48000000 		.4byte	.LFE64
 2029 0008 00000000 		.4byte	.LFB65
 2030 000c 84000000 		.4byte	.LFE65
 2031 0010 00000000 		.4byte	.LFB67
 2032 0014 60000000 		.4byte	.LFE67
 2033 0018 00000000 		.4byte	.LFB66
 2034 001c 30000000 		.4byte	.LFE66
 2035 0020 00000000 		.4byte	.LFB68
 2036 0024 2C000000 		.4byte	.LFE68
 2037 0028 00000000 		.4byte	.LFB69
 2038 002c 44010000 		.4byte	.LFE69
 2039 0030 00000000 		.4byte	0
 2040 0034 00000000 		.4byte	0
 2041              		.section	.debug_line,"",%progbits
 2042              	.Ldebug_line0:
 2043 0000 FA020000 		.section	.debug_str,"MS",%progbits,1
 2043      02003002 
 2043      00000201 
 2043      FB0E0D00 
 2043      01010101 
 2044              	.LASF37:
 2045 0000 70696E5F 		.ascii	"pin_Write\000"
 2045      57726974 
 2045      6500
 2046              	.LASF15:
 2047 000a 646F7562 		.ascii	"double\000"
 2047      6C6500
 2048              	.LASF14:
 2049 0011 666C6F61 		.ascii	"float32\000"
 2049      74333200 
 2050              	.LASF49:
 2051 0019 4C43445F 		.ascii	"LCD_WriteControl\000"
 2051      57726974 
 2051      65436F6E 
 2051      74726F6C 
ARM GAS  C:\Users\santa\AppData\Local\Temp\cc91iiC0.s 			page 41


 2051      00
 2052              	.LASF45:
 2053 002a 45455052 		.ascii	"EEPROM_ReadByte\000"
 2053      4F4D5F52 
 2053      65616442 
 2053      79746500 
 2054              	.LASF30:
 2055 003a 666C6167 		.ascii	"flag_stop\000"
 2055      5F73746F 
 2055      7000
 2056              	.LASF57:
 2057 0044 6973725F 		.ascii	"isr_press_StartEx\000"
 2057      70726573 
 2057      735F5374 
 2057      61727445 
 2057      7800
 2058              	.LASF19:
 2059 0056 73697A65 		.ascii	"sizetype\000"
 2059      74797065 
 2059      00
 2060              	.LASF16:
 2061 005f 63686172 		.ascii	"char8\000"
 2061      3800
 2062              	.LASF64:
 2063 0065 6D61696E 		.ascii	"main\000"
 2063      00
 2064              	.LASF39:
 2065 006a 4B657970 		.ascii	"Keypad_1_GetButton\000"
 2065      61645F31 
 2065      5F476574 
 2065      42757474 
 2065      6F6E00
 2066              	.LASF25:
 2067 007d 636F6E76 		.ascii	"conversion_temp\000"
 2067      65727369 
 2067      6F6E5F74 
 2067      656D7000 
 2068              	.LASF3:
 2069 008d 73686F72 		.ascii	"short int\000"
 2069      7420696E 
 2069      7400
 2070              	.LASF53:
 2071 0097 4144435F 		.ascii	"ADC_IsEndConversion\000"
 2071      4973456E 
 2071      64436F6E 
 2071      76657273 
 2071      696F6E00 
 2072              	.LASF47:
 2073 00ab 54696D65 		.ascii	"Timer_Stop\000"
 2073      725F5374 
 2073      6F7000
 2074              	.LASF12:
 2075 00b6 75696E74 		.ascii	"uint8\000"
 2075      3800
 2076              	.LASF29:
 2077 00bc 666C6167 		.ascii	"flag_cont\000"
 2077      5F636F6E 
ARM GAS  C:\Users\santa\AppData\Local\Temp\cc91iiC0.s 			page 42


 2077      7400
 2078              	.LASF32:
 2079 00c6 696E6465 		.ascii	"index_vis\000"
 2079      785F7669 
 2079      7300
 2080              	.LASF0:
 2081 00d0 666C6F61 		.ascii	"float\000"
 2081      7400
 2082              	.LASF21:
 2083 00d6 70726573 		.ascii	"press_ISR\000"
 2083      735F4953 
 2083      5200
 2084              	.LASF7:
 2085 00e0 6C6F6E67 		.ascii	"long long int\000"
 2085      206C6F6E 
 2085      6720696E 
 2085      7400
 2086              	.LASF58:
 2087 00ee 4144435F 		.ascii	"ADC_Start\000"
 2087      53746172 
 2087      7400
 2088              	.LASF5:
 2089 00f8 6C6F6E67 		.ascii	"long int\000"
 2089      20696E74 
 2089      00
 2090              	.LASF55:
 2091 0101 45455052 		.ascii	"EEPROM_EraseSector\000"
 2091      4F4D5F45 
 2091      72617365 
 2091      53656374 
 2091      6F7200
 2092              	.LASF31:
 2093 0114 666C6167 		.ascii	"flag_reset\000"
 2093      5F726573 
 2093      657400
 2094              	.LASF48:
 2095 011f 4144435F 		.ascii	"ADC_Stop\000"
 2095      53746F70 
 2095      00
 2096              	.LASF59:
 2097 0128 4C43445F 		.ascii	"LCD_Start\000"
 2097      53746172 
 2097      7400
 2098              	.LASF18:
 2099 0132 6C6F6E67 		.ascii	"long double\000"
 2099      20646F75 
 2099      626C6500 
 2100              	.LASF2:
 2101 013e 756E7369 		.ascii	"unsigned char\000"
 2101      676E6564 
 2101      20636861 
 2101      7200
 2102              	.LASF43:
 2103 014c 73707269 		.ascii	"sprintf\000"
 2103      6E746600 
 2104              	.LASF20:
 2105 0154 54696D65 		.ascii	"Timer\000"
ARM GAS  C:\Users\santa\AppData\Local\Temp\cc91iiC0.s 			page 43


 2105      7200
 2106              	.LASF1:
 2107 015a 7369676E 		.ascii	"signed char\000"
 2107      65642063 
 2107      68617200 
 2108              	.LASF8:
 2109 0166 6C6F6E67 		.ascii	"long long unsigned int\000"
 2109      206C6F6E 
 2109      6720756E 
 2109      7369676E 
 2109      65642069 
 2110              	.LASF9:
 2111 017d 756E7369 		.ascii	"unsigned int\000"
 2111      676E6564 
 2111      20696E74 
 2111      00
 2112              	.LASF44:
 2113 018a 4C43445F 		.ascii	"LCD_PrintString\000"
 2113      5072696E 
 2113      74537472 
 2113      696E6700 
 2114              	.LASF56:
 2115 019a 6973725F 		.ascii	"isr_timer_StartEx\000"
 2115      74696D65 
 2115      725F5374 
 2115      61727445 
 2115      7800
 2116              	.LASF4:
 2117 01ac 73686F72 		.ascii	"short unsigned int\000"
 2117      7420756E 
 2117      7369676E 
 2117      65642069 
 2117      6E7400
 2118              	.LASF17:
 2119 01bf 63686172 		.ascii	"char\000"
 2119      00
 2120              	.LASF41:
 2121 01c4 6973725F 		.ascii	"isr_press_ClearPending\000"
 2121      70726573 
 2121      735F436C 
 2121      65617250 
 2121      656E6469 
 2122              	.LASF11:
 2123 01db 696E7433 		.ascii	"int32_t\000"
 2123      325F7400 
 2124              	.LASF50:
 2125 01e3 45455052 		.ascii	"EEPROM_Start\000"
 2125      4F4D5F53 
 2125      74617274 
 2125      00
 2126              	.LASF26:
 2127 01f0 4B657970 		.ascii	"Keypad_1_Key\000"
 2127      61645F31 
 2127      5F4B6579 
 2127      00
 2128              	.LASF13:
 2129 01fd 75696E74 		.ascii	"uint32\000"
ARM GAS  C:\Users\santa\AppData\Local\Temp\cc91iiC0.s 			page 44


 2129      333200
 2130              	.LASF61:
 2131 0204 6D61696E 		.ascii	"main.c\000"
 2131      2E6300
 2132              	.LASF6:
 2133 020b 6C6F6E67 		.ascii	"long unsigned int\000"
 2133      20756E73 
 2133      69676E65 
 2133      6420696E 
 2133      7400
 2134              	.LASF63:
 2135 021d 6461746F 		.ascii	"dato\000"
 2135      00
 2136              	.LASF46:
 2137 0222 4144435F 		.ascii	"ADC_CountsTo_mVolts\000"
 2137      436F756E 
 2137      7473546F 
 2137      5F6D566F 
 2137      6C747300 
 2138              	.LASF24:
 2139 0236 52656164 		.ascii	"Read_Data\000"
 2139      5F446174 
 2139      6100
 2140              	.LASF34:
 2141 0240 74656D70 		.ascii	"temperatura\000"
 2141      65726174 
 2141      75726100 
 2142              	.LASF51:
 2143 024c 54696D65 		.ascii	"Timer_Start\000"
 2143      725F5374 
 2143      61727400 
 2144              	.LASF62:
 2145 0258 433A5C55 		.ascii	"C:\\Users\\santa\\Documents\\PSoC Creator\\Laborato"
 2145      73657273 
 2145      5C73616E 
 2145      74615C44 
 2145      6F63756D 
 2146 0286 72696F36 		.ascii	"rio6\\Design01.cydsn\000"
 2146      5C446573 
 2146      69676E30 
 2146      312E6379 
 2146      64736E00 
 2147              	.LASF10:
 2148 029a 5F5F696E 		.ascii	"__int32_t\000"
 2148      7433325F 
 2148      7400
 2149              	.LASF36:
 2150 02a4 76616C6F 		.ascii	"valor\000"
 2150      7200
 2151              	.LASF42:
 2152 02aa 4C43445F 		.ascii	"LCD_Position\000"
 2152      506F7369 
 2152      74696F6E 
 2152      00
 2153              	.LASF52:
 2154 02b7 4144435F 		.ascii	"ADC_StartConvert\000"
 2154      53746172 
ARM GAS  C:\Users\santa\AppData\Local\Temp\cc91iiC0.s 			page 45


 2154      74436F6E 
 2154      76657274 
 2154      00
 2155              	.LASF22:
 2156 02c8 56697375 		.ascii	"Visualizacion\000"
 2156      616C697A 
 2156      6163696F 
 2156      6E00
 2157              	.LASF35:
 2158 02d6 636F756E 		.ascii	"count_t\000"
 2158      745F7400 
 2159              	.LASF23:
 2160 02de 64617461 		.ascii	"data_out\000"
 2160      5F6F7574 
 2160      00
 2161              	.LASF28:
 2162 02e7 666C6167 		.ascii	"flag\000"
 2162      00
 2163              	.LASF33:
 2164 02ec 6461746F 		.ascii	"datos\000"
 2164      7300
 2165              	.LASF27:
 2166 02f2 49544D5F 		.ascii	"ITM_RxBuffer\000"
 2166      52784275 
 2166      66666572 
 2166      00
 2167              	.LASF60:
 2168 02ff 474E5520 		.ascii	"GNU C11 5.4.1 20160609 (release) [ARM/embedded-5-br"
 2168      43313120 
 2168      352E342E 
 2168      31203230 
 2168      31363036 
 2169 0332 616E6368 		.ascii	"anch revision 237715] -mcpu=cortex-m3 -mthumb -g -O"
 2169      20726576 
 2169      6973696F 
 2169      6E203233 
 2169      37373135 
 2170 0365 67202D66 		.ascii	"g -ffunction-sections -ffat-lto-objects\000"
 2170      66756E63 
 2170      74696F6E 
 2170      2D736563 
 2170      74696F6E 
 2171              	.LASF40:
 2172 038d 43794465 		.ascii	"CyDelay\000"
 2172      6C617900 
 2173              	.LASF54:
 2174 0395 4144435F 		.ascii	"ADC_GetResult16\000"
 2174      47657452 
 2174      6573756C 
 2174      74313600 
 2175              	.LASF38:
 2176 03a5 45455052 		.ascii	"EEPROM_WriteByte\000"
 2176      4F4D5F57 
 2176      72697465 
 2176      42797465 
 2176      00
 2177              		.ident	"GCC: (GNU Tools for ARM Embedded Processors) 5.4.1 20160609 (release) [ARM/embedded-5-bran
ARM GAS  C:\Users\santa\AppData\Local\Temp\cc91iiC0.s 			page 46


